[ 2013-12-02T09:49:09+08:00 ] 127.0.0.1 /github/living/index.php/task/over
INFO: [ app_begin ] --START--
INFO: Run ReadHtmlCache Behavior [ RunTime:0.000170s ]
INFO: [ app_begin ] --END-- [ RunTime:0.000259s ]
SQL: SHOW COLUMNS FROM `task` [ RunTime:0.001173s ]
SQL: UPDATE `task` SET `state`=3 WHERE ( `id` = 56 ) [ RunTime:0.005749s ]

[ 2013-12-02T09:49:10+08:00 ] 127.0.0.1 /github/living/index.php/task/over
INFO: [ app_begin ] --START--
INFO: Run ReadHtmlCache Behavior [ RunTime:0.000131s ]
INFO: [ app_begin ] --END-- [ RunTime:0.000203s ]
SQL: SHOW COLUMNS FROM `task` [ RunTime:0.002573s ]
SQL: UPDATE `task` SET `state`=3 WHERE ( `id` = 55 ) [ RunTime:0.000986s ]

[ 2013-12-02T09:49:13+08:00 ] 127.0.0.1 /github/living/index.php/task/update
INFO: [ app_begin ] --START--
INFO: Run ReadHtmlCache Behavior [ RunTime:0.000146s ]
INFO: [ app_begin ] --END-- [ RunTime:0.000235s ]
SQL: SHOW COLUMNS FROM `task` [ RunTime:0.002566s ]
SQL: UPDATE `task` SET `title`='小伙伴玩一玩' WHERE ( `id` = 36 ) [ RunTime:0.000409s ]

[ 2013-12-02T10:40:02+08:00 ] 127.0.0.1 /github/living/index.php/task/update
INFO: [ app_begin ] --START--
INFO: Run ReadHtmlCache Behavior [ RunTime:0.000174s ]
INFO: [ app_begin ] --END-- [ RunTime:0.000270s ]
SQL: SHOW COLUMNS FROM `task` [ RunTime:0.002544s ]
SQL: UPDATE `task` SET `title`='小伙伴玩一玩' WHERE ( `id` = 36 ) [ RunTime:0.000423s ]

[ 2013-12-02T10:40:17+08:00 ] 127.0.0.1 /github/living/index.php/task/update
INFO: [ app_begin ] --START--
INFO: Run ReadHtmlCache Behavior [ RunTime:0.000117s ]
INFO: [ app_begin ] --END-- [ RunTime:0.000177s ]
SQL: SHOW COLUMNS FROM `task` [ RunTime:0.002681s ]
SQL: UPDATE `task` SET `title`='小伙伴玩一玩' WHERE ( `id` = 36 ) [ RunTime:0.000744s ]

[ 2013-12-02T10:40:17+08:00 ] 127.0.0.1 /github/living/index.php/task/update
INFO: [ app_begin ] --START--
INFO: Run ReadHtmlCache Behavior [ RunTime:0.000278s ]
INFO: [ app_begin ] --END-- [ RunTime:0.000440s ]
SQL: SHOW COLUMNS FROM `task` [ RunTime:0.003826s ]
SQL: UPDATE `task` SET `title`='小伙伴玩一玩' WHERE ( `id` = 36 ) [ RunTime:0.002043s ]

[ 2013-12-02T10:40:37+08:00 ] 127.0.0.1 /github/living/index.php/task/update
INFO: [ app_begin ] --START--
INFO: Run ReadHtmlCache Behavior [ RunTime:0.000226s ]
INFO: [ app_begin ] --END-- [ RunTime:0.000322s ]
SQL: SHOW COLUMNS FROM `task` [ RunTime:0.003070s ]
SQL: UPDATE `task` SET `title`='小伙伴玩一玩' WHERE ( `id` = 36 ) [ RunTime:0.000443s ]

[ 2013-12-02T10:40:37+08:00 ] 127.0.0.1 /github/living/index.php/task/update
INFO: [ app_begin ] --START--
INFO: Run ReadHtmlCache Behavior [ RunTime:0.000179s ]
INFO: [ app_begin ] --END-- [ RunTime:0.000276s ]
SQL: SHOW COLUMNS FROM `task` [ RunTime:0.001619s ]
SQL: UPDATE `task` SET `title`='小伙伴玩一玩' WHERE ( `id` = 36 ) [ RunTime:0.000899s ]

[ 2013-12-02T10:43:45+08:00 ] 127.0.0.1 /github/living/index.php/task/update
INFO: [ app_begin ] --START--
INFO: Run ReadHtmlCache Behavior [ RunTime:0.000135s ]
INFO: [ app_begin ] --END-- [ RunTime:0.000205s ]
SQL: SHOW COLUMNS FROM `task` [ RunTime:0.002591s ]
SQL: UPDATE `task` SET `title`='小伙伴玩一玩' WHERE ( `id` = 36 ) [ RunTime:0.000540s ]

[ 2013-12-02T11:23:15+08:00 ] 127.0.0.1 /github/living/index.php/task/update
INFO: [ app_begin ] --START--
INFO: Run ReadHtmlCache Behavior [ RunTime:0.000140s ]
INFO: [ app_begin ] --END-- [ RunTime:0.000223s ]
SQL: SHOW COLUMNS FROM `task` [ RunTime:0.002583s ]
SQL: UPDATE `task` SET `title`='小伙伴玩一玩' WHERE ( `id` = 36 ) [ RunTime:0.000510s ]

[ 2013-12-02T11:54:22+08:00 ] ERR: (ThinkException) 无法加载模块:note
[ 2013-12-02T11:54:28+08:00 ] ERR: (ThinkException) 无法加载模块:note
[ 2013-12-02T11:55:39+08:00 ] ERR: (ThinkException) 无法加载模块:note
[ 2013-12-02T12:02:02+08:00 ] 127.0.0.1 /github/living/index.php/task/add
INFO: [ app_begin ] --START--
INFO: Run ReadHtmlCache Behavior [ RunTime:0.000176s ]
INFO: [ app_begin ] --END-- [ RunTime:0.000270s ]
SQL: SHOW COLUMNS FROM `task` [ RunTime:0.003028s ]
SQL: INSERT INTO `task` (`title`,`addtime`,`uid`,`state`) VALUES ('abc',1385956922,18,1) [ RunTime:0.000857s ]
NOTIC: [8] Undefined variable: result /Applications/MAMP/htdocs/github/living/Lib/Action/taskAction.class.php 第 15 行.

[ 2013-12-02T12:07:57+08:00 ] ERR: (ThinkException) 无法加载模块:note
[ 2013-12-02T12:09:59+08:00 ] ERR: (ThinkException) 无法加载模块:note
[ 2013-12-02T12:10:15+08:00 ] ERR: (ThinkException) 无法加载模块:note
[ 2013-12-02T12:11:01+08:00 ] ERR: (ThinkException) 无法加载模块:note
[ 2013-12-02T12:11:38+08:00 ] ERR: (ThinkException) 无法加载模块:note
