[ 2013-11-26T11:42:38+08:00 ] ERR: (ThinkException) 模板不存在[./Tpl/login.html]
[ 2013-11-26T11:43:37+08:00 ] ERR: (ThinkException) 非法操作:Tpl
[ 2013-11-26T11:43:37+08:00 ] ERR: (ThinkException) 非法操作:Tpl
[ 2013-11-26T11:43:37+08:00 ] ERR: (ThinkException) 非法操作:Tpl
[ 2013-11-26T11:43:37+08:00 ] ERR: (ThinkException) 非法操作:Tpl
[ 2013-11-26T11:43:37+08:00 ] ERR: (ThinkException) 非法操作:Tpl
[ 2013-11-26T11:43:47+08:00 ] ERR: (ThinkException) 非法操作:Tpl
[ 2013-11-26T11:43:47+08:00 ] ERR: (ThinkException) 非法操作:Tpl
[ 2013-11-26T11:43:47+08:00 ] ERR: (ThinkException) 非法操作:Tpl
[ 2013-11-26T11:43:47+08:00 ] ERR: (ThinkException) 非法操作:Tpl
[ 2013-11-26T11:43:47+08:00 ] ERR: (ThinkException) 非法操作:Tpl
[ 2013-11-26T11:44:58+08:00 ] ERR: (ThinkException) 非法操作:Tpl
[ 2013-11-26T11:44:58+08:00 ] ERR: (ThinkException) 非法操作:Tpl
[ 2013-11-26T11:44:58+08:00 ] ERR: (ThinkException) 非法操作:Tpl
[ 2013-11-26T11:44:58+08:00 ] ERR: (ThinkException) 非法操作:Tpl
[ 2013-11-26T11:44:58+08:00 ] ERR: (ThinkException) 非法操作:Tpl
[ 2013-11-26T11:46:07+08:00 ] ERR: (ThinkException) 非法操作:Tpl
[ 2013-11-26T11:46:07+08:00 ] ERR: (ThinkException) 非法操作:Tpl
[ 2013-11-26T11:46:07+08:00 ] ERR: (ThinkException) 非法操作:Tpl
[ 2013-11-26T11:46:07+08:00 ] ERR: (ThinkException) 非法操作:Tpl
[ 2013-11-26T11:46:07+08:00 ] ERR: (ThinkException) 非法操作:Tpl
[ 2013-11-26T11:46:19+08:00 ] ERR: (ThinkException) 非法操作:Tpl
[ 2013-11-26T11:46:19+08:00 ] ERR: (ThinkException) 非法操作:Tpl
[ 2013-11-26T11:46:19+08:00 ] ERR: (ThinkException) 非法操作:Tpl
[ 2013-11-26T11:46:19+08:00 ] ERR: (ThinkException) 非法操作:Tpl
[ 2013-11-26T11:46:19+08:00 ] ERR: (ThinkException) 非法操作:Tpl
[ 2013-11-26T11:46:27+08:00 ] ERR: (ThinkException) 非法操作:Tpl
[ 2013-11-26T11:46:27+08:00 ] ERR: (ThinkException) 非法操作:Tpl
[ 2013-11-26T11:46:27+08:00 ] ERR: (ThinkException) 非法操作:Tpl
[ 2013-11-26T11:46:27+08:00 ] ERR: (ThinkException) 非法操作:Tpl
[ 2013-11-26T11:46:27+08:00 ] ERR: (ThinkException) 非法操作:Tpl
[ 2013-11-26T11:46:38+08:00 ] ERR: (ThinkException) 非法操作:Tpl
[ 2013-11-26T11:46:38+08:00 ] ERR: (ThinkException) 非法操作:Tpl
[ 2013-11-26T11:46:38+08:00 ] ERR: (ThinkException) 非法操作:Tpl
[ 2013-11-26T11:46:38+08:00 ] ERR: (ThinkException) 非法操作:Tpl
[ 2013-11-26T11:46:38+08:00 ] ERR: (ThinkException) 非法操作:Tpl
[ 2013-11-26T11:47:36+08:00 ] ERR: (ThinkException) 非法操作:Tpl
[ 2013-11-26T11:47:36+08:00 ] ERR: (ThinkException) 非法操作:Tpl
[ 2013-11-26T11:47:36+08:00 ] ERR: (ThinkException) 非法操作:Tpl
[ 2013-11-26T11:47:36+08:00 ] ERR: (ThinkException) 非法操作:Tpl
[ 2013-11-26T11:47:36+08:00 ] ERR: (ThinkException) 非法操作:Tpl
[ 2013-11-26T11:47:53+08:00 ] ERR: (ThinkException) 非法操作:Tpl
[ 2013-11-26T11:47:53+08:00 ] ERR: (ThinkException) 非法操作:Tpl
[ 2013-11-26T11:47:53+08:00 ] ERR: (ThinkException) 非法操作:Tpl
[ 2013-11-26T11:47:53+08:00 ] ERR: (ThinkException) 非法操作:Tpl
[ 2013-11-26T11:47:53+08:00 ] ERR: (ThinkException) 非法操作:Tpl
[ 2013-11-26T11:47:53+08:00 ] ERR: (ThinkException) 非法操作:Tpl
[ 2013-11-26T11:48:38+08:00 ] ERR: (ThinkException) 非法操作:Tpl
[ 2013-11-26T11:48:38+08:00 ] ERR: (ThinkException) 非法操作:Tpl
[ 2013-11-26T11:48:38+08:00 ] ERR: (ThinkException) 非法操作:Tpl
[ 2013-11-26T11:48:38+08:00 ] ERR: (ThinkException) 非法操作:Tpl
[ 2013-11-26T11:48:38+08:00 ] ERR: (ThinkException) 非法操作:Tpl
[ 2013-11-26T11:48:38+08:00 ] ERR: (ThinkException) 非法操作:Tpl
[ 2013-11-26T11:48:41+08:00 ] ERR: (ThinkException) 非法操作:Tpl
[ 2013-11-26T11:48:41+08:00 ] ERR: (ThinkException) 非法操作:Tpl
[ 2013-11-26T11:48:41+08:00 ] ERR: (ThinkException) 非法操作:Tpl
[ 2013-11-26T11:48:41+08:00 ] ERR: (ThinkException) 非法操作:Tpl
[ 2013-11-26T11:48:41+08:00 ] ERR: (ThinkException) 非法操作:Tpl
[ 2013-11-26T11:48:41+08:00 ] ERR: (ThinkException) 非法操作:Tpl
[ 2013-11-26T11:48:48+08:00 ] ERR: (ThinkException) 非法操作:Tpl
[ 2013-11-26T11:48:48+08:00 ] ERR: (ThinkException) 非法操作:Tpl
[ 2013-11-26T11:48:48+08:00 ] ERR: (ThinkException) 非法操作:Tpl
[ 2013-11-26T11:48:48+08:00 ] ERR: (ThinkException) 非法操作:Tpl
[ 2013-11-26T11:48:48+08:00 ] ERR: (ThinkException) 非法操作:Tpl
[ 2013-11-26T11:48:48+08:00 ] ERR: (ThinkException) 非法操作:Tpl
[ 2013-11-26T11:49:08+08:00 ] ERR: (ThinkException) 非法操作:Tpl
[ 2013-11-26T11:49:08+08:00 ] ERR: (ThinkException) 非法操作:Tpl
[ 2013-11-26T11:49:08+08:00 ] ERR: (ThinkException) 非法操作:Tpl
[ 2013-11-26T11:49:08+08:00 ] ERR: (ThinkException) 非法操作:Tpl
[ 2013-11-26T11:49:08+08:00 ] ERR: (ThinkException) 非法操作:Tpl
[ 2013-11-26T11:49:14+08:00 ] ERR: (ThinkException) 非法操作:Tpl
[ 2013-11-26T11:49:14+08:00 ] ERR: (ThinkException) 非法操作:Tpl
[ 2013-11-26T11:49:14+08:00 ] ERR: (ThinkException) 非法操作:Tpl
[ 2013-11-26T11:49:14+08:00 ] ERR: (ThinkException) 非法操作:Tpl
[ 2013-11-26T11:49:14+08:00 ] ERR: (ThinkException) 非法操作:Tpl
[ 2013-11-26T11:49:55+08:00 ] ERR: (ThinkException) 非法操作:Tpl
[ 2013-11-26T11:49:55+08:00 ] ERR: (ThinkException) 非法操作:Tpl
[ 2013-11-26T11:49:55+08:00 ] ERR: (ThinkException) 非法操作:Tpl
[ 2013-11-26T11:49:55+08:00 ] ERR: (ThinkException) 非法操作:Tpl
[ 2013-11-26T11:49:55+08:00 ] ERR: (ThinkException) 非法操作:Tpl
[ 2013-11-26T11:50:01+08:00 ] ERR: (ThinkException) 非法操作:Tpl
[ 2013-11-26T11:50:01+08:00 ] ERR: (ThinkException) 非法操作:Tpl
[ 2013-11-26T11:50:01+08:00 ] ERR: (ThinkException) 非法操作:Tpl
[ 2013-11-26T11:50:01+08:00 ] ERR: (ThinkException) 非法操作:Tpl
[ 2013-11-26T11:50:01+08:00 ] ERR: (ThinkException) 非法操作:Tpl
[ 2013-11-26T11:50:05+08:00 ] ERR: (ThinkException) 非法操作:Tpl
[ 2013-11-26T11:50:05+08:00 ] ERR: (ThinkException) 非法操作:Tpl
[ 2013-11-26T11:50:05+08:00 ] ERR: (ThinkException) 非法操作:Tpl
[ 2013-11-26T11:50:05+08:00 ] ERR: (ThinkException) 非法操作:Tpl
[ 2013-11-26T11:50:05+08:00 ] ERR: (ThinkException) 非法操作:Tpl
[ 2013-11-26T11:50:08+08:00 ] ERR: (ThinkException) 非法操作:Tpl
[ 2013-11-26T11:50:08+08:00 ] ERR: (ThinkException) 非法操作:Tpl
[ 2013-11-26T11:50:08+08:00 ] ERR: (ThinkException) 非法操作:Tpl
[ 2013-11-26T11:50:08+08:00 ] ERR: (ThinkException) 非法操作:Tpl
[ 2013-11-26T11:50:08+08:00 ] ERR: (ThinkException) 非法操作:Tpl
[ 2013-11-26T11:54:04+08:00 ] ERR: (ThinkException) 非法操作:Tpl
[ 2013-11-26T11:54:04+08:00 ] ERR: (ThinkException) 非法操作:Tpl
[ 2013-11-26T11:54:04+08:00 ] ERR: (ThinkException) 非法操作:Tpl
[ 2013-11-26T11:54:04+08:00 ] ERR: (ThinkException) 非法操作:Tpl
[ 2013-11-26T11:54:04+08:00 ] ERR: (ThinkException) 非法操作:Tpl
[ 2013-11-26T11:54:04+08:00 ] ERR: (ThinkException) 非法操作:Tpl
[ 2013-11-26T11:54:19+08:00 ] ERR: (ThinkException) 非法操作:Tpl
[ 2013-11-26T11:54:19+08:00 ] ERR: (ThinkException) 非法操作:Tpl
[ 2013-11-26T11:54:19+08:00 ] ERR: (ThinkException) 非法操作:Tpl
[ 2013-11-26T11:54:19+08:00 ] ERR: (ThinkException) 非法操作:Tpl
[ 2013-11-26T11:54:19+08:00 ] ERR: (ThinkException) 非法操作:Tpl
[ 2013-11-26T11:54:19+08:00 ] ERR: (ThinkException) 非法操作:Tpl
[ 2013-11-26T11:56:49+08:00 ] ERR: (ThinkException) 非法操作:Tpl
[ 2013-11-26T11:56:49+08:00 ] ERR: (ThinkException) 非法操作:Tpl
[ 2013-11-26T11:56:49+08:00 ] ERR: (ThinkException) 非法操作:Tpl
[ 2013-11-26T11:56:49+08:00 ] ERR: (ThinkException) 非法操作:Tpl
[ 2013-11-26T11:56:49+08:00 ] ERR: (ThinkException) 非法操作:Tpl
[ 2013-11-26T11:57:08+08:00 ] ERR: (ThinkException) 非法操作:Tpl
[ 2013-11-26T11:57:08+08:00 ] ERR: (ThinkException) 非法操作:Tpl
[ 2013-11-26T11:57:08+08:00 ] ERR: (ThinkException) 非法操作:Tpl
[ 2013-11-26T11:57:08+08:00 ] ERR: (ThinkException) 非法操作:Tpl
[ 2013-11-26T11:57:08+08:00 ] ERR: (ThinkException) 非法操作:Tpl
[ 2013-11-26T11:57:20+08:00 ] ERR: (ThinkException) 非法操作:Tpl
[ 2013-11-26T11:57:39+08:00 ] ERR: (ThinkException) 非法操作:Tpl
[ 2013-11-26T11:57:41+08:00 ] ERR: (ThinkException) 非法操作:Tpl
[ 2013-11-26T11:57:41+08:00 ] ERR: (ThinkException) 非法操作:Tpl
[ 2013-11-26T11:57:44+08:00 ] ERR: (ThinkException) 非法操作:Tpl
[ 2013-11-26T11:58:19+08:00 ] ERR: (ThinkException) 非法操作:Tpl
[ 2013-11-26T11:59:24+08:00 ] ERR: (ThinkException) 非法操作:Tpl
[ 2013-11-26T11:59:34+08:00 ] ERR: (ThinkException) 非法操作:Tpl
[ 2013-11-26T11:59:44+08:00 ] ERR: (ThinkException) 非法操作:Tpl
[ 2013-11-26T12:03:15+08:00 ] ERR: (ThinkException) 模板不存在[./Tpl/login.html]
[ 2013-11-26T12:03:54+08:00 ] ERR: (ThinkException) 非法操作:Tpl
[ 2013-11-26T12:03:54+08:00 ] ERR: (ThinkException) 非法操作:Tpl
[ 2013-11-26T12:03:54+08:00 ] ERR: (ThinkException) 非法操作:Tpl
[ 2013-11-26T12:03:54+08:00 ] ERR: (ThinkException) 非法操作:Tpl
[ 2013-11-26T12:03:54+08:00 ] ERR: (ThinkException) 非法操作:Tpl
[ 2013-11-26T12:06:27+08:00 ] ERR: (ThinkException) 非法操作:css
[ 2013-11-26T12:06:27+08:00 ] ERR: (ThinkException) 非法操作:Tpl
[ 2013-11-26T12:06:27+08:00 ] ERR: (ThinkException) 非法操作:Tpl
[ 2013-11-26T12:06:27+08:00 ] ERR: (ThinkException) 非法操作:Tpl
[ 2013-11-26T12:06:27+08:00 ] ERR: (ThinkException) 非法操作:Tpl
[ 2013-11-26T12:06:51+08:00 ] ERR: (ThinkException) 非法操作:Tpl
[ 2013-11-26T12:06:51+08:00 ] ERR: (ThinkException) 非法操作:Tpl
[ 2013-11-26T12:06:51+08:00 ] ERR: (ThinkException) 非法操作:Tpl
[ 2013-11-26T12:06:51+08:00 ] ERR: (ThinkException) 非法操作:Tpl
[ 2013-11-26T12:06:51+08:00 ] ERR: (ThinkException) 非法操作:Tpl
[ 2013-11-26T12:09:02+08:00 ] ERR: (ThinkException) 非法操作:Tpl
[ 2013-11-26T12:09:02+08:00 ] ERR: (ThinkException) 非法操作:Tpl
[ 2013-11-26T12:09:02+08:00 ] ERR: (ThinkException) 非法操作:Tpl
[ 2013-11-26T12:09:02+08:00 ] ERR: (ThinkException) 非法操作:Tpl
[ 2013-11-26T12:09:30+08:00 ] ERR: (ThinkException) 非法操作:Tpl
[ 2013-11-26T12:09:30+08:00 ] ERR: (ThinkException) 非法操作:Tpl
[ 2013-11-26T12:09:30+08:00 ] ERR: (ThinkException) 非法操作:Tpl
[ 2013-11-26T12:09:30+08:00 ] ERR: (ThinkException) 非法操作:Tpl
[ 2013-11-26T12:09:40+08:00 ] ERR: (ThinkException) 非法操作:Tpl
[ 2013-11-26T12:09:40+08:00 ] ERR: (ThinkException) 非法操作:Tpl
[ 2013-11-26T12:09:40+08:00 ] ERR: (ThinkException) 非法操作:Tpl
[ 2013-11-26T12:09:40+08:00 ] ERR: (ThinkException) 非法操作:Tpl
[ 2013-11-26T13:53:50+08:00 ] ERR: (ThinkException) Action:desplay您所请求的方法不存在！
[ 2013-11-26T13:54:14+08:00 ] ERR: (ThinkException) Action:desplay您所请求的方法不存在！
[ 2013-11-26T13:54:38+08:00 ] ERR: (ThinkException) Action:desplay您所请求的方法不存在！
[ 2013-11-26T14:14:24+08:00 ] ERR: (ThinkException) 非法操作:login
[ 2013-11-26T14:14:45+08:00 ] ERR: (ThinkException) 非法操作:login
[ 2013-11-26T14:14:57+08:00 ] ERR: (ThinkException) 非法操作:login
[ 2013-11-26T16:31:05+08:00 ] ERR: (ThinkException) 非法操作:return flase;
[ 2013-11-26T16:31:40+08:00 ] ERR: (ThinkException) 非法操作:return false;
[ 2013-11-26T16:44:24+08:00 ] ERR: (ThinkException) 非法操作:abc
[ 2013-11-26T16:44:39+08:00 ] ERR: (ThinkException) 非法操作:abc
[ 2013-11-26T16:45:33+08:00 ] ERR: (ThinkException) 非法操作:abc
[ 2013-11-26T16:55:31+08:00 ] ERR: (ThinkException) 非法操作:abc
[ 2013-11-26T16:58:25+08:00 ] ERR: (ThinkException) 非法操作:abc
[ 2013-11-26T16:58:40+08:00 ] ERR: (ThinkException) 非法操作:abc
[ 2013-11-26T16:58:50+08:00 ] ERR: (ThinkException) 非法操作:abc
