[ 2013-12-04T09:08:34+08:00 ] ERR: (ThinkException) 无法加载模块:note
[ 2013-12-04T09:10:16+08:00 ] ERR: (ThinkException) 无法加载模块:note
[ 2013-12-04T09:11:46+08:00 ] ERR: (ThinkException) 无法加载模块:note
[ 2013-12-04T09:13:52+08:00 ] ERR: (ThinkException) 无法加载模块:note
[ 2013-12-04T09:14:10+08:00 ] ERR: (ThinkException) 无法加载模块:note
[ 2013-12-04T09:15:39+08:00 ] ERR: (ThinkException) 无法加载模块:note
[ 2013-12-04T09:16:15+08:00 ] ERR: (ThinkException) 非法操作:register
[ 2013-12-04T09:16:20+08:00 ] ERR: (ThinkException) 无法加载模块:note
[ 2013-12-04T09:16:57+08:00 ] 127.0.0.1 /github/living/index.php/note/submit
INFO: [ app_begin ] --START--
INFO: Run ReadHtmlCache Behavior [ RunTime:0.000174s ]
INFO: [ app_begin ] --END-- [ RunTime:0.000271s ]
SQL: SHOW COLUMNS FROM `note` [ RunTime:0.002772s ]
NOTIC: [8] Array to string conversion /Applications/MAMP/htdocs/github/living/Lib/Action/noteAction.class.php 第 13 行.
SQL: INSERT INTO `note` (`title`,`content`,`uid`,`addtime`,`state`) VALUES ('title','contents',18,1386119817,1) [ RunTime:0.000422s ]

[ 2013-12-04T09:18:06+08:00 ] 127.0.0.1 /github/living/index.php/note/submit
INFO: [ app_begin ] --START--
INFO: Run ReadHtmlCache Behavior [ RunTime:0.000145s ]
INFO: [ app_begin ] --END-- [ RunTime:0.000223s ]
SQL: SHOW COLUMNS FROM `note` [ RunTime:0.002364s ]
NOTIC: [8] Array to string conversion /Applications/MAMP/htdocs/github/living/Lib/Action/noteAction.class.php 第 13 行.
SQL: INSERT INTO `note` (`title`,`content`,`uid`,`addtime`,`state`) VALUES ('title','contents',18,1386119886,1) [ RunTime:0.000349s ]

[ 2013-12-04T09:18:50+08:00 ] 127.0.0.1 /github/living/index.php/note/submit
INFO: [ app_begin ] --START--
INFO: Run ReadHtmlCache Behavior [ RunTime:0.000189s ]
INFO: [ app_begin ] --END-- [ RunTime:0.000293s ]
SQL: SHOW COLUMNS FROM `note` [ RunTime:0.002568s ]
NOTIC: [8] Array to string conversion /Applications/MAMP/htdocs/github/living/Lib/Action/noteAction.class.php 第 13 行.
SQL: INSERT INTO `note` (`title`,`content`,`uid`,`addtime`,`state`) VALUES ('title','contents',18,1386119930,1) [ RunTime:0.000393s ]

[ 2013-12-04T09:19:02+08:00 ] 127.0.0.1 /github/living/index.php/note/submit
INFO: [ app_begin ] --START--
INFO: Run ReadHtmlCache Behavior [ RunTime:0.000136s ]
INFO: [ app_begin ] --END-- [ RunTime:0.000206s ]
SQL: SHOW COLUMNS FROM `note` [ RunTime:0.002298s ]
NOTIC: [8] Array to string conversion /Applications/MAMP/htdocs/github/living/Lib/Action/noteAction.class.php 第 13 行.
SQL: INSERT INTO `note` (`title`,`content`,`uid`,`addtime`,`state`) VALUES ('this is title','this is contents',18,1386119942,1) [ RunTime:0.000320s ]

[ 2013-12-04T09:20:36+08:00 ] 127.0.0.1 /github/living/index.php/note/submit
INFO: [ app_begin ] --START--
INFO: Run ReadHtmlCache Behavior [ RunTime:0.000202s ]
INFO: [ app_begin ] --END-- [ RunTime:0.000308s ]
SQL: SHOW COLUMNS FROM `note` [ RunTime:0.001292s ]
NOTIC: [8] Array to string conversion /Applications/MAMP/htdocs/github/living/Lib/Action/noteAction.class.php 第 13 行.
SQL: INSERT INTO `note` (`title`,`content`,`uid`,`addtime`,`state`) VALUES ('title','content',18,1386120036,1) [ RunTime:0.000492s ]

[ 2013-12-04T09:22:57+08:00 ] 127.0.0.1 /github/living/index.php/note/submit
INFO: [ app_begin ] --START--
INFO: Run ReadHtmlCache Behavior [ RunTime:0.000209s ]
INFO: [ app_begin ] --END-- [ RunTime:0.000316s ]
SQL: SHOW COLUMNS FROM `note` [ RunTime:0.002999s ]
SQL: INSERT INTO `note` (`title`,`content`,`uid`,`addtime`,`state`) VALUES ('this is people ','fuck fuck fuck fuck fuck,\nmy no say',18,1386120177,1) [ RunTime:0.000434s ]

[ 2013-12-04T09:57:43+08:00 ] 127.0.0.1 /github/living/index.php/note/submit
INFO: [ app_begin ] --START--
INFO: Run ReadHtmlCache Behavior [ RunTime:0.000118s ]
INFO: [ app_begin ] --END-- [ RunTime:0.000180s ]
SQL: SHOW COLUMNS FROM `note` [ RunTime:0.003465s ]
SQL: INSERT INTO `note` (`title`,`content`,`uid`,`addtime`,`state`) VALUES ('','',18,1386122263,1) [ RunTime:0.000377s ]

[ 2013-12-04T10:41:59+08:00 ] 127.0.0.1 /github/living/index.php/note/submit
INFO: [ app_begin ] --START--
INFO: Run ReadHtmlCache Behavior [ RunTime:0.000217s ]
INFO: [ app_begin ] --END-- [ RunTime:0.000349s ]
SQL: SHOW COLUMNS FROM `note` [ RunTime:0.002905s ]
SQL: INSERT INTO `note` (`title`,`content`,`uid`,`addtime`,`state`) VALUES ('','',18,1386124919,1) [ RunTime:0.000373s ]

[ 2013-12-04T11:22:28+08:00 ] ERR: (ThinkException) 非法操作:select
[ 2013-12-04T11:22:59+08:00 ] ERR: (ThinkException) 非法操作:select
[ 2013-12-04T11:23:10+08:00 ] ERR: (ThinkException) 非法操作:select
[ 2013-12-04T11:23:38+08:00 ] ERR: (ThinkException) 非法操作:select
[ 2013-12-04T11:23:39+08:00 ] ERR: (ThinkException) 非法操作:select
[ 2013-12-04T11:23:46+08:00 ] ERR: (ThinkException) 非法操作:select
[ 2013-12-04T11:23:54+08:00 ] ERR: (ThinkException) 非法操作:select
[ 2013-12-04T11:24:17+08:00 ] ERR: (ThinkException) 非法操作:select
[ 2013-12-04T11:24:17+08:00 ] ERR: (ThinkException) 非法操作:select
[ 2013-12-04T11:24:33+08:00 ] ERR: (ThinkException) 非法操作:select
[ 2013-12-04T11:24:34+08:00 ] ERR: (ThinkException) 非法操作:select
[ 2013-12-04T11:24:51+08:00 ] ERR: (ThinkException) 非法操作:select
[ 2013-12-04T11:24:52+08:00 ] ERR: (ThinkException) 非法操作:selecta
[ 2013-12-04T11:25:14+08:00 ] ERR: (ThinkException) 非法操作:selecta
[ 2013-12-04T11:25:15+08:00 ] ERR: (ThinkException) 非法操作:selecta
[ 2013-12-04T11:25:17+08:00 ] ERR: (ThinkException) 非法操作:select
[ 2013-12-04T11:25:17+08:00 ] ERR: (ThinkException) 非法操作:select
[ 2013-12-04T11:27:31+08:00 ] 127.0.0.1 /github/living/index.php/note/select
INFO: [ app_begin ] --START--
INFO: Run ReadHtmlCache Behavior [ RunTime:0.000137s ]
INFO: [ app_begin ] --END-- [ RunTime:0.000206s ]
SQL: SHOW COLUMNS FROM `note` [ RunTime:0.002731s ]
SQL: SELECT * FROM `note` WHERE ( id = 7 )  [ RunTime:0.000398s ]

[ 2013-12-04T11:27:52+08:00 ] 127.0.0.1 /github/living/index.php/note/select
INFO: [ app_begin ] --START--
INFO: Run ReadHtmlCache Behavior [ RunTime:0.000139s ]
INFO: [ app_begin ] --END-- [ RunTime:0.000209s ]
SQL: SHOW COLUMNS FROM `note` [ RunTime:0.003064s ]
SQL: SELECT * FROM `note` WHERE ( `id` = 7 )  [ RunTime:0.000617s ]

[ 2013-12-04T11:28:24+08:00 ] 127.0.0.1 /github/living/index.php/note/select
INFO: [ app_begin ] --START--
INFO: Run ReadHtmlCache Behavior [ RunTime:0.000226s ]
INFO: [ app_begin ] --END-- [ RunTime:0.000347s ]
SQL: SHOW COLUMNS FROM `note` [ RunTime:0.002730s ]
SQL: SELECT * FROM `note` WHERE ( `id` = 7 )  [ RunTime:0.000347s ]

[ 2013-12-04T11:30:17+08:00 ] 127.0.0.1 /github/living/index.php/note/select
INFO: [ app_begin ] --START--
INFO: Run ReadHtmlCache Behavior [ RunTime:0.000135s ]
INFO: [ app_begin ] --END-- [ RunTime:0.000204s ]
SQL: SHOW COLUMNS FROM `note` [ RunTime:0.002874s ]
SQL: SELECT * FROM `note` WHERE ( `id` = 7 )  [ RunTime:0.000303s ]

[ 2013-12-04T11:30:59+08:00 ] 127.0.0.1 /github/living/index.php/note/select
INFO: [ app_begin ] --START--
INFO: Run ReadHtmlCache Behavior [ RunTime:0.000154s ]
INFO: [ app_begin ] --END-- [ RunTime:0.000231s ]
SQL: SHOW COLUMNS FROM `note` [ RunTime:0.003025s ]
SQL: SELECT * FROM `note` WHERE ( `id` = 7 )  [ RunTime:0.000582s ]

[ 2013-12-04T11:31:14+08:00 ] 127.0.0.1 /github/living/index.php/note/select
INFO: [ app_begin ] --START--
INFO: Run ReadHtmlCache Behavior [ RunTime:0.000217s ]
INFO: [ app_begin ] --END-- [ RunTime:0.000331s ]
SQL: SHOW COLUMNS FROM `note` [ RunTime:0.002605s ]
SQL: SELECT * FROM `note` WHERE ( `id` = 7 )  [ RunTime:0.000338s ]

[ 2013-12-04T11:31:38+08:00 ] 127.0.0.1 /github/living/index.php/note/select
INFO: [ app_begin ] --START--
INFO: Run ReadHtmlCache Behavior [ RunTime:0.000164s ]
INFO: [ app_begin ] --END-- [ RunTime:0.000236s ]
SQL: SHOW COLUMNS FROM `note` [ RunTime:0.002445s ]
SQL: SELECT * FROM `note` WHERE ( `id` = 7 )  [ RunTime:0.000293s ]

[ 2013-12-04T11:31:51+08:00 ] 127.0.0.1 /github/living/index.php/note/select
INFO: [ app_begin ] --START--
INFO: Run ReadHtmlCache Behavior [ RunTime:0.000214s ]
INFO: [ app_begin ] --END-- [ RunTime:0.000329s ]
SQL: SHOW COLUMNS FROM `note` [ RunTime:0.002245s ]
SQL: SELECT * FROM `note` WHERE ( `id` = 7 )  [ RunTime:0.000637s ]

[ 2013-12-04T11:32:29+08:00 ] 127.0.0.1 /github/living/index.php/note/select
INFO: [ app_begin ] --START--
INFO: Run ReadHtmlCache Behavior [ RunTime:0.000222s ]
INFO: [ app_begin ] --END-- [ RunTime:0.000336s ]
SQL: SHOW COLUMNS FROM `note` [ RunTime:0.002637s ]
SQL: SELECT * FROM `note` WHERE ( `id` = 7 )  [ RunTime:0.000306s ]

[ 2013-12-04T11:32:41+08:00 ] 127.0.0.1 /github/living/index.php/note/select
INFO: [ app_begin ] --START--
INFO: Run ReadHtmlCache Behavior [ RunTime:0.000272s ]
INFO: [ app_begin ] --END-- [ RunTime:0.000378s ]
SQL: SHOW COLUMNS FROM `note` [ RunTime:0.002818s ]
SQL: SELECT * FROM `note` WHERE ( `id` = 7 )  [ RunTime:0.000320s ]

[ 2013-12-04T11:34:06+08:00 ] 127.0.0.1 /github/living/index.php/note/select
INFO: [ app_begin ] --START--
INFO: Run ReadHtmlCache Behavior [ RunTime:0.000241s ]
INFO: [ app_begin ] --END-- [ RunTime:0.000358s ]
SQL: SHOW COLUMNS FROM `note` [ RunTime:0.002313s ]
SQL: SELECT * FROM `note` WHERE ( `id` = 7 )  [ RunTime:0.000243s ]

[ 2013-12-04T11:34:15+08:00 ] 127.0.0.1 /github/living/index.php/note/select
INFO: [ app_begin ] --START--
INFO: Run ReadHtmlCache Behavior [ RunTime:0.000215s ]
INFO: [ app_begin ] --END-- [ RunTime:0.000322s ]
SQL: SHOW COLUMNS FROM `note` [ RunTime:0.002461s ]
SQL: SELECT * FROM `note` WHERE ( `id` = 7 )  [ RunTime:0.000329s ]

[ 2013-12-04T11:35:05+08:00 ] 127.0.0.1 /github/living/index.php/note/select
INFO: [ app_begin ] --START--
INFO: Run ReadHtmlCache Behavior [ RunTime:0.000157s ]
INFO: [ app_begin ] --END-- [ RunTime:0.000249s ]
SQL: SHOW COLUMNS FROM `note` [ RunTime:0.002776s ]
SQL: SELECT * FROM `note` WHERE ( `id` = 7 )  [ RunTime:0.000326s ]

[ 2013-12-04T11:41:58+08:00 ] 127.0.0.1 /github/living/index.php/note/select
INFO: [ app_begin ] --START--
INFO: Run ReadHtmlCache Behavior [ RunTime:0.000227s ]
INFO: [ app_begin ] --END-- [ RunTime:0.000334s ]
SQL: SHOW COLUMNS FROM `note` [ RunTime:0.002715s ]
SQL: SELECT * FROM `note` WHERE ( `id` = 7 )  [ RunTime:0.000299s ]

[ 2013-12-04T11:42:35+08:00 ] 127.0.0.1 /github/living/index.php/note/select
INFO: [ app_begin ] --START--
INFO: Run ReadHtmlCache Behavior [ RunTime:0.000191s ]
INFO: [ app_begin ] --END-- [ RunTime:0.000290s ]
SQL: SHOW COLUMNS FROM `note` [ RunTime:0.002833s ]
SQL: SELECT * FROM `note` WHERE ( `id` = 7 )  [ RunTime:0.000281s ]

[ 2013-12-04T11:42:40+08:00 ] 127.0.0.1 /github/living/index.php/note/select
INFO: [ app_begin ] --START--
INFO: Run ReadHtmlCache Behavior [ RunTime:0.000140s ]
INFO: [ app_begin ] --END-- [ RunTime:0.000211s ]
SQL: SHOW COLUMNS FROM `note` [ RunTime:0.002620s ]
SQL: SELECT * FROM `note` WHERE ( `id` = 7 )  [ RunTime:0.000328s ]

[ 2013-12-04T11:42:50+08:00 ] 127.0.0.1 /github/living/index.php/note/select
INFO: [ app_begin ] --START--
INFO: Run ReadHtmlCache Behavior [ RunTime:0.000327s ]
INFO: [ app_begin ] --END-- [ RunTime:0.000485s ]
SQL: SHOW COLUMNS FROM `note` [ RunTime:0.003578s ]
SQL: SELECT * FROM `note` WHERE ( `id` = 7 )  [ RunTime:0.000350s ]

[ 2013-12-04T11:43:50+08:00 ] 127.0.0.1 /github/living/index.php/note/select
INFO: [ app_begin ] --START--
INFO: Run ReadHtmlCache Behavior [ RunTime:0.000197s ]
INFO: [ app_begin ] --END-- [ RunTime:0.000298s ]
SQL: SHOW COLUMNS FROM `note` [ RunTime:0.002564s ]
SQL: SELECT * FROM `note` WHERE ( `id` = 7 )  [ RunTime:0.000350s ]

[ 2013-12-04T11:43:59+08:00 ] 127.0.0.1 /github/living/index.php/note/select
INFO: [ app_begin ] --START--
INFO: Run ReadHtmlCache Behavior [ RunTime:0.000131s ]
INFO: [ app_begin ] --END-- [ RunTime:0.000197s ]
SQL: SHOW COLUMNS FROM `note` [ RunTime:0.003252s ]
SQL: SELECT * FROM `note` WHERE ( `id` = 7 )  [ RunTime:0.000351s ]

[ 2013-12-04T11:44:16+08:00 ] 127.0.0.1 /github/living/index.php/note/select
INFO: [ app_begin ] --START--
INFO: Run ReadHtmlCache Behavior [ RunTime:0.000150s ]
INFO: [ app_begin ] --END-- [ RunTime:0.000222s ]
SQL: SHOW COLUMNS FROM `note` [ RunTime:0.002637s ]
SQL: SELECT * FROM `note` WHERE ( `id` = 7 )  [ RunTime:0.000327s ]

[ 2013-12-04T11:44:30+08:00 ] 127.0.0.1 /github/living/index.php/note/select
INFO: [ app_begin ] --START--
INFO: Run ReadHtmlCache Behavior [ RunTime:0.000210s ]
INFO: [ app_begin ] --END-- [ RunTime:0.000313s ]
SQL: SHOW COLUMNS FROM `note` [ RunTime:0.002416s ]
SQL: SELECT * FROM `note` WHERE ( `id` = 7 )  [ RunTime:0.000320s ]

[ 2013-12-04T11:44:40+08:00 ] 127.0.0.1 /github/living/index.php/note/select
INFO: [ app_begin ] --START--
INFO: Run ReadHtmlCache Behavior [ RunTime:0.000145s ]
INFO: [ app_begin ] --END-- [ RunTime:0.000253s ]
SQL: SHOW COLUMNS FROM `note` [ RunTime:0.002807s ]
SQL: SELECT * FROM `note` WHERE ( `id` = 7 )  [ RunTime:0.000320s ]

[ 2013-12-04T11:45:41+08:00 ] 127.0.0.1 /github/living/index.php/note/select
INFO: [ app_begin ] --START--
INFO: Run ReadHtmlCache Behavior [ RunTime:0.000215s ]
INFO: [ app_begin ] --END-- [ RunTime:0.000326s ]
SQL: SHOW COLUMNS FROM `note` [ RunTime:0.001646s ]
SQL: SELECT * FROM `note` WHERE ( `id` = 7 )  [ RunTime:0.000336s ]

[ 2013-12-04T11:47:08+08:00 ] 127.0.0.1 /github/living/index.php/note/select
INFO: [ app_begin ] --START--
INFO: Run ReadHtmlCache Behavior [ RunTime:0.000140s ]
INFO: [ app_begin ] --END-- [ RunTime:0.000210s ]
SQL: SHOW COLUMNS FROM `note` [ RunTime:0.003234s ]
SQL: SELECT * FROM `note` WHERE ( `id` = 7 )  [ RunTime:0.000329s ]

[ 2013-12-04T11:48:07+08:00 ] 127.0.0.1 /github/living/index.php/note/select
INFO: [ app_begin ] --START--
INFO: Run ReadHtmlCache Behavior [ RunTime:0.000139s ]
INFO: [ app_begin ] --END-- [ RunTime:0.000210s ]
SQL: SHOW COLUMNS FROM `note` [ RunTime:0.002473s ]
SQL: SELECT * FROM `note` WHERE ( `id` = 7 )  [ RunTime:0.000359s ]

[ 2013-12-04T11:48:40+08:00 ] 127.0.0.1 /github/living/index.php/note/select
INFO: [ app_begin ] --START--
INFO: Run ReadHtmlCache Behavior [ RunTime:0.000133s ]
INFO: [ app_begin ] --END-- [ RunTime:0.000202s ]
SQL: SHOW COLUMNS FROM `note` [ RunTime:0.001813s ]
SQL: SELECT * FROM `note` WHERE ( `id` = 7 )  [ RunTime:0.000328s ]

[ 2013-12-04T11:49:10+08:00 ] 127.0.0.1 /github/living/index.php/note/select
INFO: [ app_begin ] --START--
INFO: Run ReadHtmlCache Behavior [ RunTime:0.000144s ]
INFO: [ app_begin ] --END-- [ RunTime:0.000213s ]
SQL: SHOW COLUMNS FROM `note` [ RunTime:0.002470s ]
SQL: SELECT * FROM `note` WHERE ( `id` = 7 )  [ RunTime:0.000348s ]

[ 2013-12-04T11:50:03+08:00 ] 127.0.0.1 /github/living/index.php/note/select
INFO: [ app_begin ] --START--
INFO: Run ReadHtmlCache Behavior [ RunTime:0.000216s ]
INFO: [ app_begin ] --END-- [ RunTime:0.000317s ]
SQL: SHOW COLUMNS FROM `note` [ RunTime:0.002653s ]
SQL: SELECT * FROM `note` WHERE ( `id` = 7 )  [ RunTime:0.000344s ]

[ 2013-12-04T11:50:15+08:00 ] 127.0.0.1 /github/living/index.php/note/select
INFO: [ app_begin ] --START--
INFO: Run ReadHtmlCache Behavior [ RunTime:0.000139s ]
INFO: [ app_begin ] --END-- [ RunTime:0.000208s ]
SQL: SHOW COLUMNS FROM `note` [ RunTime:0.002440s ]
SQL: SELECT * FROM `note` WHERE ( `id` = 7 )  [ RunTime:0.000336s ]

[ 2013-12-04T11:50:38+08:00 ] 127.0.0.1 /github/living/index.php/note/select
INFO: [ app_begin ] --START--
INFO: Run ReadHtmlCache Behavior [ RunTime:0.000113s ]
INFO: [ app_begin ] --END-- [ RunTime:0.000174s ]
SQL: SHOW COLUMNS FROM `note` [ RunTime:0.002128s ]
SQL: SELECT * FROM `note` WHERE ( `id` = 8 )  [ RunTime:0.000249s ]

[ 2013-12-04T11:51:40+08:00 ] 127.0.0.1 /github/living/index.php/note/select
INFO: [ app_begin ] --START--
INFO: Run ReadHtmlCache Behavior [ RunTime:0.000204s ]
INFO: [ app_begin ] --END-- [ RunTime:0.000317s ]
SQL: SHOW COLUMNS FROM `note` [ RunTime:0.002698s ]
SQL: SELECT * FROM `note` WHERE ( `id` = 7 )  [ RunTime:0.000328s ]

[ 2013-12-04T11:51:50+08:00 ] 127.0.0.1 /github/living/index.php/note/select
INFO: [ app_begin ] --START--
INFO: Run ReadHtmlCache Behavior [ RunTime:0.000155s ]
INFO: [ app_begin ] --END-- [ RunTime:0.000229s ]
SQL: SHOW COLUMNS FROM `note` [ RunTime:0.003158s ]
SQL: SELECT * FROM `note` WHERE ( `id` = 7 )  [ RunTime:0.000320s ]

[ 2013-12-04T11:52:07+08:00 ] 127.0.0.1 /github/living/index.php/note/select
INFO: [ app_begin ] --START--
INFO: Run ReadHtmlCache Behavior [ RunTime:0.000228s ]
INFO: [ app_begin ] --END-- [ RunTime:0.000341s ]
SQL: SHOW COLUMNS FROM `note` [ RunTime:0.001181s ]
SQL: SELECT * FROM `note` WHERE ( `id` = 7 )  [ RunTime:0.000280s ]

[ 2013-12-04T11:52:11+08:00 ] 127.0.0.1 /github/living/index.php/note/select
INFO: [ app_begin ] --START--
INFO: Run ReadHtmlCache Behavior [ RunTime:0.000132s ]
INFO: [ app_begin ] --END-- [ RunTime:0.000201s ]
SQL: SHOW COLUMNS FROM `note` [ RunTime:0.002877s ]
SQL: SELECT * FROM `note` WHERE ( `id` = 7 )  [ RunTime:0.000230s ]

[ 2013-12-04T11:52:15+08:00 ] 127.0.0.1 /github/living/index.php/note/select
INFO: [ app_begin ] --START--
INFO: Run ReadHtmlCache Behavior [ RunTime:0.000165s ]
INFO: [ app_begin ] --END-- [ RunTime:0.000243s ]
SQL: SHOW COLUMNS FROM `note` [ RunTime:0.002287s ]
SQL: SELECT * FROM `note` WHERE ( `id` = 7 )  [ RunTime:0.000281s ]

[ 2013-12-04T11:52:17+08:00 ] 127.0.0.1 /github/living/index.php/note/select
INFO: [ app_begin ] --START--
INFO: Run ReadHtmlCache Behavior [ RunTime:0.000204s ]
INFO: [ app_begin ] --END-- [ RunTime:0.000315s ]
SQL: SHOW COLUMNS FROM `note` [ RunTime:0.002404s ]
SQL: SELECT * FROM `note` WHERE ( `id` = 7 )  [ RunTime:0.000270s ]

[ 2013-12-04T11:52:43+08:00 ] 127.0.0.1 /github/living/index.php/note/select
INFO: [ app_begin ] --START--
INFO: Run ReadHtmlCache Behavior [ RunTime:0.000195s ]
INFO: [ app_begin ] --END-- [ RunTime:0.000299s ]
SQL: SHOW COLUMNS FROM `note` [ RunTime:0.002649s ]
SQL: SELECT * FROM `note` WHERE ( `id` = 7 )  [ RunTime:0.000266s ]

[ 2013-12-04T11:52:56+08:00 ] 127.0.0.1 /github/living/index.php/note/select
INFO: [ app_begin ] --START--
INFO: Run ReadHtmlCache Behavior [ RunTime:0.000145s ]
INFO: [ app_begin ] --END-- [ RunTime:0.000221s ]
SQL: SHOW COLUMNS FROM `note` [ RunTime:0.002660s ]
SQL: SELECT * FROM `note` WHERE ( `id` = 7 )  [ RunTime:0.000346s ]

[ 2013-12-04T11:54:27+08:00 ] 127.0.0.1 /github/living/index.php/note/select
INFO: [ app_begin ] --START--
INFO: Run ReadHtmlCache Behavior [ RunTime:0.000231s ]
INFO: [ app_begin ] --END-- [ RunTime:0.000324s ]
SQL: SHOW COLUMNS FROM `note` [ RunTime:0.003457s ]
SQL: SELECT * FROM `note` WHERE ( `id` = 8 )  [ RunTime:0.000353s ]

[ 2013-12-04T19:54:09+08:00 ] 127.0.0.1 /github/living/index.php/task/add
INFO: [ app_begin ] --START--
INFO: Run ReadHtmlCache Behavior [ RunTime:0.000159s ]
INFO: [ app_begin ] --END-- [ RunTime:0.000245s ]
SQL: SHOW COLUMNS FROM `task` [ RunTime:0.001444s ]
SQL: INSERT INTO `task` (`title`,`addtime`,`uid`,`state`) VALUES ('admin的一个to do',1386158049,19,1) [ RunTime:0.003086s ]
NOTIC: [8] Undefined variable: result /Applications/MAMP/htdocs/github/living/Lib/Action/taskAction.class.php 第 15 行.

[ 2013-12-04T19:54:33+08:00 ] 127.0.0.1 /github/living/index.php/task/add
INFO: [ app_begin ] --START--
INFO: Run ReadHtmlCache Behavior [ RunTime:0.000274s ]
INFO: [ app_begin ] --END-- [ RunTime:0.000408s ]
SQL: SHOW COLUMNS FROM `task` [ RunTime:0.002332s ]
SQL: INSERT INTO `task` (`title`,`addtime`,`uid`,`state`) VALUES ('再来一个',1386158073,19,1) [ RunTime:0.000414s ]
NOTIC: [8] Undefined variable: result /Applications/MAMP/htdocs/github/living/Lib/Action/taskAction.class.php 第 15 行.

[ 2013-12-04T19:55:10+08:00 ] 127.0.0.1 /github/living/index.php/task/add
INFO: [ app_begin ] --START--
INFO: Run ReadHtmlCache Behavior [ RunTime:0.000249s ]
INFO: [ app_begin ] --END-- [ RunTime:0.000352s ]
SQL: SHOW COLUMNS FROM `task` [ RunTime:0.003188s ]
SQL: INSERT INTO `task` (`title`,`addtime`,`uid`,`state`) VALUES ('好多细节未完善',1386158110,19,1) [ RunTime:0.000386s ]
NOTIC: [8] Undefined variable: result /Applications/MAMP/htdocs/github/living/Lib/Action/taskAction.class.php 第 15 行.

[ 2013-12-04T19:55:24+08:00 ] 127.0.0.1 /github/living/index.php/task/update
INFO: [ app_begin ] --START--
INFO: Run ReadHtmlCache Behavior [ RunTime:0.000287s ]
INFO: [ app_begin ] --END-- [ RunTime:0.000451s ]
SQL: SHOW COLUMNS FROM `task` [ RunTime:0.001738s ]
SQL: UPDATE `task` SET `title`='admin be one to do' WHERE ( `id` = 59 ) [ RunTime:0.000784s ]

[ 2013-12-04T19:55:47+08:00 ] 127.0.0.1 /github/living/index.php/task/update
INFO: [ app_begin ] --START--
INFO: Run ReadHtmlCache Behavior [ RunTime:0.000183s ]
INFO: [ app_begin ] --END-- [ RunTime:0.000270s ]
SQL: SHOW COLUMNS FROM `task` [ RunTime:0.003915s ]
SQL: UPDATE `task` SET `title`='again' WHERE ( `id` = 60 ) [ RunTime:0.001371s ]

[ 2013-12-04T21:05:02+08:00 ] ERR: (ThinkException) Action:diaplay您所请求的方法不存在！
