[ 2013-12-05T00:19:07+08:00 ] 127.0.0.1 /github/living/index.php/note/select
INFO: [ app_begin ] --START--
INFO: Run ReadHtmlCache Behavior [ RunTime:0.000174s ]
INFO: [ app_begin ] --END-- [ RunTime:0.000253s ]
SQL: SHOW COLUMNS FROM `note` [ RunTime:0.001128s ]
SQL: SELECT * FROM `note` WHERE ( `id` = 7 )  [ RunTime:0.000570s ]

[ 2013-12-05T00:19:09+08:00 ] 127.0.0.1 /github/living/index.php/task/update
INFO: [ app_begin ] --START--
INFO: Run ReadHtmlCache Behavior [ RunTime:0.000209s ]
INFO: [ app_begin ] --END-- [ RunTime:0.000306s ]
SQL: SHOW COLUMNS FROM `task` [ RunTime:0.001091s ]
SQL: UPDATE `task` SET `title`='再看一次' WHERE ( `id` = 39 ) [ RunTime:0.001025s ]

[ 2013-12-05T09:38:26+08:00 ] ERR: (ThinkException) 无法加载模块:center
[ 2013-12-05T09:38:36+08:00 ] ERR: (ThinkException) 无法加载模块:center
[ 2013-12-05T09:41:35+08:00 ] ERR: (ThinkException) 无法加载模块:center
[ 2013-12-05T09:41:38+08:00 ] ERR: (ThinkException) 无法加载模块:center
[ 2013-12-05T09:41:38+08:00 ] ERR: (ThinkException) 无法加载模块:center
[ 2013-12-05T09:41:41+08:00 ] ERR: (ThinkException) 无法加载模块:center
[ 2013-12-05T09:41:43+08:00 ] ERR: (ThinkException) 模板不存在[./Tpl/user/index.html]
[ 2013-12-05T10:22:57+08:00 ] ERR: (ThinkException) 非法操作:index
[ 2013-12-05T10:27:48+08:00 ] ERR: (ThinkException) 非法操作:github
[ 2013-12-05T10:27:50+08:00 ] ERR: (ThinkException) 非法操作:github
[ 2013-12-05T10:27:51+08:00 ] ERR: (ThinkException) 非法操作:github
[ 2013-12-05T10:27:53+08:00 ] ERR: (ThinkException) 非法操作:github
[ 2013-12-05T10:28:07+08:00 ] ERR: (ThinkException) 非法操作:github
[ 2013-12-05T10:28:08+08:00 ] ERR: (ThinkException) 非法操作:github
[ 2013-12-05T10:28:09+08:00 ] ERR: (ThinkException) 非法操作:github
[ 2013-12-05T20:38:02+08:00 ] 127.0.0.1 /github/living/index.php/task/add
INFO: [ app_begin ] --START--
INFO: Run ReadHtmlCache Behavior [ RunTime:0.000148s ]
INFO: [ app_begin ] --END-- [ RunTime:0.000228s ]
SQL: SHOW COLUMNS FROM `task` [ RunTime:0.001826s ]
SQL: INSERT INTO `task` (`title`,`addtime`,`uid`,`state`) VALUES ('center test',1386247082,18,1) [ RunTime:0.009084s ]
NOTIC: [8] Undefined variable: result /Applications/MAMP/htdocs/github/living/Lib/Action/taskAction.class.php 第 15 行.

[ 2013-12-05T21:14:28+08:00 ] 127.0.0.1 /github/living/index.php/task/update
INFO: [ app_begin ] --START--
INFO: Run ReadHtmlCache Behavior [ RunTime:0.000210s ]
INFO: [ app_begin ] --END-- [ RunTime:0.000312s ]
SQL: SHOW COLUMNS FROM `task` [ RunTime:0.001050s ]
SQL: UPDATE `task` SET `title`='小伙伴玩一玩' WHERE ( `id` = 36 ) [ RunTime:0.004175s ]

[ 2013-12-05T21:20:49+08:00 ] 127.0.0.1 /github/living/index.php
INFO: [ app_begin ] --START--
INFO: Run ReadHtmlCache Behavior [ RunTime:0.000245s ]
INFO: [ app_begin ] --END-- [ RunTime:0.000396s ]
SQL: SHOW COLUMNS FROM `task` [ RunTime:0.001083s ]
SQL: SELECT * FROM `task` WHERE ( uid = 18 and state != 3 )  [ RunTime:0.000327s ]
SQL: SHOW COLUMNS FROM `note` [ RunTime:0.001151s ]
SQL: SELECT * FROM `note` WHERE ( uid = 18 and state != 3 )  [ RunTime:0.000277s ]
INFO: [ view_template ] --START--
INFO: Run LocationTemplate Behavior [ RunTime:0.000137s ]
INFO: [ view_template ] --END-- [ RunTime:0.000205s ]
INFO: [ view_parse ] --START--
INFO: Run ParseTemplate Behavior [ RunTime:0.003134s ]
INFO: [ view_parse ] --END-- [ RunTime:0.003214s ]
INFO: [ view_filter ] --START--
INFO: Run ContentReplace Behavior [ RunTime:0.000167s ]
INFO: Run TokenBuild Behavior [ RunTime:0.000117s ]
INFO: Run WriteHtmlCache Behavior [ RunTime:0.000067s ]
INFO: Run ShowRuntime Behavior [ RunTime:0.000152s ]
INFO: [ view_filter ] --END-- [ RunTime:0.000661s ]
INFO: [ view_end ] --START--
INFO: Run ShowPageTrace Behavior [ RunTime:0.000117s ]
INFO: [ view_end ] --END-- [ RunTime:0.000189s ]

[ 2013-12-05T22:57:42+08:00 ] 127.0.0.1 /github/living/index.php/user/task/s/__APP__/user/taskJson
INFO: [ app_begin ] --START--
INFO: Run ReadHtmlCache Behavior [ RunTime:0.000158s ]
INFO: [ app_begin ] --END-- [ RunTime:0.000250s ]
SQL: SHOW COLUMNS FROM `task` [ RunTime:0.002434s ]
SQL: SELECT COUNT(*) AS tp_count FROM `task` WHERE ( `uid` = 18 ) LIMIT 1   [ RunTime:0.000388s ]
SQL: SELECT * FROM `task` WHERE ( `uid` = 18 ) LIMIT 0,5   [ RunTime:0.000311s ]
SQL: SELECT COUNT(*) AS tp_count FROM `task` WHERE ( uid=18 ) LIMIT 1   [ RunTime:0.000292s ]
SQL: SELECT COUNT(*) AS tp_count FROM `task` WHERE ( uid=18 and state=3 ) LIMIT 1   [ RunTime:0.001007s ]
INFO: [ view_template ] --START--
INFO: Run LocationTemplate Behavior [ RunTime:0.000488s ]
INFO: [ view_template ] --END-- [ RunTime:0.000678s ]
INFO: [ view_parse ] --START--
NOTIC: [8] Undefined index: taskList /Applications/MAMP/htdocs/github/living/Runtime/Cache/84f44f7ae3a13d43269f0b6a9fda4329558a3a32.file.center.html.php 第 120 行.
NOTIC: [8] Trying to get property of non-object /Applications/MAMP/htdocs/github/living/Runtime/Cache/84f44f7ae3a13d43269f0b6a9fda4329558a3a32.file.center.html.php 第 120 行.
INFO: Run ParseTemplate Behavior [ RunTime:0.004968s ]
INFO: [ view_parse ] --END-- [ RunTime:0.005104s ]
INFO: [ view_filter ] --START--
INFO: Run ContentReplace Behavior [ RunTime:0.000266s ]
INFO: Run TokenBuild Behavior [ RunTime:0.000204s ]
INFO: Run WriteHtmlCache Behavior [ RunTime:0.000115s ]
INFO: Run ShowRuntime Behavior [ RunTime:0.000235s ]
INFO: [ view_filter ] --END-- [ RunTime:0.001094s ]
INFO: [ view_end ] --START--
INFO: Run ShowPageTrace Behavior [ RunTime:0.000201s ]
INFO: [ view_end ] --END-- [ RunTime:0.000281s ]

[ 2013-12-05T22:57:56+08:00 ] 127.0.0.1 /github/living/index.php/user/task/s/__APP__/user/taskJson
INFO: [ app_begin ] --START--
INFO: Run ReadHtmlCache Behavior [ RunTime:0.000196s ]
INFO: [ app_begin ] --END-- [ RunTime:0.000293s ]
SQL: SHOW COLUMNS FROM `task` [ RunTime:0.002828s ]
SQL: SELECT COUNT(*) AS tp_count FROM `task` WHERE ( `uid` = 18 ) LIMIT 1   [ RunTime:0.000349s ]
SQL: SELECT * FROM `task` WHERE ( `uid` = 18 ) LIMIT 0,5   [ RunTime:0.000425s ]
SQL: SELECT COUNT(*) AS tp_count FROM `task` WHERE ( uid=18 ) LIMIT 1   [ RunTime:0.000210s ]
SQL: SELECT COUNT(*) AS tp_count FROM `task` WHERE ( uid=18 and state=3 ) LIMIT 1   [ RunTime:0.000163s ]
INFO: [ view_template ] --START--
INFO: Run LocationTemplate Behavior [ RunTime:0.000204s ]
INFO: [ view_template ] --END-- [ RunTime:0.000294s ]
INFO: [ view_parse ] --START--
NOTIC: [8] Undefined index: taskList /Applications/MAMP/htdocs/github/living/Runtime/Cache/84f44f7ae3a13d43269f0b6a9fda4329558a3a32.file.center.html.php 第 120 行.
NOTIC: [8] Trying to get property of non-object /Applications/MAMP/htdocs/github/living/Runtime/Cache/84f44f7ae3a13d43269f0b6a9fda4329558a3a32.file.center.html.php 第 120 行.
INFO: Run ParseTemplate Behavior [ RunTime:0.005147s ]
INFO: [ view_parse ] --END-- [ RunTime:0.005238s ]
INFO: [ view_filter ] --START--
INFO: Run ContentReplace Behavior [ RunTime:0.000218s ]
INFO: Run TokenBuild Behavior [ RunTime:0.000137s ]
INFO: Run WriteHtmlCache Behavior [ RunTime:0.000070s ]
INFO: Run ShowRuntime Behavior [ RunTime:0.000215s ]
INFO: [ view_filter ] --END-- [ RunTime:0.000846s ]
INFO: [ view_end ] --START--
INFO: Run ShowPageTrace Behavior [ RunTime:0.000198s ]
INFO: [ view_end ] --END-- [ RunTime:0.000296s ]

[ 2013-12-05T22:58:17+08:00 ] 127.0.0.1 /github/living/index.php/user/taskJson
INFO: [ app_begin ] --START--
INFO: Run ReadHtmlCache Behavior [ RunTime:0.000195s ]
INFO: [ app_begin ] --END-- [ RunTime:0.000291s ]

[ 2013-12-05T22:58:28+08:00 ] 127.0.0.1 /github/living/index.php/user/taskJson
INFO: [ app_begin ] --START--
INFO: Run ReadHtmlCache Behavior [ RunTime:0.000177s ]
INFO: [ app_begin ] --END-- [ RunTime:0.000324s ]

[ 2013-12-05T22:58:36+08:00 ] 127.0.0.1 /github/living/index.php/user/taskJson
INFO: [ app_begin ] --START--
INFO: Run ReadHtmlCache Behavior [ RunTime:0.000193s ]
INFO: [ app_begin ] --END-- [ RunTime:0.000290s ]

[ 2013-12-05T22:58:37+08:00 ] 127.0.0.1 /github/living/index.php/user/taskJson
INFO: [ app_begin ] --START--
INFO: Run ReadHtmlCache Behavior [ RunTime:0.000239s ]
INFO: [ app_begin ] --END-- [ RunTime:0.000356s ]

[ 2013-12-05T22:58:41+08:00 ] 127.0.0.1 /github/living/index.php/user/taskJson
INFO: [ app_begin ] --START--
INFO: Run ReadHtmlCache Behavior [ RunTime:0.000178s ]
INFO: [ app_begin ] --END-- [ RunTime:0.000268s ]

[ 2013-12-05T22:58:42+08:00 ] 127.0.0.1 /github/living/index.php/user/taskJson
INFO: [ app_begin ] --START--
INFO: Run ReadHtmlCache Behavior [ RunTime:0.000238s ]
INFO: [ app_begin ] --END-- [ RunTime:0.000375s ]

[ 2013-12-05T22:58:43+08:00 ] 127.0.0.1 /github/living/index.php/user/taskJson
INFO: [ app_begin ] --START--
INFO: Run ReadHtmlCache Behavior [ RunTime:0.000174s ]
INFO: [ app_begin ] --END-- [ RunTime:0.000271s ]

[ 2013-12-05T22:58:54+08:00 ] 127.0.0.1 /github/living/index.php/user/taskJson
INFO: [ app_begin ] --START--
INFO: Run ReadHtmlCache Behavior [ RunTime:0.000186s ]
INFO: [ app_begin ] --END-- [ RunTime:0.000280s ]

[ 2013-12-05T22:58:55+08:00 ] 127.0.0.1 /github/living/index.php/user/taskJson
INFO: [ app_begin ] --START--
INFO: Run ReadHtmlCache Behavior [ RunTime:0.000151s ]
INFO: [ app_begin ] --END-- [ RunTime:0.000233s ]

[ 2013-12-05T23:00:09+08:00 ] 127.0.0.1 /github/living/index.php/user/taskJson
INFO: [ app_begin ] --START--
INFO: Run ReadHtmlCache Behavior [ RunTime:0.000205s ]
INFO: [ app_begin ] --END-- [ RunTime:0.000304s ]

[ 2013-12-05T23:00:32+08:00 ] 127.0.0.1 /github/living/index.php/user/taskJson
INFO: [ app_begin ] --START--
INFO: Run ReadHtmlCache Behavior [ RunTime:0.000192s ]
INFO: [ app_begin ] --END-- [ RunTime:0.000287s ]

[ 2013-12-05T23:00:41+08:00 ] 127.0.0.1 /github/living/index.php/user/taskJson
INFO: [ app_begin ] --START--
INFO: Run ReadHtmlCache Behavior [ RunTime:0.000229s ]
INFO: [ app_begin ] --END-- [ RunTime:0.000334s ]

[ 2013-12-05T23:00:56+08:00 ] 127.0.0.1 /github/living/index.php/user/taskJson
INFO: [ app_begin ] --START--
INFO: Run ReadHtmlCache Behavior [ RunTime:0.000209s ]
INFO: [ app_begin ] --END-- [ RunTime:0.000318s ]

[ 2013-12-05T23:01:03+08:00 ] 127.0.0.1 /github/living/index.php/user/taskJson
INFO: [ app_begin ] --START--
INFO: Run ReadHtmlCache Behavior [ RunTime:0.000151s ]
INFO: [ app_begin ] --END-- [ RunTime:0.000245s ]

[ 2013-12-05T23:01:20+08:00 ] 127.0.0.1 /github/living/index.php/user/taskJson
INFO: [ app_begin ] --START--
INFO: Run ReadHtmlCache Behavior [ RunTime:0.000177s ]
INFO: [ app_begin ] --END-- [ RunTime:0.000273s ]

[ 2013-12-05T23:01:27+08:00 ] 127.0.0.1 /github/living/index.php/user/taskJson
INFO: [ app_begin ] --START--
INFO: Run ReadHtmlCache Behavior [ RunTime:0.000136s ]
INFO: [ app_begin ] --END-- [ RunTime:0.000208s ]

[ 2013-12-05T23:08:08+08:00 ] ERR: (ThinkException) 非法操作:all
[ 2013-12-05T23:08:27+08:00 ] ERR: (ThinkException) 非法操作:index
[ 2013-12-05T23:15:34+08:00 ] ERR: (ThinkException) 非法操作:all
[ 2013-12-05T23:15:35+08:00 ] ERR: (ThinkException) 非法操作:all
[ 2013-12-05T23:15:42+08:00 ] ERR: (ThinkException) 非法操作:all
[ 2013-12-05T23:16:01+08:00 ] 127.0.0.1 /github/living/index.php/user/taskJson
INFO: [ app_begin ] --START--
INFO: Run ReadHtmlCache Behavior [ RunTime:0.000182s ]
INFO: [ app_begin ] --END-- [ RunTime:0.000274s ]
SQL: SHOW COLUMNS FROM `task` [ RunTime:0.001971s ]
SQL: SELECT COUNT(*) AS tp_count FROM `task` WHERE ( `uid` = 18 ) LIMIT 1   [ RunTime:0.000345s ]
SQL: SELECT * FROM `task` WHERE ( `uid` = 18 ) LIMIT 0,3   [ RunTime:0.000284s ]

[ 2013-12-05T23:16:12+08:00 ] ERR: (ThinkException) 非法操作:all
[ 2013-12-05T23:16:18+08:00 ] ERR: (ThinkException) 非法操作:all
[ 2013-12-05T23:16:20+08:00 ] ERR: (ThinkException) 非法操作:all
[ 2013-12-05T23:16:29+08:00 ] 127.0.0.1 /github/living/index.php/user/taskJson
INFO: [ app_begin ] --START--
INFO: Run ReadHtmlCache Behavior [ RunTime:0.000139s ]
INFO: [ app_begin ] --END-- [ RunTime:0.000218s ]
SQL: SHOW COLUMNS FROM `task` [ RunTime:0.002739s ]
SQL: SELECT COUNT(*) AS tp_count FROM `task` WHERE ( `uid` = 18 ) LIMIT 1   [ RunTime:0.000517s ]
SQL: SELECT * FROM `task` WHERE ( `uid` = 18 ) LIMIT 0,3   [ RunTime:0.000356s ]

[ 2013-12-05T23:19:44+08:00 ] 127.0.0.1 /github/living/index.php/user/taskJson
INFO: [ app_begin ] --START--
INFO: Run ReadHtmlCache Behavior [ RunTime:0.000185s ]
INFO: [ app_begin ] --END-- [ RunTime:0.000277s ]
SQL: SHOW COLUMNS FROM `task` [ RunTime:0.003362s ]
SQL: SELECT COUNT(*) AS tp_count FROM `task` WHERE ( `uid` = 18 ) LIMIT 1   [ RunTime:0.000329s ]
SQL: SELECT * FROM `task` WHERE ( `uid` = 18 ) LIMIT 0,3   [ RunTime:0.000424s ]

[ 2013-12-05T23:20:02+08:00 ] 127.0.0.1 /github/living/index.php/user/taskJson
INFO: [ app_begin ] --START--
INFO: Run ReadHtmlCache Behavior [ RunTime:0.000186s ]
INFO: [ app_begin ] --END-- [ RunTime:0.000288s ]
SQL: SHOW COLUMNS FROM `task` [ RunTime:0.003047s ]
SQL: SELECT COUNT(*) AS tp_count FROM `task` WHERE ( `uid` = 18 ) LIMIT 1   [ RunTime:0.000389s ]
SQL: SELECT * FROM `task` WHERE ( `uid` = 18 ) LIMIT 0,3   [ RunTime:0.000467s ]

[ 2013-12-05T23:25:58+08:00 ] 127.0.0.1 /github/living/index.php/user/taskJson
INFO: [ app_begin ] --START--
INFO: Run ReadHtmlCache Behavior [ RunTime:0.000141s ]
INFO: [ app_begin ] --END-- [ RunTime:0.000225s ]
SQL: SHOW COLUMNS FROM `task` [ RunTime:0.002734s ]
SQL: SELECT COUNT(*) AS tp_count FROM `task` WHERE ( `uid` = 18 ) LIMIT 1   [ RunTime:0.000285s ]
SQL: SELECT * FROM `task` WHERE ( `uid` = 18 ) LIMIT 0,3   [ RunTime:0.000193s ]

[ 2013-12-05T23:26:33+08:00 ] 127.0.0.1 /github/living/index.php/user/taskJson
INFO: [ app_begin ] --START--
INFO: Run ReadHtmlCache Behavior [ RunTime:0.000191s ]
INFO: [ app_begin ] --END-- [ RunTime:0.000289s ]
SQL: SHOW COLUMNS FROM `task` [ RunTime:0.002891s ]
SQL: SELECT COUNT(*) AS tp_count FROM `task` WHERE ( `uid` = 18 ) LIMIT 1   [ RunTime:0.000376s ]
SQL: SELECT * FROM `task` WHERE ( `uid` = 18 ) LIMIT 0,3   [ RunTime:0.000445s ]

[ 2013-12-05T23:26:45+08:00 ] 127.0.0.1 /github/living/index.php/user/taskJson
INFO: [ app_begin ] --START--
INFO: Run ReadHtmlCache Behavior [ RunTime:0.000186s ]
INFO: [ app_begin ] --END-- [ RunTime:0.000296s ]
SQL: SHOW COLUMNS FROM `task` [ RunTime:0.002815s ]
SQL: SELECT COUNT(*) AS tp_count FROM `task` WHERE ( `uid` = 18 ) LIMIT 1   [ RunTime:0.000492s ]
SQL: SELECT * FROM `task` WHERE ( `uid` = 18 ) LIMIT 0,3   [ RunTime:0.000371s ]

[ 2013-12-05T23:27:49+08:00 ] 127.0.0.1 /github/living/index.php/user/taskJson
INFO: [ app_begin ] --START--
INFO: Run ReadHtmlCache Behavior [ RunTime:0.000197s ]
INFO: [ app_begin ] --END-- [ RunTime:0.000301s ]
SQL: SHOW COLUMNS FROM `task` [ RunTime:0.002835s ]
SQL: SELECT COUNT(*) AS tp_count FROM `task` WHERE ( `uid` = 18 ) LIMIT 1   [ RunTime:0.000495s ]
SQL: SELECT * FROM `task` WHERE ( `uid` = 18 ) LIMIT 0,3   [ RunTime:0.000410s ]

[ 2013-12-05T23:29:00+08:00 ] 127.0.0.1 /github/living/index.php/user/taskJson
INFO: [ app_begin ] --START--
INFO: Run ReadHtmlCache Behavior [ RunTime:0.000214s ]
INFO: [ app_begin ] --END-- [ RunTime:0.000316s ]
SQL: SHOW COLUMNS FROM `task` [ RunTime:0.001345s ]
SQL: SELECT COUNT(*) AS tp_count FROM `task` WHERE ( `uid` = 18 ) LIMIT 1   [ RunTime:0.000308s ]
SQL: SELECT * FROM `task` WHERE ( `uid` = 18 ) LIMIT 0,3   [ RunTime:0.000324s ]

[ 2013-12-05T23:29:14+08:00 ] 127.0.0.1 /github/living/index.php/user/taskJson
INFO: [ app_begin ] --START--
INFO: Run ReadHtmlCache Behavior [ RunTime:0.000187s ]
INFO: [ app_begin ] --END-- [ RunTime:0.000294s ]
SQL: SHOW COLUMNS FROM `task` [ RunTime:0.002534s ]
SQL: SELECT COUNT(*) AS tp_count FROM `task` WHERE ( `uid` = 18 ) LIMIT 1   [ RunTime:0.000340s ]
SQL: SELECT * FROM `task` WHERE ( `uid` = 18 ) LIMIT 0,3   [ RunTime:0.000495s ]

[ 2013-12-05T23:29:57+08:00 ] 127.0.0.1 /github/living/index.php/user/taskJson
INFO: [ app_begin ] --START--
INFO: Run ReadHtmlCache Behavior [ RunTime:0.000208s ]
INFO: [ app_begin ] --END-- [ RunTime:0.000309s ]
SQL: SHOW COLUMNS FROM `task` [ RunTime:0.002359s ]
SQL: SELECT COUNT(*) AS tp_count FROM `task` WHERE ( `uid` = 18 ) LIMIT 1   [ RunTime:0.000351s ]
SQL: SELECT * FROM `task` WHERE ( `uid` = 18 ) LIMIT 0,3   [ RunTime:0.000255s ]

[ 2013-12-05T23:30:26+08:00 ] 127.0.0.1 /github/living/index.php/user/taskJson
INFO: [ app_begin ] --START--
INFO: Run ReadHtmlCache Behavior [ RunTime:0.000169s ]
INFO: [ app_begin ] --END-- [ RunTime:0.000258s ]
SQL: SHOW COLUMNS FROM `task` [ RunTime:0.003060s ]
SQL: SELECT COUNT(*) AS tp_count FROM `task` WHERE ( `uid` = 18 ) LIMIT 1   [ RunTime:0.000452s ]
SQL: SELECT * FROM `task` WHERE ( `uid` = 18 ) LIMIT 0,10   [ RunTime:0.000537s ]

[ 2013-12-05T23:31:02+08:00 ] 127.0.0.1 /github/living/index.php/user/taskJson
INFO: [ app_begin ] --START--
INFO: Run ReadHtmlCache Behavior [ RunTime:0.000162s ]
INFO: [ app_begin ] --END-- [ RunTime:0.000270s ]
SQL: SHOW COLUMNS FROM `task` [ RunTime:0.002770s ]
SQL: SELECT COUNT(*) AS tp_count FROM `task` WHERE ( `uid` = 18 ) LIMIT 1   [ RunTime:0.000399s ]
SQL: SELECT * FROM `task` WHERE ( `uid` = 18 )  [ RunTime:0.000492s ]

[ 2013-12-05T23:31:06+08:00 ] 127.0.0.1 /github/living/index.php/user/taskJson
INFO: [ app_begin ] --START--
INFO: Run ReadHtmlCache Behavior [ RunTime:0.000180s ]
INFO: [ app_begin ] --END-- [ RunTime:0.000284s ]
SQL: SHOW COLUMNS FROM `task` [ RunTime:0.002855s ]
SQL: SELECT COUNT(*) AS tp_count FROM `task` WHERE ( `uid` = 18 ) LIMIT 1   [ RunTime:0.000468s ]
SQL: SELECT * FROM `task` WHERE ( `uid` = 18 )  [ RunTime:0.000488s ]

[ 2013-12-05T23:31:25+08:00 ] 127.0.0.1 /github/living/index.php/user/taskJson
INFO: [ app_begin ] --START--
INFO: Run ReadHtmlCache Behavior [ RunTime:0.000208s ]
INFO: [ app_begin ] --END-- [ RunTime:0.000310s ]
SQL: SHOW COLUMNS FROM `task` [ RunTime:0.002652s ]
SQL: SELECT COUNT(*) AS tp_count FROM `task` WHERE ( `uid` = 18 ) LIMIT 1   [ RunTime:0.000444s ]
SQL: SELECT * FROM `task` WHERE ( `uid` = 18 )  [ RunTime:0.000495s ]

[ 2013-12-05T23:31:35+08:00 ] 127.0.0.1 /github/living/index.php/user/taskJson
INFO: [ app_begin ] --START--
INFO: Run ReadHtmlCache Behavior [ RunTime:0.000197s ]
INFO: [ app_begin ] --END-- [ RunTime:0.000281s ]
SQL: SHOW COLUMNS FROM `task` [ RunTime:0.003185s ]
SQL: SELECT COUNT(*) AS tp_count FROM `task` WHERE ( `uid` = 18 ) LIMIT 1   [ RunTime:0.000362s ]
SQL: SELECT * FROM `task` WHERE ( `uid` = 18 )  [ RunTime:0.000335s ]

[ 2013-12-05T23:31:36+08:00 ] 127.0.0.1 /github/living/index.php/user/taskJson
INFO: [ app_begin ] --START--
INFO: Run ReadHtmlCache Behavior [ RunTime:0.000162s ]
INFO: [ app_begin ] --END-- [ RunTime:0.000255s ]
SQL: SHOW COLUMNS FROM `task` [ RunTime:0.003273s ]
SQL: SELECT COUNT(*) AS tp_count FROM `task` WHERE ( `uid` = 18 ) LIMIT 1   [ RunTime:0.000349s ]
SQL: SELECT * FROM `task` WHERE ( `uid` = 18 )  [ RunTime:0.000527s ]

[ 2013-12-05T23:31:37+08:00 ] 127.0.0.1 /github/living/index.php/user/taskJson
INFO: [ app_begin ] --START--
INFO: Run ReadHtmlCache Behavior [ RunTime:0.000173s ]
INFO: [ app_begin ] --END-- [ RunTime:0.000269s ]
SQL: SHOW COLUMNS FROM `task` [ RunTime:0.002450s ]
SQL: SELECT COUNT(*) AS tp_count FROM `task` WHERE ( `uid` = 18 ) LIMIT 1   [ RunTime:0.000287s ]
SQL: SELECT * FROM `task` WHERE ( `uid` = 18 )  [ RunTime:0.000191s ]

[ 2013-12-05T23:31:37+08:00 ] 127.0.0.1 /github/living/index.php/user/taskJson
INFO: [ app_begin ] --START--
INFO: Run ReadHtmlCache Behavior [ RunTime:0.000180s ]
INFO: [ app_begin ] --END-- [ RunTime:0.000258s ]
SQL: SHOW COLUMNS FROM `task` [ RunTime:0.001534s ]
SQL: SELECT COUNT(*) AS tp_count FROM `task` WHERE ( `uid` = 18 ) LIMIT 1   [ RunTime:0.000405s ]
SQL: SELECT * FROM `task` WHERE ( `uid` = 18 )  [ RunTime:0.000409s ]

[ 2013-12-05T23:31:38+08:00 ] 127.0.0.1 /github/living/index.php/user/taskJson
INFO: [ app_begin ] --START--
INFO: Run ReadHtmlCache Behavior [ RunTime:0.000163s ]
INFO: [ app_begin ] --END-- [ RunTime:0.000254s ]
SQL: SHOW COLUMNS FROM `task` [ RunTime:0.002638s ]
SQL: SELECT COUNT(*) AS tp_count FROM `task` WHERE ( `uid` = 18 ) LIMIT 1   [ RunTime:0.000462s ]
SQL: SELECT * FROM `task` WHERE ( `uid` = 18 )  [ RunTime:0.000546s ]

[ 2013-12-05T23:31:39+08:00 ] 127.0.0.1 /github/living/index.php/user/taskJson
INFO: [ app_begin ] --START--
INFO: Run ReadHtmlCache Behavior [ RunTime:0.000162s ]
INFO: [ app_begin ] --END-- [ RunTime:0.000249s ]
SQL: SHOW COLUMNS FROM `task` [ RunTime:0.003261s ]
SQL: SELECT COUNT(*) AS tp_count FROM `task` WHERE ( `uid` = 18 ) LIMIT 1   [ RunTime:0.000509s ]
SQL: SELECT * FROM `task` WHERE ( `uid` = 18 )  [ RunTime:0.000411s ]

[ 2013-12-05T23:31:39+08:00 ] 127.0.0.1 /github/living/index.php/user/taskJson
INFO: [ app_begin ] --START--
INFO: Run ReadHtmlCache Behavior [ RunTime:0.000190s ]
INFO: [ app_begin ] --END-- [ RunTime:0.000282s ]
SQL: SHOW COLUMNS FROM `task` [ RunTime:0.002791s ]
SQL: SELECT COUNT(*) AS tp_count FROM `task` WHERE ( `uid` = 18 ) LIMIT 1   [ RunTime:0.000455s ]
SQL: SELECT * FROM `task` WHERE ( `uid` = 18 )  [ RunTime:0.000420s ]

[ 2013-12-05T23:31:58+08:00 ] 127.0.0.1 /github/living/index.php/user/taskJson
INFO: [ app_begin ] --START--
INFO: Run ReadHtmlCache Behavior [ RunTime:0.000198s ]
INFO: [ app_begin ] --END-- [ RunTime:0.000299s ]
SQL: SHOW COLUMNS FROM `task` [ RunTime:0.002361s ]
SQL: SELECT COUNT(*) AS tp_count FROM `task` WHERE ( `uid` = 18 ) LIMIT 1   [ RunTime:0.000365s ]
SQL: SELECT * FROM `task` WHERE ( `uid` = 18 )  [ RunTime:0.000291s ]

[ 2013-12-05T23:32:04+08:00 ] 127.0.0.1 /github/living/index.php/user/taskJson
INFO: [ app_begin ] --START--
INFO: Run ReadHtmlCache Behavior [ RunTime:0.000205s ]
INFO: [ app_begin ] --END-- [ RunTime:0.000305s ]
SQL: SHOW COLUMNS FROM `task` [ RunTime:0.002741s ]
SQL: SELECT COUNT(*) AS tp_count FROM `task` WHERE ( `uid` = 18 ) LIMIT 1   [ RunTime:0.000510s ]
SQL: SELECT * FROM `task` WHERE ( `uid` = 18 )  [ RunTime:0.000347s ]

[ 2013-12-05T23:32:08+08:00 ] 127.0.0.1 /github/living/index.php/user/taskJson
INFO: [ app_begin ] --START--
INFO: Run ReadHtmlCache Behavior [ RunTime:0.000195s ]
INFO: [ app_begin ] --END-- [ RunTime:0.000294s ]
SQL: SHOW COLUMNS FROM `task` [ RunTime:0.002475s ]
SQL: SELECT COUNT(*) AS tp_count FROM `task` WHERE ( `uid` = 18 ) LIMIT 1   [ RunTime:0.000329s ]
SQL: SELECT * FROM `task` WHERE ( `uid` = 18 )  [ RunTime:0.000202s ]

[ 2013-12-05T23:32:09+08:00 ] 127.0.0.1 /github/living/index.php/user/taskJson
INFO: [ app_begin ] --START--
INFO: Run ReadHtmlCache Behavior [ RunTime:0.000226s ]
INFO: [ app_begin ] --END-- [ RunTime:0.000345s ]
SQL: SHOW COLUMNS FROM `task` [ RunTime:0.002493s ]
SQL: SELECT COUNT(*) AS tp_count FROM `task` WHERE ( `uid` = 18 ) LIMIT 1   [ RunTime:0.000283s ]
SQL: SELECT * FROM `task` WHERE ( `uid` = 18 )  [ RunTime:0.000170s ]

[ 2013-12-05T23:32:11+08:00 ] 127.0.0.1 /github/living/index.php/user/taskJson
INFO: [ app_begin ] --START--
INFO: Run ReadHtmlCache Behavior [ RunTime:0.000185s ]
INFO: [ app_begin ] --END-- [ RunTime:0.000282s ]
SQL: SHOW COLUMNS FROM `task` [ RunTime:0.001982s ]
SQL: SELECT COUNT(*) AS tp_count FROM `task` WHERE ( `uid` = 18 ) LIMIT 1   [ RunTime:0.000297s ]
SQL: SELECT * FROM `task` WHERE ( `uid` = 18 )  [ RunTime:0.000233s ]

[ 2013-12-05T23:32:23+08:00 ] 127.0.0.1 /github/living/index.php/user/taskJson
INFO: [ app_begin ] --START--
INFO: Run ReadHtmlCache Behavior [ RunTime:0.000192s ]
INFO: [ app_begin ] --END-- [ RunTime:0.000293s ]
SQL: SHOW COLUMNS FROM `task` [ RunTime:0.004198s ]
SQL: SELECT COUNT(*) AS tp_count FROM `task` WHERE ( `uid` = 18 ) LIMIT 1   [ RunTime:0.000345s ]
SQL: SELECT * FROM `task` WHERE ( `uid` = 18 )  [ RunTime:0.000314s ]

[ 2013-12-05T23:32:25+08:00 ] 127.0.0.1 /github/living/index.php/user/taskJson
INFO: [ app_begin ] --START--
INFO: Run ReadHtmlCache Behavior [ RunTime:0.000324s ]
INFO: [ app_begin ] --END-- [ RunTime:0.000490s ]
SQL: SHOW COLUMNS FROM `task` [ RunTime:0.002620s ]
SQL: SELECT COUNT(*) AS tp_count FROM `task` WHERE ( `uid` = 18 ) LIMIT 1   [ RunTime:0.000332s ]
SQL: SELECT * FROM `task` WHERE ( `uid` = 18 )  [ RunTime:0.000265s ]

[ 2013-12-05T23:32:54+08:00 ] 127.0.0.1 /github/living/index.php/user/taskJson
INFO: [ app_begin ] --START--
INFO: Run ReadHtmlCache Behavior [ RunTime:0.000140s ]
INFO: [ app_begin ] --END-- [ RunTime:0.000207s ]
SQL: SHOW COLUMNS FROM `task` [ RunTime:0.003069s ]
SQL: SELECT COUNT(*) AS tp_count FROM `task` WHERE ( `uid` = 18 ) LIMIT 1   [ RunTime:0.000277s ]
SQL: SELECT * FROM `task` WHERE ( `uid` = 18 )  [ RunTime:0.000274s ]

[ 2013-12-05T23:33:33+08:00 ] 127.0.0.1 /github/living/index.php/user/taskJson
INFO: [ app_begin ] --START--
INFO: Run ReadHtmlCache Behavior [ RunTime:0.000214s ]
INFO: [ app_begin ] --END-- [ RunTime:0.000331s ]
SQL: SHOW COLUMNS FROM `task` [ RunTime:0.003056s ]
SQL: SELECT COUNT(*) AS tp_count FROM `task` WHERE ( `uid` = 18 ) LIMIT 1   [ RunTime:0.000525s ]
SQL: SELECT * FROM `task` WHERE ( `uid` = 18 )  [ RunTime:0.000340s ]

[ 2013-12-05T23:33:44+08:00 ] 127.0.0.1 /github/living/index.php/user/taskJson
INFO: [ app_begin ] --START--
INFO: Run ReadHtmlCache Behavior [ RunTime:0.000149s ]
INFO: [ app_begin ] --END-- [ RunTime:0.000232s ]
SQL: SHOW COLUMNS FROM `task` [ RunTime:0.002412s ]
SQL: SELECT COUNT(*) AS tp_count FROM `task` WHERE ( `uid` = 18 ) LIMIT 1   [ RunTime:0.000762s ]
SQL: SELECT * FROM `task` WHERE ( `uid` = 18 )  [ RunTime:0.000357s ]

[ 2013-12-05T23:33:55+08:00 ] 127.0.0.1 /github/living/index.php/user/taskJson
INFO: [ app_begin ] --START--
INFO: Run ReadHtmlCache Behavior [ RunTime:0.000177s ]
INFO: [ app_begin ] --END-- [ RunTime:0.000279s ]
SQL: SHOW COLUMNS FROM `task` [ RunTime:0.002658s ]
SQL: SELECT COUNT(*) AS tp_count FROM `task` WHERE ( `uid` = 18 ) LIMIT 1   [ RunTime:0.000367s ]
SQL: SELECT * FROM `task` WHERE ( `uid` = 18 )  [ RunTime:0.000429s ]

[ 2013-12-05T23:34:26+08:00 ] 127.0.0.1 /github/living/index.php/user/taskJson
INFO: [ app_begin ] --START--
INFO: Run ReadHtmlCache Behavior [ RunTime:0.000192s ]
INFO: [ app_begin ] --END-- [ RunTime:0.000287s ]
SQL: SHOW COLUMNS FROM `task` [ RunTime:0.002568s ]
SQL: SELECT COUNT(*) AS tp_count FROM `task` WHERE ( `uid` = 18 ) LIMIT 1   [ RunTime:0.000319s ]
SQL: SELECT * FROM `task` WHERE ( `uid` = 18 )  [ RunTime:0.000497s ]

[ 2013-12-05T23:35:26+08:00 ] 127.0.0.1 /github/living/index.php/user/taskJson
INFO: [ app_begin ] --START--
INFO: Run ReadHtmlCache Behavior [ RunTime:0.000132s ]
INFO: [ app_begin ] --END-- [ RunTime:0.000200s ]
SQL: SHOW COLUMNS FROM `task` [ RunTime:0.002734s ]
SQL: SELECT COUNT(*) AS tp_count FROM `task` WHERE ( `uid` = 18 ) LIMIT 1   [ RunTime:0.000344s ]
SQL: SELECT * FROM `task` WHERE ( `uid` = 18 )  [ RunTime:0.000502s ]

[ 2013-12-05T23:35:49+08:00 ] 127.0.0.1 /github/living/index.php/user/taskJson
INFO: [ app_begin ] --START--
INFO: Run ReadHtmlCache Behavior [ RunTime:0.000177s ]
INFO: [ app_begin ] --END-- [ RunTime:0.000261s ]
SQL: SHOW COLUMNS FROM `task` [ RunTime:0.002836s ]
SQL: SELECT COUNT(*) AS tp_count FROM `task` WHERE ( `uid` = 18 ) LIMIT 1   [ RunTime:0.000409s ]
SQL: SELECT * FROM `task` WHERE ( `uid` = 18 )  [ RunTime:0.000401s ]

[ 2013-12-05T23:36:07+08:00 ] 127.0.0.1 /github/living/index.php/user/taskJson
INFO: [ app_begin ] --START--
INFO: Run ReadHtmlCache Behavior [ RunTime:0.000196s ]
INFO: [ app_begin ] --END-- [ RunTime:0.000310s ]
SQL: SHOW COLUMNS FROM `task` [ RunTime:0.002769s ]
SQL: SELECT COUNT(*) AS tp_count FROM `task` WHERE ( `uid` = 18 ) LIMIT 1   [ RunTime:0.000293s ]
SQL: SELECT * FROM `task` WHERE ( `uid` = 18 )  [ RunTime:0.000387s ]

[ 2013-12-05T23:36:10+08:00 ] 127.0.0.1 /github/living/index.php/user/taskJson
INFO: [ app_begin ] --START--
INFO: Run ReadHtmlCache Behavior [ RunTime:0.000167s ]
INFO: [ app_begin ] --END-- [ RunTime:0.000258s ]
SQL: SHOW COLUMNS FROM `task` [ RunTime:0.002365s ]
SQL: SELECT COUNT(*) AS tp_count FROM `task` WHERE ( `uid` = 18 ) LIMIT 1   [ RunTime:0.000375s ]
SQL: SELECT * FROM `task` WHERE ( `uid` = 18 )  [ RunTime:0.000327s ]

[ 2013-12-05T23:36:11+08:00 ] 127.0.0.1 /github/living/index.php/user/taskJson
INFO: [ app_begin ] --START--
INFO: Run ReadHtmlCache Behavior [ RunTime:0.000187s ]
INFO: [ app_begin ] --END-- [ RunTime:0.000285s ]
SQL: SHOW COLUMNS FROM `task` [ RunTime:0.002738s ]
SQL: SELECT COUNT(*) AS tp_count FROM `task` WHERE ( `uid` = 18 ) LIMIT 1   [ RunTime:0.000472s ]
SQL: SELECT * FROM `task` WHERE ( `uid` = 18 )  [ RunTime:0.000478s ]

[ 2013-12-05T23:36:14+08:00 ] 127.0.0.1 /github/living/index.php/user/taskJson
INFO: [ app_begin ] --START--
INFO: Run ReadHtmlCache Behavior [ RunTime:0.000215s ]
INFO: [ app_begin ] --END-- [ RunTime:0.000319s ]
SQL: SHOW COLUMNS FROM `task` [ RunTime:0.002716s ]
SQL: SELECT COUNT(*) AS tp_count FROM `task` WHERE ( `uid` = 18 ) LIMIT 1   [ RunTime:0.000380s ]
SQL: SELECT * FROM `task` WHERE ( `uid` = 18 )  [ RunTime:0.000387s ]

[ 2013-12-05T23:37:11+08:00 ] 127.0.0.1 /github/living/index.php/user/taskJson
INFO: [ app_begin ] --START--
INFO: Run ReadHtmlCache Behavior [ RunTime:0.000175s ]
INFO: [ app_begin ] --END-- [ RunTime:0.000257s ]
SQL: SHOW COLUMNS FROM `task` [ RunTime:0.002553s ]
SQL: SELECT COUNT(*) AS tp_count FROM `task` WHERE ( `uid` = 18 ) LIMIT 1   [ RunTime:0.000411s ]
SQL: SELECT * FROM `task` WHERE ( `uid` = 18 )  [ RunTime:0.000345s ]

[ 2013-12-05T23:37:34+08:00 ] 127.0.0.1 /github/living/index.php/user/taskJson
INFO: [ app_begin ] --START--
INFO: Run ReadHtmlCache Behavior [ RunTime:0.000192s ]
INFO: [ app_begin ] --END-- [ RunTime:0.000297s ]
SQL: SHOW COLUMNS FROM `task` [ RunTime:0.002830s ]
SQL: SELECT COUNT(*) AS tp_count FROM `task` WHERE ( `uid` = 18 ) LIMIT 1   [ RunTime:0.000362s ]
SQL: SELECT * FROM `task` WHERE ( `uid` = 18 )  [ RunTime:0.000533s ]

[ 2013-12-05T23:37:56+08:00 ] 127.0.0.1 /github/living/index.php/user/taskJson
INFO: [ app_begin ] --START--
INFO: Run ReadHtmlCache Behavior [ RunTime:0.000133s ]
INFO: [ app_begin ] --END-- [ RunTime:0.000201s ]
SQL: SHOW COLUMNS FROM `task` [ RunTime:0.001395s ]
SQL: SELECT COUNT(*) AS tp_count FROM `task` WHERE ( `uid` = 18 ) LIMIT 1   [ RunTime:0.000283s ]
SQL: SELECT * FROM `task` WHERE ( `uid` = 18 )  [ RunTime:0.000289s ]

[ 2013-12-05T23:38:17+08:00 ] 127.0.0.1 /github/living/index.php/user/taskJson
INFO: [ app_begin ] --START--
INFO: Run ReadHtmlCache Behavior [ RunTime:0.000183s ]
INFO: [ app_begin ] --END-- [ RunTime:0.000275s ]
SQL: SHOW COLUMNS FROM `task` [ RunTime:0.002811s ]
SQL: SELECT COUNT(*) AS tp_count FROM `task` WHERE ( `uid` = 18 ) LIMIT 1   [ RunTime:0.000443s ]
SQL: SELECT * FROM `task` WHERE ( `uid` = 18 )  [ RunTime:0.000617s ]

[ 2013-12-05T23:39:26+08:00 ] 127.0.0.1 /github/living/index.php/user/taskJson
INFO: [ app_begin ] --START--
INFO: Run ReadHtmlCache Behavior [ RunTime:0.000181s ]
INFO: [ app_begin ] --END-- [ RunTime:0.000264s ]
SQL: SHOW COLUMNS FROM `task` [ RunTime:0.002782s ]
SQL: SELECT COUNT(*) AS tp_count FROM `task` WHERE ( `uid` = 18 ) LIMIT 1   [ RunTime:0.000511s ]
SQL: SELECT * FROM `task` WHERE ( `uid` = 18 )  [ RunTime:0.000304s ]

[ 2013-12-05T23:39:49+08:00 ] 127.0.0.1 /github/living/index.php/user/taskJson
INFO: [ app_begin ] --START--
INFO: Run ReadHtmlCache Behavior [ RunTime:0.000188s ]
INFO: [ app_begin ] --END-- [ RunTime:0.000268s ]
SQL: SHOW COLUMNS FROM `task` [ RunTime:0.002955s ]
SQL: SELECT COUNT(*) AS tp_count FROM `task` WHERE ( `uid` = 18 ) LIMIT 1   [ RunTime:0.000527s ]
SQL: SELECT * FROM `task` WHERE ( `uid` = 18 )  [ RunTime:0.000293s ]

[ 2013-12-05T23:40:07+08:00 ] 127.0.0.1 /github/living/index.php/user/taskJson
INFO: [ app_begin ] --START--
INFO: Run ReadHtmlCache Behavior [ RunTime:0.000176s ]
INFO: [ app_begin ] --END-- [ RunTime:0.000278s ]
SQL: SHOW COLUMNS FROM `task` [ RunTime:0.002845s ]
SQL: SELECT COUNT(*) AS tp_count FROM `task` WHERE ( `uid` = 18 ) LIMIT 1   [ RunTime:0.000449s ]
SQL: SELECT * FROM `task` WHERE ( `uid` = 18 )  [ RunTime:0.000237s ]

[ 2013-12-05T23:41:00+08:00 ] 127.0.0.1 /github/living/index.php/user/taskJson
INFO: [ app_begin ] --START--
INFO: Run ReadHtmlCache Behavior [ RunTime:0.000135s ]
INFO: [ app_begin ] --END-- [ RunTime:0.000203s ]
SQL: SHOW COLUMNS FROM `task` [ RunTime:0.001666s ]
SQL: SELECT COUNT(*) AS tp_count FROM `task` WHERE ( `uid` = 18 ) LIMIT 1   [ RunTime:0.000287s ]
SQL: SELECT * FROM `task` WHERE ( `uid` = 18 )  [ RunTime:0.000183s ]

[ 2013-12-05T23:41:11+08:00 ] 127.0.0.1 /github/living/index.php/user/taskJson
INFO: [ app_begin ] --START--
INFO: Run ReadHtmlCache Behavior [ RunTime:0.000204s ]
INFO: [ app_begin ] --END-- [ RunTime:0.000312s ]
SQL: SHOW COLUMNS FROM `task` [ RunTime:0.001427s ]
SQL: SELECT COUNT(*) AS tp_count FROM `task` WHERE ( `uid` = 18 ) LIMIT 1   [ RunTime:0.000315s ]
SQL: SELECT * FROM `task` WHERE ( `uid` = 18 )  [ RunTime:0.000365s ]

[ 2013-12-05T23:41:17+08:00 ] 127.0.0.1 /github/living/index.php/user/taskJson
INFO: [ app_begin ] --START--
INFO: Run ReadHtmlCache Behavior [ RunTime:0.000170s ]
INFO: [ app_begin ] --END-- [ RunTime:0.000255s ]
SQL: SHOW COLUMNS FROM `task` [ RunTime:0.001805s ]
SQL: SELECT COUNT(*) AS tp_count FROM `task` WHERE ( `uid` = 18 ) LIMIT 1   [ RunTime:0.000338s ]
SQL: SELECT * FROM `task` WHERE ( `uid` = 18 )  [ RunTime:0.000335s ]

[ 2013-12-05T23:41:52+08:00 ] 127.0.0.1 /github/living/index.php/user/taskJson
INFO: [ app_begin ] --START--
INFO: Run ReadHtmlCache Behavior [ RunTime:0.000217s ]
INFO: [ app_begin ] --END-- [ RunTime:0.000327s ]
SQL: SHOW COLUMNS FROM `task` [ RunTime:0.001221s ]
SQL: SELECT COUNT(*) AS tp_count FROM `task` WHERE ( `uid` = 18 ) LIMIT 1   [ RunTime:0.000319s ]
SQL: SELECT * FROM `task` WHERE ( `uid` = 18 )  [ RunTime:0.000345s ]

[ 2013-12-05T23:41:58+08:00 ] 127.0.0.1 /github/living/index.php/user/taskJson
INFO: [ app_begin ] --START--
INFO: Run ReadHtmlCache Behavior [ RunTime:0.000247s ]
INFO: [ app_begin ] --END-- [ RunTime:0.000379s ]
SQL: SHOW COLUMNS FROM `task` [ RunTime:0.001341s ]
SQL: SELECT COUNT(*) AS tp_count FROM `task` WHERE ( `uid` = 18 ) LIMIT 1   [ RunTime:0.000336s ]
SQL: SELECT * FROM `task` WHERE ( `uid` = 18 )  [ RunTime:0.000413s ]

[ 2013-12-05T23:42:00+08:00 ] 127.0.0.1 /github/living/index.php/user/taskJson
INFO: [ app_begin ] --START--
INFO: Run ReadHtmlCache Behavior [ RunTime:0.000284s ]
INFO: [ app_begin ] --END-- [ RunTime:0.000431s ]
SQL: SHOW COLUMNS FROM `task` [ RunTime:0.001863s ]
SQL: SELECT COUNT(*) AS tp_count FROM `task` WHERE ( `uid` = 18 ) LIMIT 1   [ RunTime:0.000346s ]
SQL: SELECT * FROM `task` WHERE ( `uid` = 18 )  [ RunTime:0.000324s ]

[ 2013-12-05T23:45:02+08:00 ] 127.0.0.1 /github/living/index.php/user/taskJson
INFO: [ app_begin ] --START--
INFO: Run ReadHtmlCache Behavior [ RunTime:0.000222s ]
INFO: [ app_begin ] --END-- [ RunTime:0.000337s ]
SQL: SHOW COLUMNS FROM `task` [ RunTime:0.001203s ]
SQL: SELECT COUNT(*) AS tp_count FROM `task` WHERE ( `uid` = 18 ) LIMIT 1   [ RunTime:0.000354s ]
SQL: SELECT * FROM `task` WHERE ( `uid` = 18 )  [ RunTime:0.000276s ]

[ 2013-12-05T23:48:52+08:00 ] 127.0.0.1 /github/living/index.php/user/taskJson
INFO: [ app_begin ] --START--
INFO: Run ReadHtmlCache Behavior [ RunTime:0.000194s ]
INFO: [ app_begin ] --END-- [ RunTime:0.000327s ]
SQL: SHOW COLUMNS FROM `task` [ RunTime:0.001827s ]
SQL: SELECT COUNT(*) AS tp_count FROM `task` WHERE ( `uid` = 18 ) LIMIT 1   [ RunTime:0.000774s ]
SQL: SELECT * FROM `task` WHERE ( `uid` = 18 )  [ RunTime:0.000595s ]

[ 2013-12-05T23:49:32+08:00 ] 127.0.0.1 /github/living/index.php/user/taskJson
INFO: [ app_begin ] --START--
INFO: Run ReadHtmlCache Behavior [ RunTime:0.000225s ]
INFO: [ app_begin ] --END-- [ RunTime:0.000336s ]
SQL: SHOW COLUMNS FROM `task` [ RunTime:0.001688s ]
SQL: SELECT COUNT(*) AS tp_count FROM `task` WHERE ( `uid` = 18 ) LIMIT 1   [ RunTime:0.000313s ]
SQL: SELECT * FROM `task` WHERE ( `uid` = 18 )  [ RunTime:0.001195s ]

[ 2013-12-05T23:49:44+08:00 ] 127.0.0.1 /github/living/index.php/user/taskJson
INFO: [ app_begin ] --START--
INFO: Run ReadHtmlCache Behavior [ RunTime:0.000164s ]
INFO: [ app_begin ] --END-- [ RunTime:0.000236s ]
SQL: SHOW COLUMNS FROM `task` [ RunTime:0.001416s ]
SQL: SELECT COUNT(*) AS tp_count FROM `task` WHERE ( `uid` = 18 ) LIMIT 1   [ RunTime:0.000348s ]
SQL: SELECT * FROM `task` WHERE ( `uid` = 18 )  [ RunTime:0.000530s ]

[ 2013-12-05T23:49:52+08:00 ] 127.0.0.1 /github/living/index.php/user/taskJson
INFO: [ app_begin ] --START--
INFO: Run ReadHtmlCache Behavior [ RunTime:0.000192s ]
INFO: [ app_begin ] --END-- [ RunTime:0.000287s ]
SQL: SHOW COLUMNS FROM `task` [ RunTime:0.001627s ]
SQL: SELECT COUNT(*) AS tp_count FROM `task` WHERE ( `uid` = 18 ) LIMIT 1   [ RunTime:0.000330s ]
SQL: SELECT * FROM `task` WHERE ( `uid` = 18 )  [ RunTime:0.000479s ]

[ 2013-12-05T23:50:04+08:00 ] 127.0.0.1 /github/living/index.php/user/taskJson
INFO: [ app_begin ] --START--
INFO: Run ReadHtmlCache Behavior [ RunTime:0.000182s ]
INFO: [ app_begin ] --END-- [ RunTime:0.000281s ]
SQL: SHOW COLUMNS FROM `task` [ RunTime:0.001683s ]
SQL: SELECT COUNT(*) AS tp_count FROM `task` WHERE ( `uid` = 18 ) LIMIT 1   [ RunTime:0.000342s ]
SQL: SELECT * FROM `task` WHERE ( `uid` = 18 )  [ RunTime:0.000294s ]

[ 2013-12-05T23:50:15+08:00 ] 127.0.0.1 /github/living/index.php/user/taskJson
INFO: [ app_begin ] --START--
INFO: Run ReadHtmlCache Behavior [ RunTime:0.000172s ]
INFO: [ app_begin ] --END-- [ RunTime:0.000260s ]
SQL: SHOW COLUMNS FROM `task` [ RunTime:0.002594s ]
SQL: SELECT COUNT(*) AS tp_count FROM `task` WHERE ( `uid` = 18 ) LIMIT 1   [ RunTime:0.000406s ]
SQL: SELECT * FROM `task` WHERE ( `uid` = 18 )  [ RunTime:0.001602s ]

[ 2013-12-05T23:53:48+08:00 ] 127.0.0.1 /github/living/index.php/user/taskJson
INFO: [ app_begin ] --START--
INFO: Run ReadHtmlCache Behavior [ RunTime:0.000205s ]
INFO: [ app_begin ] --END-- [ RunTime:0.000315s ]
SQL: SHOW COLUMNS FROM `task` [ RunTime:0.001876s ]
SQL: SELECT COUNT(*) AS tp_count FROM `task` WHERE ( `uid` = 18 ) LIMIT 1   [ RunTime:0.000315s ]
SQL: SELECT * FROM `task` WHERE ( `uid` = 18 )  [ RunTime:0.000254s ]

[ 2013-12-05T23:54:12+08:00 ] 127.0.0.1 /github/living/index.php/user/taskJson
INFO: [ app_begin ] --START--
INFO: Run ReadHtmlCache Behavior [ RunTime:0.000145s ]
INFO: [ app_begin ] --END-- [ RunTime:0.000221s ]
SQL: SHOW COLUMNS FROM `task` [ RunTime:0.001790s ]
SQL: SELECT COUNT(*) AS tp_count FROM `task` WHERE ( `uid` = 18 ) LIMIT 1   [ RunTime:0.000814s ]
SQL: SELECT * FROM `task` WHERE ( `uid` = 18 )  [ RunTime:0.000348s ]

[ 2013-12-05T23:54:17+08:00 ] 127.0.0.1 /github/living/index.php/user/taskJson
INFO: [ app_begin ] --START--
INFO: Run ReadHtmlCache Behavior [ RunTime:0.000247s ]
INFO: [ app_begin ] --END-- [ RunTime:0.000407s ]
SQL: SHOW COLUMNS FROM `task` [ RunTime:0.001391s ]
SQL: SELECT COUNT(*) AS tp_count FROM `task` WHERE ( `uid` = 18 ) LIMIT 1   [ RunTime:0.000340s ]
SQL: SELECT * FROM `task` WHERE ( `uid` = 18 )  [ RunTime:0.000314s ]

[ 2013-12-05T23:55:26+08:00 ] 127.0.0.1 /github/living/index.php/user/taskJson
INFO: [ app_begin ] --START--
INFO: Run ReadHtmlCache Behavior [ RunTime:0.000213s ]
INFO: [ app_begin ] --END-- [ RunTime:0.000311s ]
SQL: SHOW COLUMNS FROM `task` [ RunTime:0.001640s ]
SQL: SELECT COUNT(*) AS tp_count FROM `task` WHERE ( `uid` = 18 ) LIMIT 1   [ RunTime:0.000611s ]
SQL: SELECT * FROM `task` WHERE ( `uid` = 18 )  [ RunTime:0.000709s ]

[ 2013-12-05T23:55:46+08:00 ] 127.0.0.1 /github/living/index.php/user/taskJson
INFO: [ app_begin ] --START--
INFO: Run ReadHtmlCache Behavior [ RunTime:0.000289s ]
INFO: [ app_begin ] --END-- [ RunTime:0.000455s ]
SQL: SHOW COLUMNS FROM `task` [ RunTime:0.003213s ]
SQL: SELECT COUNT(*) AS tp_count FROM `task` WHERE ( `uid` = 18 ) LIMIT 1   [ RunTime:0.000624s ]
SQL: SELECT * FROM `task` WHERE ( `uid` = 18 )  [ RunTime:0.000580s ]

[ 2013-12-05T23:55:53+08:00 ] 127.0.0.1 /github/living/index.php/user/taskJson
INFO: [ app_begin ] --START--
INFO: Run ReadHtmlCache Behavior [ RunTime:0.000201s ]
INFO: [ app_begin ] --END-- [ RunTime:0.000305s ]
SQL: SHOW COLUMNS FROM `task` [ RunTime:0.001855s ]
SQL: SELECT COUNT(*) AS tp_count FROM `task` WHERE ( `uid` = 18 ) LIMIT 1   [ RunTime:0.000424s ]
SQL: SELECT * FROM `task` WHERE ( `uid` = 18 )  [ RunTime:0.003022s ]

[ 2013-12-05T23:55:58+08:00 ] 127.0.0.1 /github/living/index.php/user/taskJson
INFO: [ app_begin ] --START--
INFO: Run ReadHtmlCache Behavior [ RunTime:0.000279s ]
INFO: [ app_begin ] --END-- [ RunTime:0.000411s ]
SQL: SHOW COLUMNS FROM `task` [ RunTime:0.001271s ]
SQL: SELECT COUNT(*) AS tp_count FROM `task` WHERE ( `uid` = 18 ) LIMIT 1   [ RunTime:0.001439s ]
SQL: SELECT * FROM `task` WHERE ( `uid` = 18 )  [ RunTime:0.000413s ]

[ 2013-12-05T23:56:09+08:00 ] 127.0.0.1 /github/living/index.php/user/taskJson
INFO: [ app_begin ] --START--
INFO: Run ReadHtmlCache Behavior [ RunTime:0.000244s ]
INFO: [ app_begin ] --END-- [ RunTime:0.000374s ]
SQL: SHOW COLUMNS FROM `task` [ RunTime:0.001607s ]
SQL: SELECT COUNT(*) AS tp_count FROM `task` WHERE ( `uid` = 18 ) LIMIT 1   [ RunTime:0.000415s ]
SQL: SELECT * FROM `task` WHERE ( `uid` = 18 )  [ RunTime:0.000278s ]

[ 2013-12-05T23:56:18+08:00 ] 127.0.0.1 /github/living/index.php/user/taskJson
INFO: [ app_begin ] --START--
INFO: Run ReadHtmlCache Behavior [ RunTime:0.000222s ]
INFO: [ app_begin ] --END-- [ RunTime:0.000354s ]
SQL: SHOW COLUMNS FROM `task` [ RunTime:0.001370s ]
SQL: SELECT COUNT(*) AS tp_count FROM `task` WHERE ( `uid` = 18 ) LIMIT 1   [ RunTime:0.000426s ]
SQL: SELECT * FROM `task` WHERE ( `uid` = 18 )  [ RunTime:0.000631s ]

[ 2013-12-05T23:58:08+08:00 ] 127.0.0.1 /github/living/index.php/user/taskJson
INFO: [ app_begin ] --START--
INFO: Run ReadHtmlCache Behavior [ RunTime:0.000220s ]
INFO: [ app_begin ] --END-- [ RunTime:0.000340s ]
SQL: SHOW COLUMNS FROM `task` [ RunTime:0.001509s ]
SQL: SELECT COUNT(*) AS tp_count FROM `task` WHERE ( `uid` = 18 ) LIMIT 1   [ RunTime:0.000404s ]
SQL: SELECT * FROM `task` WHERE ( `uid` = 18 )  [ RunTime:0.000587s ]

[ 2013-12-05T23:58:11+08:00 ] 127.0.0.1 /github/living/index.php/user/taskJson
INFO: [ app_begin ] --START--
INFO: Run ReadHtmlCache Behavior [ RunTime:0.000167s ]
INFO: [ app_begin ] --END-- [ RunTime:0.000265s ]
SQL: SHOW COLUMNS FROM `task` [ RunTime:0.003181s ]
SQL: SELECT COUNT(*) AS tp_count FROM `task` WHERE ( `uid` = 18 ) LIMIT 1   [ RunTime:0.000235s ]
SQL: SELECT * FROM `task` WHERE ( `uid` = 18 )  [ RunTime:0.000194s ]

[ 2013-12-05T23:58:49+08:00 ] 127.0.0.1 /github/living/index.php/user/taskJson
INFO: [ app_begin ] --START--
INFO: Run ReadHtmlCache Behavior [ RunTime:0.000208s ]
INFO: [ app_begin ] --END-- [ RunTime:0.000317s ]
SQL: SHOW COLUMNS FROM `task` [ RunTime:0.002086s ]
SQL: SELECT COUNT(*) AS tp_count FROM `task` WHERE ( `uid` = 18 ) LIMIT 1   [ RunTime:0.000305s ]
SQL: SELECT * FROM `task` WHERE ( `uid` = 18 )  [ RunTime:0.000531s ]

