[ 2013-11-24T21:28:12+08:00 ] 0.0.0.0 /github/living/
INFO: [ app_begin ] --START--
INFO: Run ReadHtmlCache Behavior [ RunTime:0.000611s ]
INFO: [ app_begin ] --END-- [ RunTime:0.000712s ]
INFO: [ view_parse ] --START--
INFO: Run ParseTemplate Behavior [ RunTime:0.004755s ]
INFO: [ view_parse ] --END-- [ RunTime:0.004907s ]
INFO: [ view_filter ] --START--
INFO: Run ContentReplace Behavior [ RunTime:0.001196s ]
INFO: Run TokenBuild Behavior [ RunTime:0.000770s ]
INFO: Run WriteHtmlCache Behavior [ RunTime:0.000423s ]
INFO: Run ShowRuntime Behavior [ RunTime:0.002463s ]
INFO: [ view_filter ] --END-- [ RunTime:0.005330s ]
INFO: [ view_end ] --START--
INFO: Run ShowPageTrace Behavior [ RunTime:0.000881s ]
INFO: [ view_end ] --END-- [ RunTime:0.001009s ]

[ 2013-11-24T21:28:12+08:00 ] 0.0.0.0 /github/living/
INFO: [ app_begin ] --START--
INFO: Run ReadHtmlCache Behavior [ RunTime:0.000242s ]
INFO: [ app_begin ] --END-- [ RunTime:0.000529s ]
INFO: [ view_parse ] --START--
INFO: Run ParseTemplate Behavior [ RunTime:0.000439s ]
INFO: [ view_parse ] --END-- [ RunTime:0.000539s ]
INFO: [ view_filter ] --START--
INFO: Run ContentReplace Behavior [ RunTime:0.000157s ]
INFO: Run TokenBuild Behavior [ RunTime:0.000133s ]
INFO: Run WriteHtmlCache Behavior [ RunTime:0.000087s ]
INFO: Run ShowRuntime Behavior [ RunTime:0.000162s ]
INFO: [ view_filter ] --END-- [ RunTime:0.000724s ]
INFO: [ view_end ] --START--
INFO: Run ShowPageTrace Behavior [ RunTime:0.000151s ]
INFO: [ view_end ] --END-- [ RunTime:0.000217s ]

[ 2013-11-24T21:28:51+08:00 ] 127.0.0.1 /github/living/
INFO: [ app_begin ] --START--
INFO: Run ReadHtmlCache Behavior [ RunTime:0.000175s ]
INFO: [ app_begin ] --END-- [ RunTime:0.000313s ]
INFO: [ view_parse ] --START--
INFO: Run ParseTemplate Behavior [ RunTime:0.000396s ]
INFO: [ view_parse ] --END-- [ RunTime:0.000474s ]
INFO: [ view_filter ] --START--
INFO: Run ContentReplace Behavior [ RunTime:0.000142s ]
INFO: Run TokenBuild Behavior [ RunTime:0.000131s ]
INFO: Run WriteHtmlCache Behavior [ RunTime:0.000085s ]
INFO: Run ShowRuntime Behavior [ RunTime:0.000158s ]
INFO: [ view_filter ] --END-- [ RunTime:0.000687s ]
INFO: [ view_end ] --START--
INFO: Run ShowPageTrace Behavior [ RunTime:0.000146s ]
INFO: [ view_end ] --END-- [ RunTime:0.000208s ]

[ 2013-11-24T21:28:51+08:00 ] 127.0.0.1 /github/living/
INFO: [ app_begin ] --START--
INFO: Run ReadHtmlCache Behavior [ RunTime:0.000180s ]
INFO: [ app_begin ] --END-- [ RunTime:0.000380s ]
INFO: [ view_parse ] --START--
INFO: Run ParseTemplate Behavior [ RunTime:0.000377s ]
INFO: [ view_parse ] --END-- [ RunTime:0.000450s ]
INFO: [ view_filter ] --START--
INFO: Run ContentReplace Behavior [ RunTime:0.000134s ]
INFO: Run TokenBuild Behavior [ RunTime:0.000121s ]
INFO: Run WriteHtmlCache Behavior [ RunTime:0.000080s ]
INFO: Run ShowRuntime Behavior [ RunTime:0.000154s ]
INFO: [ view_filter ] --END-- [ RunTime:0.000662s ]
INFO: [ view_end ] --START--
INFO: Run ShowPageTrace Behavior [ RunTime:0.000364s ]
INFO: [ view_end ] --END-- [ RunTime:0.000468s ]

[ 2013-11-24T21:32:03+08:00 ] ERR: (ThinkException) 系统不支持: TemplateSmarty
[ 2013-11-24T21:32:19+08:00 ] ERR: (ThinkException) 系统不支持: TemplateSmarty
[ 2013-11-24T21:33:05+08:00 ] ERR: (ThinkException) 系统不支持: TemplateSmarty
[ 2013-11-24T21:33:05+08:00 ] ERR: (ThinkException) 系统不支持: TemplateSmarty
[ 2013-11-24T21:33:10+08:00 ] ERR: (ThinkException) 系统不支持: TemplateSmarty
[ 2013-11-24T21:33:11+08:00 ] ERR: (ThinkException) 系统不支持: TemplateSmarty
[ 2013-11-24T21:33:11+08:00 ] ERR: (ThinkException) 系统不支持: TemplateSmarty
[ 2013-11-24T21:36:37+08:00 ] ERR: (ThinkException) 模板不存在[./Tpl/Index/index.html]
[ 2013-11-24T21:38:07+08:00 ] ERR: (ThinkException) 模板不存在[__TMPL_PATHindex.html]
[ 2013-11-24T21:38:35+08:00 ] ERR: (ThinkException) 模板不存在[__TMPLPATH__index.html]
