[ 2013-11-27T16:43:36+08:00 ] ERR: (ThinkException) 非法操作:center
[ 2013-11-27T16:46:58+08:00 ] ERR: (ThinkException) 无法加载模块:aa
[ 2013-11-27T20:29:49+08:00 ] ERR: (ThinkException) 非法操作:sigout
[ 2013-11-27T20:31:08+08:00 ] ERR: (ThinkException) 非法操作:sigout
[ 2013-11-27T20:31:09+08:00 ] ERR: (ThinkException) 非法操作:sigout
[ 2013-11-27T20:38:58+08:00 ] ERR: (ThinkException) 非法操作:ajax
[ 2013-11-27T20:39:06+08:00 ] ERR: (ThinkException) 非法操作:ajax
[ 2013-11-27T20:39:33+08:00 ] ERR: (ThinkException) 非法操作:ajax
[ 2013-11-27T20:40:05+08:00 ] ERR: (ThinkException) 非法操作:ajax
[ 2013-11-27T20:40:13+08:00 ] ERR: (ThinkException) 无法加载模块:ajax
[ 2013-11-27T20:59:27+08:00 ] ERR: (ThinkException) 无法加载模块:ajax
[ 2013-11-27T20:59:27+08:00 ] ERR: (ThinkException) 无法加载模块:ajax
[ 2013-11-27T20:59:30+08:00 ] ERR: (ThinkException) 非法操作:ajax
[ 2013-11-27T21:13:51+08:00 ] 0.0.0.0 /github/living/index.php/user/signin?taskJson=all
INFO: [ app_begin ] --START--
INFO: Run ReadHtmlCache Behavior [ RunTime:0.000217s ]
INFO: [ app_begin ] --END-- [ RunTime:0.000330s ]
INFO: [ view_template ] --START--
INFO: Run LocationTemplate Behavior [ RunTime:0.000206s ]
INFO: [ view_template ] --END-- [ RunTime:0.000319s ]
INFO: [ view_parse ] --START--
NOTIC: [8] Undefined index: title /Applications/MAMP/htdocs/github/living/Runtime/Cache/bfb5455cc77cb540768e5fcc90c363132209dcef.file.signin.html.php 第 28 行.
NOTIC: [8] Trying to get property of non-object /Applications/MAMP/htdocs/github/living/Runtime/Cache/bfb5455cc77cb540768e5fcc90c363132209dcef.file.signin.html.php 第 28 行.
INFO: Run ParseTemplate Behavior [ RunTime:0.004062s ]
INFO: [ view_parse ] --END-- [ RunTime:0.004181s ]
INFO: [ view_filter ] --START--
INFO: Run ContentReplace Behavior [ RunTime:0.000315s ]
INFO: Run TokenBuild Behavior [ RunTime:0.000251s ]
INFO: Run WriteHtmlCache Behavior [ RunTime:0.000094s ]
INFO: Run ShowRuntime Behavior [ RunTime:0.000259s ]
INFO: [ view_filter ] --END-- [ RunTime:0.001201s ]
INFO: [ view_end ] --START--
INFO: Run ShowPageTrace Behavior [ RunTime:0.000214s ]
INFO: [ view_end ] --END-- [ RunTime:0.000298s ]

[ 2013-11-27T21:13:58+08:00 ] 0.0.0.0 /github/living/index.php/user/signin?taskJson=all
INFO: [ app_begin ] --START--
INFO: Run ReadHtmlCache Behavior [ RunTime:0.000133s ]
INFO: [ app_begin ] --END-- [ RunTime:0.000203s ]
INFO: [ view_template ] --START--
INFO: Run LocationTemplate Behavior [ RunTime:0.000154s ]
INFO: [ view_template ] --END-- [ RunTime:0.000240s ]
INFO: [ view_parse ] --START--
NOTIC: [8] Undefined index: title /Applications/MAMP/htdocs/github/living/Runtime/Cache/bfb5455cc77cb540768e5fcc90c363132209dcef.file.signin.html.php 第 28 行.
NOTIC: [8] Trying to get property of non-object /Applications/MAMP/htdocs/github/living/Runtime/Cache/bfb5455cc77cb540768e5fcc90c363132209dcef.file.signin.html.php 第 28 行.
INFO: Run ParseTemplate Behavior [ RunTime:0.002724s ]
INFO: [ view_parse ] --END-- [ RunTime:0.002808s ]
INFO: [ view_filter ] --START--
INFO: Run ContentReplace Behavior [ RunTime:0.000166s ]
INFO: Run TokenBuild Behavior [ RunTime:0.000134s ]
INFO: Run WriteHtmlCache Behavior [ RunTime:0.000082s ]
INFO: Run ShowRuntime Behavior [ RunTime:0.000210s ]
INFO: [ view_filter ] --END-- [ RunTime:0.000797s ]
INFO: [ view_end ] --START--
INFO: Run ShowPageTrace Behavior [ RunTime:0.000150s ]
INFO: [ view_end ] --END-- [ RunTime:0.000224s ]

[ 2013-11-27T21:14:33+08:00 ] 0.0.0.0 /github/living/index.php/Task/select?taskJson=all
INFO: [ app_begin ] --START--
INFO: Run ReadHtmlCache Behavior [ RunTime:0.000185s ]
INFO: [ app_begin ] --END-- [ RunTime:0.000283s ]

[ 2013-11-27T21:17:30+08:00 ] ERR: (ThinkException) 无法加载模块:ajax
[ 2013-11-27T21:17:34+08:00 ] ERR: (ThinkException) 无法加载模块:ajax
[ 2013-11-27T21:17:36+08:00 ] ERR: (ThinkException) 无法加载模块:ajax
[ 2013-11-27T21:17:37+08:00 ] ERR: (ThinkException) 无法加载模块:ajax
[ 2013-11-27T21:17:49+08:00 ] 0.0.0.0 /github/living/index.php/ajax/ajax?taskJson=all
INFO: [ app_begin ] --START--
INFO: Run ReadHtmlCache Behavior [ RunTime:0.000237s ]
INFO: [ app_begin ] --END-- [ RunTime:0.000364s ]

[ 2013-11-27T21:19:50+08:00 ] ERR: (ThinkException) 无法加载模块:ajax
[ 2013-11-27T21:23:53+08:00 ] 0.0.0.0 /github/living/index.php/ajax/ajax?taskJson=all
INFO: [ app_begin ] --START--
INFO: Run ReadHtmlCache Behavior [ RunTime:0.000241s ]
INFO: [ app_begin ] --END-- [ RunTime:0.000366s ]

[ 2013-11-27T21:24:13+08:00 ] 0.0.0.0 /github/living/index.php/ajax/ajax?taskJson=all
INFO: [ app_begin ] --START--
INFO: Run ReadHtmlCache Behavior [ RunTime:0.000285s ]
INFO: [ app_begin ] --END-- [ RunTime:0.000413s ]

[ 2013-11-27T21:24:53+08:00 ] 0.0.0.0 /github/living/index.php/ajax/ajax?taskJson=all
INFO: [ app_begin ] --START--
INFO: Run ReadHtmlCache Behavior [ RunTime:0.000183s ]
INFO: [ app_begin ] --END-- [ RunTime:0.000278s ]

[ 2013-11-27T21:25:14+08:00 ] 0.0.0.0 /github/living/index.php/ajax/ajax?taskJson=all
INFO: [ app_begin ] --START--
INFO: Run ReadHtmlCache Behavior [ RunTime:0.000240s ]
INFO: [ app_begin ] --END-- [ RunTime:0.000360s ]

[ 2013-11-27T21:26:27+08:00 ] 0.0.0.0 /github/living/index.php/ajax/taskJson?taskJson=all
INFO: [ app_begin ] --START--
INFO: Run ReadHtmlCache Behavior [ RunTime:0.000278s ]
INFO: [ app_begin ] --END-- [ RunTime:0.000426s ]

[ 2013-11-27T21:28:14+08:00 ] 0.0.0.0 /github/living/index.php/ajax/taskJson?taskJson=all
INFO: [ app_begin ] --START--
INFO: Run ReadHtmlCache Behavior [ RunTime:0.000137s ]
INFO: [ app_begin ] --END-- [ RunTime:0.000204s ]

[ 2013-11-27T21:31:06+08:00 ] 0.0.0.0 /github/living/index.php/ajax/taskJson?taskJson=all
INFO: [ app_begin ] --START--
INFO: Run ReadHtmlCache Behavior [ RunTime:0.000191s ]
INFO: [ app_begin ] --END-- [ RunTime:0.000294s ]

[ 2013-11-27T21:33:16+08:00 ] 0.0.0.0 /github/living/index.php/ajax/taskJson?taskJson=all
INFO: [ app_begin ] --START--
INFO: Run ReadHtmlCache Behavior [ RunTime:0.000124s ]
INFO: [ app_begin ] --END-- [ RunTime:0.000190s ]
SQL: SHOW COLUMNS FROM `task` [ RunTime:0.001183s ]
SQL: SELECT * FROM `task`  [ RunTime:0.000316s ]

[ 2013-11-27T21:33:17+08:00 ] 0.0.0.0 /github/living/index.php/ajax/taskJson?taskJson=all
INFO: [ app_begin ] --START--
INFO: Run ReadHtmlCache Behavior [ RunTime:0.000188s ]
INFO: [ app_begin ] --END-- [ RunTime:0.000287s ]
SQL: SHOW COLUMNS FROM `task` [ RunTime:0.001943s ]
SQL: SELECT * FROM `task`  [ RunTime:0.000278s ]

[ 2013-11-27T21:33:29+08:00 ] 0.0.0.0 /github/living/index.php/ajax/taskJson?taskJson=all
INFO: [ app_begin ] --START--
INFO: Run ReadHtmlCache Behavior [ RunTime:0.000214s ]
INFO: [ app_begin ] --END-- [ RunTime:0.000365s ]
SQL: SHOW COLUMNS FROM `task` [ RunTime:0.001160s ]
SQL: SELECT * FROM `task`  [ RunTime:0.000258s ]

[ 2013-11-27T21:33:45+08:00 ] 0.0.0.0 /github/living/index.php/ajax/taskJson?taskJson=all
INFO: [ app_begin ] --START--
INFO: Run ReadHtmlCache Behavior [ RunTime:0.000218s ]
INFO: [ app_begin ] --END-- [ RunTime:0.000333s ]
SQL: SHOW COLUMNS FROM `task` [ RunTime:0.001118s ]
SQL: SELECT * FROM `task`  [ RunTime:0.000238s ]

[ 2013-11-27T21:33:46+08:00 ] 0.0.0.0 /github/living/index.php/ajax/taskJson?taskJson=all
INFO: [ app_begin ] --START--
INFO: Run ReadHtmlCache Behavior [ RunTime:0.000187s ]
INFO: [ app_begin ] --END-- [ RunTime:0.000279s ]
SQL: SHOW COLUMNS FROM `task` [ RunTime:0.001180s ]
SQL: SELECT * FROM `task`  [ RunTime:0.000229s ]

[ 2013-11-27T21:33:53+08:00 ] 0.0.0.0 /github/living/index.php/ajax/taskJson?taskJson=all
INFO: [ app_begin ] --START--
INFO: Run ReadHtmlCache Behavior [ RunTime:0.000221s ]
INFO: [ app_begin ] --END-- [ RunTime:0.000319s ]
SQL: SHOW COLUMNS FROM `user` [ RunTime:0.001433s ]
SQL: SELECT * FROM `user`  [ RunTime:0.000388s ]
NOTIC: [8] Array to string conversion /Applications/MAMP/htdocs/github/living/Lib/Action/TaskAction.class.php 第 16 行.

[ 2013-11-27T21:35:26+08:00 ] 0.0.0.0 /github/living/index.php/ajax/taskJson?taskJson=all
INFO: [ app_begin ] --START--
INFO: Run ReadHtmlCache Behavior [ RunTime:0.000224s ]
INFO: [ app_begin ] --END-- [ RunTime:0.000332s ]
SQL: SHOW COLUMNS FROM `task` [ RunTime:0.001435s ]
SQL: SELECT * FROM `task`  [ RunTime:0.000250s ]

[ 2013-11-27T21:35:29+08:00 ] 0.0.0.0 /github/living/index.php/ajax/taskJson?taskJson=all
INFO: [ app_begin ] --START--
INFO: Run ReadHtmlCache Behavior [ RunTime:0.000241s ]
INFO: [ app_begin ] --END-- [ RunTime:0.000370s ]
SQL: SHOW COLUMNS FROM `task` [ RunTime:0.002127s ]
SQL: SELECT * FROM `task`  [ RunTime:0.000296s ]

[ 2013-11-27T21:35:38+08:00 ] 0.0.0.0 /github/living/index.php/ajax/taskJson?taskJson=all
INFO: [ app_begin ] --START--
INFO: Run ReadHtmlCache Behavior [ RunTime:0.000139s ]
INFO: [ app_begin ] --END-- [ RunTime:0.000222s ]
SQL: SHOW COLUMNS FROM `task` [ RunTime:0.002384s ]
SQL: SELECT * FROM `task`  [ RunTime:0.000254s ]

[ 2013-11-27T21:35:41+08:00 ] 0.0.0.0 /github/living/index.php/ajax/taskJson?taskJson=all
INFO: [ app_begin ] --START--
INFO: Run ReadHtmlCache Behavior [ RunTime:0.000211s ]
INFO: [ app_begin ] --END-- [ RunTime:0.000316s ]
SQL: SHOW COLUMNS FROM `task` [ RunTime:0.001426s ]
SQL: SELECT * FROM `task`  [ RunTime:0.000235s ]

[ 2013-11-27T21:37:02+08:00 ] 0.0.0.0 /github/living/index.php/ajax/taskJson?taskJson=all
INFO: [ app_begin ] --START--
INFO: Run ReadHtmlCache Behavior [ RunTime:0.000182s ]
INFO: [ app_begin ] --END-- [ RunTime:0.000278s ]
SQL: SHOW COLUMNS FROM `task` [ RunTime:0.001816s ]
SQL: SELECT * FROM `task`  [ RunTime:0.000276s ]

[ 2013-11-27T21:37:03+08:00 ] 0.0.0.0 /github/living/index.php/ajax/taskJson?taskJson=all
INFO: [ app_begin ] --START--
INFO: Run ReadHtmlCache Behavior [ RunTime:0.000174s ]
INFO: [ app_begin ] --END-- [ RunTime:0.000264s ]
SQL: SHOW COLUMNS FROM `task` [ RunTime:0.001836s ]
SQL: SELECT * FROM `task`  [ RunTime:0.000399s ]

[ 2013-11-27T21:38:47+08:00 ] 0.0.0.0 /github/living/index.php/ajax/taskJson?taskJson=all
INFO: [ app_begin ] --START--
INFO: Run ReadHtmlCache Behavior [ RunTime:0.000209s ]
INFO: [ app_begin ] --END-- [ RunTime:0.000312s ]
SQL: SHOW COLUMNS FROM `task` [ RunTime:0.001768s ]
SQL: SELECT * FROM `task`  [ RunTime:0.000345s ]

[ 2013-11-27T21:38:48+08:00 ] 0.0.0.0 /github/living/index.php/ajax/taskJson?taskJson=all
INFO: [ app_begin ] --START--
INFO: Run ReadHtmlCache Behavior [ RunTime:0.000197s ]
INFO: [ app_begin ] --END-- [ RunTime:0.000297s ]
SQL: SHOW COLUMNS FROM `task` [ RunTime:0.001913s ]
SQL: SELECT * FROM `task`  [ RunTime:0.000427s ]

[ 2013-11-27T21:39:10+08:00 ] 0.0.0.0 /github/living/index.php/ajax/taskJson?taskJson=all
INFO: [ app_begin ] --START--
INFO: Run ReadHtmlCache Behavior [ RunTime:0.000187s ]
INFO: [ app_begin ] --END-- [ RunTime:0.000277s ]
SQL: SHOW COLUMNS FROM `task` [ RunTime:0.001159s ]
SQL: SELECT * FROM `task`  [ RunTime:0.000277s ]

[ 2013-11-27T21:39:11+08:00 ] 0.0.0.0 /github/living/index.php/ajax/taskJson?taskJson=all
INFO: [ app_begin ] --START--
INFO: Run ReadHtmlCache Behavior [ RunTime:0.000132s ]
INFO: [ app_begin ] --END-- [ RunTime:0.000198s ]
SQL: SHOW COLUMNS FROM `task` [ RunTime:0.001808s ]
SQL: SELECT * FROM `task`  [ RunTime:0.000230s ]

[ 2013-11-27T21:39:12+08:00 ] 0.0.0.0 /github/living/index.php/ajax/taskJson?taskJson=all
INFO: [ app_begin ] --START--
INFO: Run ReadHtmlCache Behavior [ RunTime:0.000174s ]
INFO: [ app_begin ] --END-- [ RunTime:0.000264s ]
SQL: SHOW COLUMNS FROM `task` [ RunTime:0.001544s ]
SQL: SELECT * FROM `task`  [ RunTime:0.000212s ]

[ 2013-11-27T21:39:29+08:00 ] 0.0.0.0 /github/living/index.php/ajax/taskJson?taskJson=all
INFO: [ app_begin ] --START--
INFO: Run ReadHtmlCache Behavior [ RunTime:0.000178s ]
INFO: [ app_begin ] --END-- [ RunTime:0.000270s ]
SQL: SHOW COLUMNS FROM `task` [ RunTime:0.001503s ]
SQL: SELECT * FROM `task`  [ RunTime:0.000259s ]

[ 2013-11-27T21:40:28+08:00 ] 0.0.0.0 /github/living/index.php/ajax/taskJson?taskJson=all
INFO: [ app_begin ] --START--
INFO: Run ReadHtmlCache Behavior [ RunTime:0.000156s ]
INFO: [ app_begin ] --END-- [ RunTime:0.000227s ]
SQL: SHOW COLUMNS FROM `task` [ RunTime:0.001508s ]
SQL: SELECT * FROM `task`  [ RunTime:0.000227s ]

[ 2013-11-27T21:41:03+08:00 ] 0.0.0.0 /github/living/index.php/ajax/taskJson?taskJson=all
INFO: [ app_begin ] --START--
INFO: Run ReadHtmlCache Behavior [ RunTime:0.000205s ]
INFO: [ app_begin ] --END-- [ RunTime:0.000313s ]
SQL: SHOW COLUMNS FROM `task` [ RunTime:0.001742s ]
SQL: SELECT * FROM `task`  [ RunTime:0.000311s ]

[ 2013-11-27T21:41:04+08:00 ] 0.0.0.0 /github/living/index.php/ajax/taskJson?taskJson=all
INFO: [ app_begin ] --START--
INFO: Run ReadHtmlCache Behavior [ RunTime:0.000191s ]
INFO: [ app_begin ] --END-- [ RunTime:0.000290s ]
SQL: SHOW COLUMNS FROM `task` [ RunTime:0.003201s ]
SQL: SELECT * FROM `task`  [ RunTime:0.000237s ]

[ 2013-11-27T21:41:17+08:00 ] 0.0.0.0 /github/living/index.php/ajax/taskJson?taskJson=all
INFO: [ app_begin ] --START--
INFO: Run ReadHtmlCache Behavior [ RunTime:0.000147s ]
INFO: [ app_begin ] --END-- [ RunTime:0.000214s ]
SQL: SHOW COLUMNS FROM `task` [ RunTime:0.001372s ]
SQL: SELECT * FROM `task`  [ RunTime:0.000338s ]

[ 2013-11-27T21:41:53+08:00 ] 0.0.0.0 /github/living/index.php/ajax/taskJson?taskJson=all
INFO: [ app_begin ] --START--
INFO: Run ReadHtmlCache Behavior [ RunTime:0.000236s ]
INFO: [ app_begin ] --END-- [ RunTime:0.000345s ]
SQL: SHOW COLUMNS FROM `task` [ RunTime:0.001463s ]
SQL: SELECT * FROM `task`  [ RunTime:0.000216s ]

[ 2013-11-27T21:41:55+08:00 ] 0.0.0.0 /github/living/index.php/ajax/taskJson
INFO: [ app_begin ] --START--
INFO: Run ReadHtmlCache Behavior [ RunTime:0.000147s ]
INFO: [ app_begin ] --END-- [ RunTime:0.000224s ]
NOTIC: [8] Undefined index: taskJson /Applications/MAMP/htdocs/github/living/Lib/Action/ajaxAction.class.php 第 9 行.

[ 2013-11-27T21:42:01+08:00 ] 0.0.0.0 /github/living/index.php/ajax/taskJson
INFO: [ app_begin ] --START--
INFO: Run ReadHtmlCache Behavior [ RunTime:0.000182s ]
INFO: [ app_begin ] --END-- [ RunTime:0.000303s ]
NOTIC: [8] Undefined index: taskJson /Applications/MAMP/htdocs/github/living/Lib/Action/ajaxAction.class.php 第 9 行.

[ 2013-11-27T21:42:15+08:00 ] 0.0.0.0 /github/living/index.php/ajax/taskJson?taskJson=all
INFO: [ app_begin ] --START--
INFO: Run ReadHtmlCache Behavior [ RunTime:0.000239s ]
INFO: [ app_begin ] --END-- [ RunTime:0.000365s ]
SQL: SHOW COLUMNS FROM `task` [ RunTime:0.001636s ]
SQL: SELECT * FROM `task`  [ RunTime:0.000303s ]

[ 2013-11-27T21:42:27+08:00 ] 0.0.0.0 /github/living/index.php/ajax/taskJson?taskJson=all
INFO: [ app_begin ] --START--
INFO: Run ReadHtmlCache Behavior [ RunTime:0.000134s ]
INFO: [ app_begin ] --END-- [ RunTime:0.000215s ]
SQL: SHOW COLUMNS FROM `task` [ RunTime:0.001208s ]
SQL: SELECT * FROM `task`  [ RunTime:0.000254s ]

[ 2013-11-27T21:42:37+08:00 ] 0.0.0.0 /github/living/index.php/ajax/taskJson?taskJson=all
INFO: [ app_begin ] --START--
INFO: Run ReadHtmlCache Behavior [ RunTime:0.000177s ]
INFO: [ app_begin ] --END-- [ RunTime:0.000268s ]
SQL: SHOW COLUMNS FROM `task` [ RunTime:0.001329s ]
SQL: SELECT * FROM `task`  [ RunTime:0.000282s ]

[ 2013-11-27T21:42:42+08:00 ] 0.0.0.0 /github/living/index.php/ajax/taskJson?taskJson=all
INFO: [ app_begin ] --START--
INFO: Run ReadHtmlCache Behavior [ RunTime:0.000185s ]
INFO: [ app_begin ] --END-- [ RunTime:0.000285s ]
SQL: SHOW COLUMNS FROM `task` [ RunTime:0.001999s ]
SQL: SELECT * FROM `task`  [ RunTime:0.000277s ]

[ 2013-11-27T21:42:49+08:00 ] 0.0.0.0 /github/living/index.php/ajax/taskJson?taskJson=all
INFO: [ app_begin ] --START--
INFO: Run ReadHtmlCache Behavior [ RunTime:0.000162s ]
INFO: [ app_begin ] --END-- [ RunTime:0.000254s ]
SQL: SHOW COLUMNS FROM `task` [ RunTime:0.001222s ]
SQL: SELECT * FROM `task`  [ RunTime:0.001071s ]

[ 2013-11-27T21:42:51+08:00 ] 0.0.0.0 /github/living/index.php/ajax/taskJson?taskJson=all
INFO: [ app_begin ] --START--
INFO: Run ReadHtmlCache Behavior [ RunTime:0.000196s ]
INFO: [ app_begin ] --END-- [ RunTime:0.000296s ]
SQL: SHOW COLUMNS FROM `task` [ RunTime:0.001393s ]
SQL: SELECT * FROM `task`  [ RunTime:0.000242s ]

[ 2013-11-27T21:42:56+08:00 ] 0.0.0.0 /github/living/index.php/ajax/taskJson?taskJson=all
INFO: [ app_begin ] --START--
INFO: Run ReadHtmlCache Behavior [ RunTime:0.000176s ]
INFO: [ app_begin ] --END-- [ RunTime:0.000271s ]
SQL: SHOW COLUMNS FROM `task` [ RunTime:0.001985s ]
SQL: SELECT * FROM `task`  [ RunTime:0.000305s ]

[ 2013-11-27T21:42:59+08:00 ] 0.0.0.0 /github/living/index.php/ajax/taskJson
INFO: [ app_begin ] --START--
INFO: Run ReadHtmlCache Behavior [ RunTime:0.000191s ]
INFO: [ app_begin ] --END-- [ RunTime:0.000295s ]
NOTIC: [8] Undefined index: taskJson /Applications/MAMP/htdocs/github/living/Lib/Action/ajaxAction.class.php 第 9 行.

[ 2013-11-27T21:43:21+08:00 ] 0.0.0.0 /github/living/index.php/ajax/taskJson?taskJson=all
INFO: [ app_begin ] --START--
INFO: Run ReadHtmlCache Behavior [ RunTime:0.000166s ]
INFO: [ app_begin ] --END-- [ RunTime:0.000253s ]
SQL: SHOW COLUMNS FROM `task` [ RunTime:0.002779s ]
SQL: SELECT * FROM `task`  [ RunTime:0.000246s ]

[ 2013-11-27T21:43:22+08:00 ] 0.0.0.0 /github/living/index.php/ajax/taskJson?taskJson=all
INFO: [ app_begin ] --START--
INFO: Run ReadHtmlCache Behavior [ RunTime:0.000154s ]
INFO: [ app_begin ] --END-- [ RunTime:0.000241s ]
SQL: SHOW COLUMNS FROM `task` [ RunTime:0.001625s ]
SQL: SELECT * FROM `task`  [ RunTime:0.000226s ]

[ 2013-11-27T21:43:32+08:00 ] 0.0.0.0 /github/living/index.php/ajax/taskJson
INFO: [ app_begin ] --START--
INFO: Run ReadHtmlCache Behavior [ RunTime:0.000193s ]
INFO: [ app_begin ] --END-- [ RunTime:0.000293s ]
NOTIC: [8] Undefined index: taskJson /Applications/MAMP/htdocs/github/living/Lib/Action/ajaxAction.class.php 第 9 行.

[ 2013-11-27T21:43:36+08:00 ] 0.0.0.0 /github/living/index.php/ajax/taskJson
INFO: [ app_begin ] --START--
INFO: Run ReadHtmlCache Behavior [ RunTime:0.000348s ]
INFO: [ app_begin ] --END-- [ RunTime:0.000512s ]
NOTIC: [8] Undefined index: taskJson /Applications/MAMP/htdocs/github/living/Lib/Action/ajaxAction.class.php 第 9 行.

[ 2013-11-27T21:44:21+08:00 ] 0.0.0.0 /github/living/index.php/ajax/taskJson?taskJson=all
INFO: [ app_begin ] --START--
INFO: Run ReadHtmlCache Behavior [ RunTime:0.000250s ]
INFO: [ app_begin ] --END-- [ RunTime:0.000371s ]
SQL: SHOW COLUMNS FROM `task` [ RunTime:0.001935s ]
SQL: SELECT * FROM `task`  [ RunTime:0.000233s ]

[ 2013-11-27T21:44:22+08:00 ] 0.0.0.0 /github/living/index.php/ajax/taskJson
INFO: [ app_begin ] --START--
INFO: Run ReadHtmlCache Behavior [ RunTime:0.000147s ]
INFO: [ app_begin ] --END-- [ RunTime:0.000224s ]
NOTIC: [8] Undefined index: taskJson /Applications/MAMP/htdocs/github/living/Lib/Action/ajaxAction.class.php 第 9 行.

[ 2013-11-27T21:47:23+08:00 ] 0.0.0.0 /github/living/index.php/ajax/taskJson?taskJson=all
INFO: [ app_begin ] --START--
INFO: Run ReadHtmlCache Behavior [ RunTime:0.000200s ]
INFO: [ app_begin ] --END-- [ RunTime:0.000308s ]

[ 2013-11-27T21:47:23+08:00 ] 0.0.0.0 /github/living/index.php/ajax/taskJson?taskJson=all
INFO: [ app_begin ] --START--
INFO: Run ReadHtmlCache Behavior [ RunTime:0.000159s ]
INFO: [ app_begin ] --END-- [ RunTime:0.000251s ]

[ 2013-11-27T21:47:25+08:00 ] 0.0.0.0 /github/living/index.php/ajax/taskJson
INFO: [ app_begin ] --START--
INFO: Run ReadHtmlCache Behavior [ RunTime:0.000147s ]
INFO: [ app_begin ] --END-- [ RunTime:0.000219s ]
NOTIC: [8] Undefined index: taskJson /Applications/MAMP/htdocs/github/living/Lib/Action/ajaxAction.class.php 第 9 行.

[ 2013-11-27T21:47:56+08:00 ] 0.0.0.0 /github/living/index.php/ajax/taskJson?taskJson=all
INFO: [ app_begin ] --START--
INFO: Run ReadHtmlCache Behavior [ RunTime:0.000133s ]
INFO: [ app_begin ] --END-- [ RunTime:0.000201s ]

[ 2013-11-27T21:47:57+08:00 ] 0.0.0.0 /github/living/index.php/ajax/taskJson
INFO: [ app_begin ] --START--
INFO: Run ReadHtmlCache Behavior [ RunTime:0.000153s ]
INFO: [ app_begin ] --END-- [ RunTime:0.000254s ]
NOTIC: [8] Undefined index: taskJson /Applications/MAMP/htdocs/github/living/Lib/Action/ajaxAction.class.php 第 9 行.

[ 2013-11-27T21:48:18+08:00 ] 0.0.0.0 /github/living/index.php/ajax/taskJson?taskJson=all
INFO: [ app_begin ] --START--
INFO: Run ReadHtmlCache Behavior [ RunTime:0.000127s ]
INFO: [ app_begin ] --END-- [ RunTime:0.000194s ]

[ 2013-11-27T21:48:19+08:00 ] 0.0.0.0 /github/living/index.php/ajax/taskJson
INFO: [ app_begin ] --START--
INFO: Run ReadHtmlCache Behavior [ RunTime:0.000148s ]
INFO: [ app_begin ] --END-- [ RunTime:0.000224s ]
NOTIC: [8] Undefined index: taskJson /Applications/MAMP/htdocs/github/living/Lib/Action/ajaxAction.class.php 第 9 行.

[ 2013-11-27T21:48:40+08:00 ] 0.0.0.0 /github/living/index.php/ajax/taskJson?taskJson=all
INFO: [ app_begin ] --START--
INFO: Run ReadHtmlCache Behavior [ RunTime:0.000173s ]
INFO: [ app_begin ] --END-- [ RunTime:0.000272s ]

[ 2013-11-27T21:48:42+08:00 ] 0.0.0.0 /github/living/index.php/ajax/taskJson
INFO: [ app_begin ] --START--
INFO: Run ReadHtmlCache Behavior [ RunTime:0.000179s ]
INFO: [ app_begin ] --END-- [ RunTime:0.000269s ]
NOTIC: [8] Undefined index: taskJson /Applications/MAMP/htdocs/github/living/Lib/Action/ajaxAction.class.php 第 9 行.

[ 2013-11-27T21:48:56+08:00 ] 0.0.0.0 /github/living/index.php/ajax/taskJson?taskJson=all
INFO: [ app_begin ] --START--
INFO: Run ReadHtmlCache Behavior [ RunTime:0.000168s ]
INFO: [ app_begin ] --END-- [ RunTime:0.000253s ]

[ 2013-11-27T21:48:58+08:00 ] 0.0.0.0 /github/living/index.php/ajax/taskJson?taskJson=all
INFO: [ app_begin ] --START--
INFO: Run ReadHtmlCache Behavior [ RunTime:0.000195s ]
INFO: [ app_begin ] --END-- [ RunTime:0.000301s ]

[ 2013-11-27T21:49:58+08:00 ] 0.0.0.0 /github/living/index.php/ajax/taskJson?taskJson=all
INFO: [ app_begin ] --START--
INFO: Run ReadHtmlCache Behavior [ RunTime:0.000170s ]
INFO: [ app_begin ] --END-- [ RunTime:0.000257s ]

[ 2013-11-27T21:50:00+08:00 ] 0.0.0.0 /github/living/index.php/ajax/taskJson
INFO: [ app_begin ] --START--
INFO: Run ReadHtmlCache Behavior [ RunTime:0.000185s ]
INFO: [ app_begin ] --END-- [ RunTime:0.000284s ]
NOTIC: [8] Undefined index: taskJson /Applications/MAMP/htdocs/github/living/Lib/Action/ajaxAction.class.php 第 9 行.

[ 2013-11-27T21:50:37+08:00 ] 0.0.0.0 /github/living/index.php/ajax/taskJson?taskJson=all
INFO: [ app_begin ] --START--
INFO: Run ReadHtmlCache Behavior [ RunTime:0.000210s ]
INFO: [ app_begin ] --END-- [ RunTime:0.000316s ]

[ 2013-11-27T21:50:41+08:00 ] 0.0.0.0 /github/living/index.php/ajax/taskJson
INFO: [ app_begin ] --START--
INFO: Run ReadHtmlCache Behavior [ RunTime:0.000148s ]
INFO: [ app_begin ] --END-- [ RunTime:0.000226s ]
NOTIC: [8] Undefined index: taskJson /Applications/MAMP/htdocs/github/living/Lib/Action/ajaxAction.class.php 第 9 行.

[ 2013-11-27T21:51:05+08:00 ] 0.0.0.0 /github/living/index.php/ajax/taskJson?taskJson=all
INFO: [ app_begin ] --START--
INFO: Run ReadHtmlCache Behavior [ RunTime:0.000213s ]
INFO: [ app_begin ] --END-- [ RunTime:0.000327s ]

[ 2013-11-27T21:51:07+08:00 ] 0.0.0.0 /github/living/index.php/ajax/taskJson
INFO: [ app_begin ] --START--
INFO: Run ReadHtmlCache Behavior [ RunTime:0.000137s ]
INFO: [ app_begin ] --END-- [ RunTime:0.000208s ]
NOTIC: [8] Undefined index: taskJson /Applications/MAMP/htdocs/github/living/Lib/Action/ajaxAction.class.php 第 9 行.

[ 2013-11-27T21:51:53+08:00 ] 0.0.0.0 /github/living/index.php/ajax/taskJson?taskJson=all
INFO: [ app_begin ] --START--
INFO: Run ReadHtmlCache Behavior [ RunTime:0.000219s ]
INFO: [ app_begin ] --END-- [ RunTime:0.000332s ]

[ 2013-11-27T21:51:56+08:00 ] 0.0.0.0 /github/living/index.php/ajax/taskJson
INFO: [ app_begin ] --START--
INFO: Run ReadHtmlCache Behavior [ RunTime:0.000164s ]
INFO: [ app_begin ] --END-- [ RunTime:0.000264s ]
NOTIC: [8] Undefined index: taskJson /Applications/MAMP/htdocs/github/living/Lib/Action/ajaxAction.class.php 第 10 行.

[ 2013-11-27T21:52:15+08:00 ] 0.0.0.0 /github/living/index.php/ajax/taskJson?taskJson=all
INFO: [ app_begin ] --START--
INFO: Run ReadHtmlCache Behavior [ RunTime:0.000130s ]
INFO: [ app_begin ] --END-- [ RunTime:0.000195s ]

[ 2013-11-27T21:52:18+08:00 ] 0.0.0.0 /github/living/index.php/ajax/taskJson
INFO: [ app_begin ] --START--
INFO: Run ReadHtmlCache Behavior [ RunTime:0.000189s ]
INFO: [ app_begin ] --END-- [ RunTime:0.000273s ]
NOTIC: [8] Undefined index: taskJson /Applications/MAMP/htdocs/github/living/Lib/Action/ajaxAction.class.php 第 10 行.

[ 2013-11-27T21:53:20+08:00 ] 0.0.0.0 /github/living/index.php/ajax/taskJson?taskJson=all
INFO: [ app_begin ] --START--
INFO: Run ReadHtmlCache Behavior [ RunTime:0.000197s ]
INFO: [ app_begin ] --END-- [ RunTime:0.000306s ]

[ 2013-11-27T21:53:22+08:00 ] 0.0.0.0 /github/living/index.php/ajax/taskJson
INFO: [ app_begin ] --START--
INFO: Run ReadHtmlCache Behavior [ RunTime:0.000133s ]
INFO: [ app_begin ] --END-- [ RunTime:0.000201s ]
NOTIC: [8] Undefined index: taskJson /Applications/MAMP/htdocs/github/living/Lib/Action/ajaxAction.class.php 第 10 行.

[ 2013-11-27T21:53:49+08:00 ] 0.0.0.0 /github/living/index.php/ajax/taskJson?taskJson=all
INFO: [ app_begin ] --START--
INFO: Run ReadHtmlCache Behavior [ RunTime:0.000203s ]
INFO: [ app_begin ] --END-- [ RunTime:0.000307s ]

[ 2013-11-27T21:53:51+08:00 ] 0.0.0.0 /github/living/index.php/ajax/taskJson?name=John&location=Boston
INFO: [ app_begin ] --START--
INFO: Run ReadHtmlCache Behavior [ RunTime:0.000148s ]
INFO: [ app_begin ] --END-- [ RunTime:0.000225s ]
NOTIC: [8] Undefined index: taskJson /Applications/MAMP/htdocs/github/living/Lib/Action/ajaxAction.class.php 第 10 行.

[ 2013-11-27T21:54:08+08:00 ] 0.0.0.0 /github/living/index.php/ajax/taskJson?taskJson=all
INFO: [ app_begin ] --START--
INFO: Run ReadHtmlCache Behavior [ RunTime:0.000181s ]
INFO: [ app_begin ] --END-- [ RunTime:0.000276s ]

[ 2013-11-27T21:54:09+08:00 ] 0.0.0.0 /github/living/index.php/ajax/taskJson?taskJson=all
INFO: [ app_begin ] --START--
INFO: Run ReadHtmlCache Behavior [ RunTime:0.000158s ]
INFO: [ app_begin ] --END-- [ RunTime:0.000245s ]

[ 2013-11-27T21:54:10+08:00 ] 0.0.0.0 /github/living/index.php/ajax/taskJson?taskJson=add
INFO: [ app_begin ] --START--
INFO: Run ReadHtmlCache Behavior [ RunTime:0.000202s ]
INFO: [ app_begin ] --END-- [ RunTime:0.000303s ]

[ 2013-11-27T21:54:19+08:00 ] 0.0.0.0 /github/living/index.php/ajax/taskJson?taskJson=all
INFO: [ app_begin ] --START--
INFO: Run ReadHtmlCache Behavior [ RunTime:0.000206s ]
INFO: [ app_begin ] --END-- [ RunTime:0.000286s ]

[ 2013-11-27T21:54:22+08:00 ] 0.0.0.0 /github/living/index.php/ajax/taskJson?taskJson=add
INFO: [ app_begin ] --START--
INFO: Run ReadHtmlCache Behavior [ RunTime:0.000225s ]
INFO: [ app_begin ] --END-- [ RunTime:0.000340s ]

[ 2013-11-27T21:54:31+08:00 ] 0.0.0.0 /github/living/index.php/ajax/taskJson?taskJson=all
INFO: [ app_begin ] --START--
INFO: Run ReadHtmlCache Behavior [ RunTime:0.000264s ]
INFO: [ app_begin ] --END-- [ RunTime:0.000386s ]

[ 2013-11-27T21:54:33+08:00 ] 0.0.0.0 /github/living/index.php/ajax/taskJson?taskJson=add
INFO: [ app_begin ] --START--
INFO: Run ReadHtmlCache Behavior [ RunTime:0.000149s ]
INFO: [ app_begin ] --END-- [ RunTime:0.000228s ]

[ 2013-11-27T21:56:32+08:00 ] 0.0.0.0 /github/living/index.php/ajax/taskJson?taskJson=all
INFO: [ app_begin ] --START--
INFO: Run ReadHtmlCache Behavior [ RunTime:0.000196s ]
INFO: [ app_begin ] --END-- [ RunTime:0.000273s ]

[ 2013-11-27T21:56:34+08:00 ] 0.0.0.0 /github/living/index.php/ajax/taskJson?taskJson=add
INFO: [ app_begin ] --START--
INFO: Run ReadHtmlCache Behavior [ RunTime:0.000248s ]
INFO: [ app_begin ] --END-- [ RunTime:0.000378s ]
SQL: SHOW COLUMNS FROM `task` [ RunTime:0.001742s ]

[ 2013-11-27T21:57:41+08:00 ] 0.0.0.0 /github/living/index.php/ajax/taskJson?taskJson=all
INFO: [ app_begin ] --START--
INFO: Run ReadHtmlCache Behavior [ RunTime:0.000185s ]
INFO: [ app_begin ] --END-- [ RunTime:0.000282s ]

[ 2013-11-27T21:57:44+08:00 ] 0.0.0.0 /github/living/index.php/ajax/taskJson?taskJson=add&title=abc
INFO: [ app_begin ] --START--
INFO: Run ReadHtmlCache Behavior [ RunTime:0.000163s ]
INFO: [ app_begin ] --END-- [ RunTime:0.000243s ]
SQL: SHOW COLUMNS FROM `task` [ RunTime:0.003147s ]

[ 2013-11-27T21:58:38+08:00 ] 0.0.0.0 /github/living/index.php/ajax/taskJson?taskJson=all
INFO: [ app_begin ] --START--
INFO: Run ReadHtmlCache Behavior [ RunTime:0.000174s ]
INFO: [ app_begin ] --END-- [ RunTime:0.000260s ]

[ 2013-11-27T21:58:41+08:00 ] 0.0.0.0 /github/living/index.php/ajax/taskJson?taskJson=add&title=abc
INFO: [ app_begin ] --START--
INFO: Run ReadHtmlCache Behavior [ RunTime:0.000167s ]
INFO: [ app_begin ] --END-- [ RunTime:0.000246s ]
SQL: SHOW COLUMNS FROM `task` [ RunTime:0.002975s ]

[ 2013-11-27T21:59:15+08:00 ] 0.0.0.0 /github/living/index.php/ajax/taskJson?taskJson=all
INFO: [ app_begin ] --START--
INFO: Run ReadHtmlCache Behavior [ RunTime:0.000213s ]
INFO: [ app_begin ] --END-- [ RunTime:0.000319s ]

[ 2013-11-27T22:01:09+08:00 ] 0.0.0.0 /github/living/index.php/ajax/taskJson?taskJson=all
INFO: [ app_begin ] --START--
INFO: Run ReadHtmlCache Behavior [ RunTime:0.000206s ]
INFO: [ app_begin ] --END-- [ RunTime:0.000307s ]

[ 2013-11-27T22:01:11+08:00 ] 0.0.0.0 /github/living/index.php/ajax/taskJson?taskJson=add&title=abc
INFO: [ app_begin ] --START--
INFO: Run ReadHtmlCache Behavior [ RunTime:0.000147s ]
INFO: [ app_begin ] --END-- [ RunTime:0.000225s ]
SQL: SHOW COLUMNS FROM `task` [ RunTime:0.002543s ]

[ 2013-11-27T22:01:30+08:00 ] 0.0.0.0 /github/living/index.php/ajax/taskJson?taskJson=all
INFO: [ app_begin ] --START--
INFO: Run ReadHtmlCache Behavior [ RunTime:0.000206s ]
INFO: [ app_begin ] --END-- [ RunTime:0.000312s ]

[ 2013-11-27T22:01:32+08:00 ] 0.0.0.0 /github/living/index.php/ajax/taskJson?taskJson=add&title=abc
INFO: [ app_begin ] --START--
INFO: Run ReadHtmlCache Behavior [ RunTime:0.000151s ]
INFO: [ app_begin ] --END-- [ RunTime:0.000228s ]
SQL: SHOW COLUMNS FROM `task` [ RunTime:0.002570s ]

[ 2013-11-27T22:03:24+08:00 ] 0.0.0.0 /github/living/index.php/ajax/taskJson?taskJson=all
INFO: [ app_begin ] --START--
INFO: Run ReadHtmlCache Behavior [ RunTime:0.000130s ]
INFO: [ app_begin ] --END-- [ RunTime:0.000196s ]

[ 2013-11-27T22:03:26+08:00 ] 0.0.0.0 /github/living/index.php/ajax/taskJson?taskJson=add&title=abc
INFO: [ app_begin ] --START--
INFO: Run ReadHtmlCache Behavior [ RunTime:0.000151s ]
INFO: [ app_begin ] --END-- [ RunTime:0.000230s ]
SQL: SHOW COLUMNS FROM `task` [ RunTime:0.002442s ]

[ 2013-11-27T22:04:48+08:00 ] 0.0.0.0 /github/living/index.php/ajax/taskJson?taskJson=all
INFO: [ app_begin ] --START--
INFO: Run ReadHtmlCache Behavior [ RunTime:0.000183s ]
INFO: [ app_begin ] --END-- [ RunTime:0.000283s ]

[ 2013-11-27T22:05:07+08:00 ] 0.0.0.0 /github/living/index.php/ajax/taskJson?taskJson=all
INFO: [ app_begin ] --START--
INFO: Run ReadHtmlCache Behavior [ RunTime:0.000165s ]
INFO: [ app_begin ] --END-- [ RunTime:0.000255s ]

[ 2013-11-27T22:05:30+08:00 ] 0.0.0.0 /github/living/index.php/ajax/taskJson?taskJson=all
INFO: [ app_begin ] --START--
INFO: Run ReadHtmlCache Behavior [ RunTime:0.000180s ]
INFO: [ app_begin ] --END-- [ RunTime:0.000276s ]

[ 2013-11-27T22:05:35+08:00 ] 0.0.0.0 /github/living/index.php/ajax/taskJson?taskJson=add&title=new+task1
INFO: [ app_begin ] --START--
INFO: Run ReadHtmlCache Behavior [ RunTime:0.000204s ]
INFO: [ app_begin ] --END-- [ RunTime:0.000305s ]
SQL: SHOW COLUMNS FROM `task` [ RunTime:0.001305s ]

