[ 2013-12-06T00:02:36+08:00 ] 127.0.0.1 /github/living/index.php/user/taskJson
INFO: [ app_begin ] --START--
INFO: Run ReadHtmlCache Behavior [ RunTime:0.000385s ]
INFO: [ app_begin ] --END-- [ RunTime:0.000571s ]
SQL: SHOW COLUMNS FROM `task` [ RunTime:0.003016s ]
NOTIC: [8] Undefined index: state /Applications/MAMP/htdocs/github/living/Lib/Action/userAction.class.php 第 94 行.
SQL: SELECT COUNT(*) AS tp_count FROM `task` WHERE ( `uid` = 18 ) LIMIT 1   [ RunTime:0.000474s ]
SQL: SELECT * FROM `task` WHERE ( `uid` = 18 )  [ RunTime:0.000327s ]

[ 2013-12-06T00:02:44+08:00 ] 127.0.0.1 /github/living/index.php/user/taskJson
INFO: [ app_begin ] --START--
INFO: Run ReadHtmlCache Behavior [ RunTime:0.000133s ]
INFO: [ app_begin ] --END-- [ RunTime:0.000201s ]
SQL: SHOW COLUMNS FROM `task` [ RunTime:0.002778s ]
NOTIC: [8] Undefined index: state /Applications/MAMP/htdocs/github/living/Lib/Action/userAction.class.php 第 94 行.
SQL: SELECT COUNT(*) AS tp_count FROM `task` WHERE ( `uid` = 18 ) LIMIT 1   [ RunTime:0.000235s ]
SQL: SELECT * FROM `task` WHERE ( `uid` = 18 )  [ RunTime:0.000172s ]

[ 2013-12-06T00:02:45+08:00 ] 127.0.0.1 /github/living/index.php/user/taskJson
INFO: [ app_begin ] --START--
INFO: Run ReadHtmlCache Behavior [ RunTime:0.000208s ]
INFO: [ app_begin ] --END-- [ RunTime:0.000319s ]
SQL: SHOW COLUMNS FROM `task` [ RunTime:0.001295s ]
NOTIC: [8] Undefined index: state /Applications/MAMP/htdocs/github/living/Lib/Action/userAction.class.php 第 94 行.
SQL: SELECT COUNT(*) AS tp_count FROM `task` WHERE ( `uid` = 18 ) LIMIT 1   [ RunTime:0.000540s ]
SQL: SELECT * FROM `task` WHERE ( `uid` = 18 )  [ RunTime:0.000258s ]

[ 2013-12-06T00:02:52+08:00 ] 127.0.0.1 /github/living/index.php/user/taskJson
INFO: [ app_begin ] --START--
INFO: Run ReadHtmlCache Behavior [ RunTime:0.000288s ]
INFO: [ app_begin ] --END-- [ RunTime:0.000433s ]
SQL: SHOW COLUMNS FROM `task` [ RunTime:0.002144s ]
NOTIC: [8] Undefined index: state /Applications/MAMP/htdocs/github/living/Lib/Action/userAction.class.php 第 94 行.
SQL: SELECT COUNT(*) AS tp_count FROM `task` WHERE ( `uid` = 18 ) LIMIT 1   [ RunTime:0.000330s ]
SQL: SELECT * FROM `task` WHERE ( `uid` = 18 )  [ RunTime:0.000213s ]

[ 2013-12-06T00:03:29+08:00 ] 127.0.0.1 /github/living/index.php/user/taskJson
INFO: [ app_begin ] --START--
INFO: Run ReadHtmlCache Behavior [ RunTime:0.000186s ]
INFO: [ app_begin ] --END-- [ RunTime:0.000274s ]
SQL: SHOW COLUMNS FROM `task` [ RunTime:0.001589s ]
NOTIC: [8] Undefined index: state /Applications/MAMP/htdocs/github/living/Lib/Action/userAction.class.php 第 94 行.
SQL: SELECT COUNT(*) AS tp_count FROM `task` WHERE ( `uid` = 18 ) LIMIT 1   [ RunTime:0.000577s ]
SQL: SELECT * FROM `task` WHERE ( `uid` = 18 )  [ RunTime:0.003436s ]

[ 2013-12-06T00:03:31+08:00 ] 127.0.0.1 /github/living/index.php/user/taskJson
INFO: [ app_begin ] --START--
INFO: Run ReadHtmlCache Behavior [ RunTime:0.000227s ]
INFO: [ app_begin ] --END-- [ RunTime:0.000367s ]
SQL: SHOW COLUMNS FROM `task` [ RunTime:0.001824s ]
NOTIC: [8] Undefined index: state /Applications/MAMP/htdocs/github/living/Lib/Action/userAction.class.php 第 94 行.
SQL: SELECT COUNT(*) AS tp_count FROM `task` WHERE ( `uid` = 18 ) LIMIT 1   [ RunTime:0.001912s ]
SQL: SELECT * FROM `task` WHERE ( `uid` = 18 )  [ RunTime:0.001129s ]

[ 2013-12-06T00:03:32+08:00 ] 127.0.0.1 /github/living/index.php/user/taskJson
INFO: [ app_begin ] --START--
INFO: Run ReadHtmlCache Behavior [ RunTime:0.000168s ]
INFO: [ app_begin ] --END-- [ RunTime:0.000253s ]
SQL: SHOW COLUMNS FROM `task` [ RunTime:0.002583s ]
NOTIC: [8] Undefined index: state /Applications/MAMP/htdocs/github/living/Lib/Action/userAction.class.php 第 94 行.
SQL: SELECT COUNT(*) AS tp_count FROM `task` WHERE ( `uid` = 18 ) LIMIT 1   [ RunTime:0.000255s ]
SQL: SELECT * FROM `task` WHERE ( `uid` = 18 )  [ RunTime:0.000167s ]

[ 2013-12-06T00:03:33+08:00 ] 127.0.0.1 /github/living/index.php/user/taskJson
INFO: [ app_begin ] --START--
INFO: Run ReadHtmlCache Behavior [ RunTime:0.000149s ]
INFO: [ app_begin ] --END-- [ RunTime:0.000226s ]
SQL: SHOW COLUMNS FROM `task` [ RunTime:0.002516s ]
NOTIC: [8] Undefined index: state /Applications/MAMP/htdocs/github/living/Lib/Action/userAction.class.php 第 94 行.
SQL: SELECT COUNT(*) AS tp_count FROM `task` WHERE ( `uid` = 18 ) LIMIT 1   [ RunTime:0.000225s ]
SQL: SELECT * FROM `task` WHERE ( `uid` = 18 )  [ RunTime:0.000184s ]

[ 2013-12-06T00:03:34+08:00 ] 127.0.0.1 /github/living/index.php/user/taskJson
INFO: [ app_begin ] --START--
INFO: Run ReadHtmlCache Behavior [ RunTime:0.000143s ]
INFO: [ app_begin ] --END-- [ RunTime:0.000218s ]
SQL: SHOW COLUMNS FROM `task` [ RunTime:0.002754s ]
SQL: SELECT COUNT(*) AS tp_count FROM `task` WHERE ( `uid` = 18 ) AND ( `state` = 3 ) LIMIT 1   [ RunTime:0.000240s ]
SQL: SELECT * FROM `task` WHERE ( `uid` = 18 ) AND ( `state` = 3 )  [ RunTime:0.000168s ]

[ 2013-12-06T00:03:48+08:00 ] 127.0.0.1 /github/living/index.php/user/taskJson
INFO: [ app_begin ] --START--
INFO: Run ReadHtmlCache Behavior [ RunTime:0.000141s ]
INFO: [ app_begin ] --END-- [ RunTime:0.000213s ]
SQL: SHOW COLUMNS FROM `task` [ RunTime:0.001275s ]
NOTIC: [8] Undefined index: state /Applications/MAMP/htdocs/github/living/Lib/Action/userAction.class.php 第 94 行.
SQL: SELECT COUNT(*) AS tp_count FROM `task` WHERE ( `uid` = 18 ) LIMIT 1   [ RunTime:0.000397s ]
SQL: SELECT * FROM `task` WHERE ( `uid` = 18 )  [ RunTime:0.000399s ]

[ 2013-12-06T00:03:49+08:00 ] 127.0.0.1 /github/living/index.php/user/taskJson
INFO: [ app_begin ] --START--
INFO: Run ReadHtmlCache Behavior [ RunTime:0.000167s ]
INFO: [ app_begin ] --END-- [ RunTime:0.000270s ]
SQL: SHOW COLUMNS FROM `task` [ RunTime:0.003023s ]
SQL: SELECT COUNT(*) AS tp_count FROM `task` WHERE ( `uid` = 18 ) AND ( `state` = 1 ) LIMIT 1   [ RunTime:0.000218s ]
SQL: SELECT * FROM `task` WHERE ( `uid` = 18 ) AND ( `state` = 1 )  [ RunTime:0.000201s ]

[ 2013-12-06T00:03:50+08:00 ] 127.0.0.1 /github/living/index.php/user/taskJson
INFO: [ app_begin ] --START--
INFO: Run ReadHtmlCache Behavior [ RunTime:0.000220s ]
INFO: [ app_begin ] --END-- [ RunTime:0.000335s ]
SQL: SHOW COLUMNS FROM `task` [ RunTime:0.002994s ]
SQL: SELECT COUNT(*) AS tp_count FROM `task` WHERE ( `uid` = 18 ) AND ( `state` = 3 ) LIMIT 1   [ RunTime:0.000272s ]
SQL: SELECT * FROM `task` WHERE ( `uid` = 18 ) AND ( `state` = 3 )  [ RunTime:0.000170s ]

[ 2013-12-06T00:03:51+08:00 ] 127.0.0.1 /github/living/index.php/user/taskJson
INFO: [ app_begin ] --START--
INFO: Run ReadHtmlCache Behavior [ RunTime:0.000195s ]
INFO: [ app_begin ] --END-- [ RunTime:0.000290s ]
SQL: SHOW COLUMNS FROM `task` [ RunTime:0.002646s ]
NOTIC: [8] Undefined index: state /Applications/MAMP/htdocs/github/living/Lib/Action/userAction.class.php 第 94 行.
SQL: SELECT COUNT(*) AS tp_count FROM `task` WHERE ( `uid` = 18 ) LIMIT 1   [ RunTime:0.000239s ]
SQL: SELECT * FROM `task` WHERE ( `uid` = 18 )  [ RunTime:0.000204s ]

[ 2013-12-06T00:03:57+08:00 ] 127.0.0.1 /github/living/index.php/user/taskJson
INFO: [ app_begin ] --START--
INFO: Run ReadHtmlCache Behavior [ RunTime:0.000139s ]
INFO: [ app_begin ] --END-- [ RunTime:0.000208s ]
SQL: SHOW COLUMNS FROM `task` [ RunTime:0.003310s ]
SQL: SELECT COUNT(*) AS tp_count FROM `task` WHERE ( `uid` = 18 ) AND ( `state` = 1 ) LIMIT 1   [ RunTime:0.000237s ]
SQL: SELECT * FROM `task` WHERE ( `uid` = 18 ) AND ( `state` = 1 )  [ RunTime:0.000178s ]

[ 2013-12-06T00:03:59+08:00 ] 127.0.0.1 /github/living/index.php/user/taskJson
INFO: [ app_begin ] --START--
INFO: Run ReadHtmlCache Behavior [ RunTime:0.000145s ]
INFO: [ app_begin ] --END-- [ RunTime:0.000219s ]
SQL: SHOW COLUMNS FROM `task` [ RunTime:0.002514s ]
SQL: SELECT COUNT(*) AS tp_count FROM `task` WHERE ( `uid` = 18 ) AND ( `state` = 3 ) LIMIT 1   [ RunTime:0.000226s ]
SQL: SELECT * FROM `task` WHERE ( `uid` = 18 ) AND ( `state` = 3 )  [ RunTime:0.000188s ]

[ 2013-12-06T00:03:59+08:00 ] 127.0.0.1 /github/living/index.php/user/taskJson
INFO: [ app_begin ] --START--
INFO: Run ReadHtmlCache Behavior [ RunTime:0.000179s ]
INFO: [ app_begin ] --END-- [ RunTime:0.000278s ]
SQL: SHOW COLUMNS FROM `task` [ RunTime:0.002809s ]
SQL: SELECT COUNT(*) AS tp_count FROM `task` WHERE ( `uid` = 18 ) AND ( `state` = 1 ) LIMIT 1   [ RunTime:0.000258s ]
SQL: SELECT * FROM `task` WHERE ( `uid` = 18 ) AND ( `state` = 1 )  [ RunTime:0.000173s ]

[ 2013-12-06T00:04:00+08:00 ] 127.0.0.1 /github/living/index.php/user/taskJson
INFO: [ app_begin ] --START--
INFO: Run ReadHtmlCache Behavior [ RunTime:0.000146s ]
INFO: [ app_begin ] --END-- [ RunTime:0.000222s ]
SQL: SHOW COLUMNS FROM `task` [ RunTime:0.002371s ]
NOTIC: [8] Undefined index: state /Applications/MAMP/htdocs/github/living/Lib/Action/userAction.class.php 第 94 行.
SQL: SELECT COUNT(*) AS tp_count FROM `task` WHERE ( `uid` = 18 ) LIMIT 1   [ RunTime:0.000242s ]
SQL: SELECT * FROM `task` WHERE ( `uid` = 18 )  [ RunTime:0.000182s ]

[ 2013-12-06T00:04:00+08:00 ] 127.0.0.1 /github/living/index.php/user/taskJson
INFO: [ app_begin ] --START--
INFO: Run ReadHtmlCache Behavior [ RunTime:0.000162s ]
INFO: [ app_begin ] --END-- [ RunTime:0.000256s ]
SQL: SHOW COLUMNS FROM `task` [ RunTime:0.002599s ]
SQL: SELECT COUNT(*) AS tp_count FROM `task` WHERE ( `uid` = 18 ) AND ( `state` = 1 ) LIMIT 1   [ RunTime:0.000226s ]
SQL: SELECT * FROM `task` WHERE ( `uid` = 18 ) AND ( `state` = 1 )  [ RunTime:0.000180s ]

[ 2013-12-06T00:04:01+08:00 ] 127.0.0.1 /github/living/index.php/user/taskJson
INFO: [ app_begin ] --START--
INFO: Run ReadHtmlCache Behavior [ RunTime:0.000145s ]
INFO: [ app_begin ] --END-- [ RunTime:0.000220s ]
SQL: SHOW COLUMNS FROM `task` [ RunTime:0.002210s ]
SQL: SELECT COUNT(*) AS tp_count FROM `task` WHERE ( `uid` = 18 ) AND ( `state` = 3 ) LIMIT 1   [ RunTime:0.000231s ]
SQL: SELECT * FROM `task` WHERE ( `uid` = 18 ) AND ( `state` = 3 )  [ RunTime:0.000189s ]

[ 2013-12-06T00:04:02+08:00 ] 127.0.0.1 /github/living/index.php/user/taskJson
INFO: [ app_begin ] --START--
INFO: Run ReadHtmlCache Behavior [ RunTime:0.000142s ]
INFO: [ app_begin ] --END-- [ RunTime:0.000217s ]
SQL: SHOW COLUMNS FROM `task` [ RunTime:0.002255s ]
SQL: SELECT COUNT(*) AS tp_count FROM `task` WHERE ( `uid` = 18 ) AND ( `state` = 1 ) LIMIT 1   [ RunTime:0.000235s ]
SQL: SELECT * FROM `task` WHERE ( `uid` = 18 ) AND ( `state` = 1 )  [ RunTime:0.000198s ]

[ 2013-12-06T00:04:02+08:00 ] 127.0.0.1 /github/living/index.php/user/taskJson
INFO: [ app_begin ] --START--
INFO: Run ReadHtmlCache Behavior [ RunTime:0.000198s ]
INFO: [ app_begin ] --END-- [ RunTime:0.000293s ]
SQL: SHOW COLUMNS FROM `task` [ RunTime:0.002466s ]
NOTIC: [8] Undefined index: state /Applications/MAMP/htdocs/github/living/Lib/Action/userAction.class.php 第 94 行.
SQL: SELECT COUNT(*) AS tp_count FROM `task` WHERE ( `uid` = 18 ) LIMIT 1   [ RunTime:0.000232s ]
SQL: SELECT * FROM `task` WHERE ( `uid` = 18 )  [ RunTime:0.000204s ]

[ 2013-12-06T00:04:03+08:00 ] 127.0.0.1 /github/living/index.php/user/taskJson
INFO: [ app_begin ] --START--
INFO: Run ReadHtmlCache Behavior [ RunTime:0.000121s ]
INFO: [ app_begin ] --END-- [ RunTime:0.000184s ]
SQL: SHOW COLUMNS FROM `task` [ RunTime:0.002297s ]
SQL: SELECT COUNT(*) AS tp_count FROM `task` WHERE ( `uid` = 18 ) AND ( `state` = 1 ) LIMIT 1   [ RunTime:0.000235s ]
SQL: SELECT * FROM `task` WHERE ( `uid` = 18 ) AND ( `state` = 1 )  [ RunTime:0.000163s ]

[ 2013-12-06T00:04:03+08:00 ] 127.0.0.1 /github/living/index.php/user/taskJson
INFO: [ app_begin ] --START--
INFO: Run ReadHtmlCache Behavior [ RunTime:0.000174s ]
INFO: [ app_begin ] --END-- [ RunTime:0.000280s ]
SQL: SHOW COLUMNS FROM `task` [ RunTime:0.002423s ]
SQL: SELECT COUNT(*) AS tp_count FROM `task` WHERE ( `uid` = 18 ) AND ( `state` = 3 ) LIMIT 1   [ RunTime:0.000240s ]
SQL: SELECT * FROM `task` WHERE ( `uid` = 18 ) AND ( `state` = 3 )  [ RunTime:0.000206s ]

[ 2013-12-06T00:04:04+08:00 ] 127.0.0.1 /github/living/index.php/user/taskJson
INFO: [ app_begin ] --START--
INFO: Run ReadHtmlCache Behavior [ RunTime:0.000143s ]
INFO: [ app_begin ] --END-- [ RunTime:0.000218s ]
SQL: SHOW COLUMNS FROM `task` [ RunTime:0.002413s ]
SQL: SELECT COUNT(*) AS tp_count FROM `task` WHERE ( `uid` = 18 ) AND ( `state` = 3 ) LIMIT 1   [ RunTime:0.000247s ]
SQL: SELECT * FROM `task` WHERE ( `uid` = 18 ) AND ( `state` = 3 )  [ RunTime:0.000186s ]

[ 2013-12-06T00:04:05+08:00 ] 127.0.0.1 /github/living/index.php/user/taskJson
INFO: [ app_begin ] --START--
INFO: Run ReadHtmlCache Behavior [ RunTime:0.000154s ]
INFO: [ app_begin ] --END-- [ RunTime:0.000245s ]
SQL: SHOW COLUMNS FROM `task` [ RunTime:0.002718s ]
SQL: SELECT COUNT(*) AS tp_count FROM `task` WHERE ( `uid` = 18 ) AND ( `state` = 1 ) LIMIT 1   [ RunTime:0.000256s ]
SQL: SELECT * FROM `task` WHERE ( `uid` = 18 ) AND ( `state` = 1 )  [ RunTime:0.000220s ]

[ 2013-12-06T00:05:29+08:00 ] 127.0.0.1 /github/living/index.php/user/taskJson
INFO: [ app_begin ] --START--
INFO: Run ReadHtmlCache Behavior [ RunTime:0.000204s ]
INFO: [ app_begin ] --END-- [ RunTime:0.000302s ]
SQL: SHOW COLUMNS FROM `task` [ RunTime:0.001166s ]
NOTIC: [8] Undefined index: state /Applications/MAMP/htdocs/github/living/Lib/Action/userAction.class.php 第 94 行.
SQL: SELECT COUNT(*) AS tp_count FROM `task` WHERE ( `uid` = 18 ) LIMIT 1   [ RunTime:0.000312s ]
SQL: SELECT * FROM `task` WHERE ( `uid` = 18 )  [ RunTime:0.000324s ]

[ 2013-12-06T00:05:33+08:00 ] 127.0.0.1 /github/living/index.php/user/taskJson
INFO: [ app_begin ] --START--
INFO: Run ReadHtmlCache Behavior [ RunTime:0.000165s ]
INFO: [ app_begin ] --END-- [ RunTime:0.000244s ]
SQL: SHOW COLUMNS FROM `task` [ RunTime:0.001541s ]
NOTIC: [8] Undefined index: state /Applications/MAMP/htdocs/github/living/Lib/Action/userAction.class.php 第 94 行.
SQL: SELECT COUNT(*) AS tp_count FROM `task` WHERE ( `uid` = 18 ) LIMIT 1   [ RunTime:0.000387s ]
SQL: SELECT * FROM `task` WHERE ( `uid` = 18 )  [ RunTime:0.000239s ]

[ 2013-12-06T00:06:31+08:00 ] 127.0.0.1 /github/living/index.php/user/taskJson
INFO: [ app_begin ] --START--
INFO: Run ReadHtmlCache Behavior [ RunTime:0.000237s ]
INFO: [ app_begin ] --END-- [ RunTime:0.000386s ]
SQL: SHOW COLUMNS FROM `task` [ RunTime:0.006053s ]
NOTIC: [8] Undefined index: state /Applications/MAMP/htdocs/github/living/Lib/Action/userAction.class.php 第 81 行.
SQL: SELECT COUNT(*) AS tp_count FROM `task` WHERE ( `uid` = 18 ) LIMIT 1   [ RunTime:0.000290s ]
SQL: SELECT * FROM `task` WHERE ( `uid` = 18 )  [ RunTime:0.000219s ]

[ 2013-12-06T00:07:42+08:00 ] 127.0.0.1 /github/living/index.php/user/taskJson
INFO: [ app_begin ] --START--
INFO: Run ReadHtmlCache Behavior [ RunTime:0.000233s ]
INFO: [ app_begin ] --END-- [ RunTime:0.000361s ]
SQL: SHOW COLUMNS FROM `task` [ RunTime:0.001680s ]
NOTIC: [8] Undefined index: state /Applications/MAMP/htdocs/github/living/Lib/Action/userAction.class.php 第 79 行.
SQL: SELECT COUNT(*) AS tp_count FROM `task` WHERE ( `uid` = 18 ) LIMIT 1   [ RunTime:0.000985s ]
SQL: SELECT * FROM `task` WHERE ( `uid` = 18 )  [ RunTime:0.000366s ]

[ 2013-12-06T00:07:43+08:00 ] 127.0.0.1 /github/living/index.php/user/taskJson
INFO: [ app_begin ] --START--
INFO: Run ReadHtmlCache Behavior [ RunTime:0.000213s ]
INFO: [ app_begin ] --END-- [ RunTime:0.000322s ]
SQL: SHOW COLUMNS FROM `task` [ RunTime:0.001395s ]
SQL: SELECT COUNT(*) AS tp_count FROM `task` WHERE ( `uid` = 18 ) AND ( `state` = 1 ) LIMIT 1   [ RunTime:0.000205s ]
SQL: SELECT * FROM `task` WHERE ( `uid` = 18 ) AND ( `state` = 1 )  [ RunTime:0.000278s ]

[ 2013-12-06T00:07:44+08:00 ] 127.0.0.1 /github/living/index.php/user/taskJson
INFO: [ app_begin ] --START--
INFO: Run ReadHtmlCache Behavior [ RunTime:0.000145s ]
INFO: [ app_begin ] --END-- [ RunTime:0.000221s ]
SQL: SHOW COLUMNS FROM `task` [ RunTime:0.002599s ]
SQL: SELECT COUNT(*) AS tp_count FROM `task` WHERE ( `uid` = 18 ) AND ( `state` = 3 ) LIMIT 1   [ RunTime:0.000235s ]
SQL: SELECT * FROM `task` WHERE ( `uid` = 18 ) AND ( `state` = 3 )  [ RunTime:0.000248s ]

[ 2013-12-06T00:08:44+08:00 ] 127.0.0.1 /github/living/index.php/user/taskJson
INFO: [ app_begin ] --START--
INFO: Run ReadHtmlCache Behavior [ RunTime:0.000189s ]
INFO: [ app_begin ] --END-- [ RunTime:0.000282s ]
SQL: SHOW COLUMNS FROM `task` [ RunTime:0.001151s ]
NOTIC: [8] Undefined index: state /Applications/MAMP/htdocs/github/living/Lib/Action/userAction.class.php 第 79 行.
SQL: SELECT COUNT(*) AS tp_count FROM `task` WHERE ( `uid` = 18 ) LIMIT 1   [ RunTime:0.000331s ]
SQL: SELECT * FROM `task` WHERE ( `uid` = 18 )  [ RunTime:0.000281s ]

[ 2013-12-06T00:08:45+08:00 ] 127.0.0.1 /github/living/index.php/user/taskJson
INFO: [ app_begin ] --START--
INFO: Run ReadHtmlCache Behavior [ RunTime:0.000151s ]
INFO: [ app_begin ] --END-- [ RunTime:0.000231s ]
SQL: SHOW COLUMNS FROM `task` [ RunTime:0.001213s ]
SQL: SELECT COUNT(*) AS tp_count FROM `task` WHERE ( `uid` = 18 ) AND ( `state` = 1 ) LIMIT 1   [ RunTime:0.000255s ]
SQL: SELECT * FROM `task` WHERE ( `uid` = 18 ) AND ( `state` = 1 )  [ RunTime:0.000193s ]

[ 2013-12-06T00:08:46+08:00 ] 127.0.0.1 /github/living/index.php/user/taskJson
INFO: [ app_begin ] --START--
INFO: Run ReadHtmlCache Behavior [ RunTime:0.000147s ]
INFO: [ app_begin ] --END-- [ RunTime:0.000223s ]
SQL: SHOW COLUMNS FROM `task` [ RunTime:0.001252s ]
SQL: SELECT COUNT(*) AS tp_count FROM `task` WHERE ( `uid` = 18 ) AND ( `state` = 1 ) LIMIT 1   [ RunTime:0.000253s ]
SQL: SELECT * FROM `task` WHERE ( `uid` = 18 ) AND ( `state` = 1 )  [ RunTime:0.000243s ]

[ 2013-12-06T00:08:46+08:00 ] 127.0.0.1 /github/living/index.php/user/taskJson
INFO: [ app_begin ] --START--
INFO: Run ReadHtmlCache Behavior [ RunTime:0.000192s ]
INFO: [ app_begin ] --END-- [ RunTime:0.000295s ]
SQL: SHOW COLUMNS FROM `task` [ RunTime:0.002493s ]
SQL: SELECT COUNT(*) AS tp_count FROM `task` WHERE ( `uid` = 18 ) AND ( `state` = 3 ) LIMIT 1   [ RunTime:0.000259s ]
SQL: SELECT * FROM `task` WHERE ( `uid` = 18 ) AND ( `state` = 3 )  [ RunTime:0.000365s ]

[ 2013-12-06T00:08:47+08:00 ] 127.0.0.1 /github/living/index.php/user/taskJson
INFO: [ app_begin ] --START--
INFO: Run ReadHtmlCache Behavior [ RunTime:0.000211s ]
INFO: [ app_begin ] --END-- [ RunTime:0.000322s ]
SQL: SHOW COLUMNS FROM `task` [ RunTime:0.001341s ]
SQL: SELECT COUNT(*) AS tp_count FROM `task` WHERE ( `uid` = 18 ) AND ( `state` = 1 ) LIMIT 1   [ RunTime:0.000309s ]
SQL: SELECT * FROM `task` WHERE ( `uid` = 18 ) AND ( `state` = 1 )  [ RunTime:0.000244s ]

[ 2013-12-06T00:08:47+08:00 ] 127.0.0.1 /github/living/index.php/user/taskJson
INFO: [ app_begin ] --START--
INFO: Run ReadHtmlCache Behavior [ RunTime:0.000185s ]
INFO: [ app_begin ] --END-- [ RunTime:0.000285s ]
SQL: SHOW COLUMNS FROM `task` [ RunTime:0.002508s ]
SQL: SELECT COUNT(*) AS tp_count FROM `task` WHERE ( `uid` = 18 ) AND ( `state` = 3 ) LIMIT 1   [ RunTime:0.000317s ]
SQL: SELECT * FROM `task` WHERE ( `uid` = 18 ) AND ( `state` = 3 )  [ RunTime:0.000435s ]

[ 2013-12-06T00:09:29+08:00 ] 127.0.0.1 /github/living/index.php/user/taskJson
INFO: [ app_begin ] --START--
INFO: Run ReadHtmlCache Behavior [ RunTime:0.000135s ]
INFO: [ app_begin ] --END-- [ RunTime:0.000207s ]
SQL: SHOW COLUMNS FROM `task` [ RunTime:0.001202s ]
NOTIC: [8] Undefined index: state /Applications/MAMP/htdocs/github/living/Lib/Action/userAction.class.php 第 79 行.
SQL: SELECT COUNT(*) AS tp_count FROM `task` WHERE ( `uid` = 18 ) LIMIT 1   [ RunTime:0.000280s ]
SQL: SELECT * FROM `task` WHERE ( `uid` = 18 )  [ RunTime:0.000230s ]

[ 2013-12-06T00:09:30+08:00 ] 127.0.0.1 /github/living/index.php/user/taskJson
INFO: [ app_begin ] --START--
INFO: Run ReadHtmlCache Behavior [ RunTime:0.000169s ]
INFO: [ app_begin ] --END-- [ RunTime:0.000258s ]
SQL: SHOW COLUMNS FROM `task` [ RunTime:0.002858s ]
NOTIC: [8] Undefined index: state /Applications/MAMP/htdocs/github/living/Lib/Action/userAction.class.php 第 79 行.
SQL: SELECT COUNT(*) AS tp_count FROM `task` WHERE ( `uid` = 18 ) LIMIT 1   [ RunTime:0.000491s ]
SQL: SELECT * FROM `task` WHERE ( `uid` = 18 )  [ RunTime:0.000740s ]

[ 2013-12-06T00:09:30+08:00 ] 127.0.0.1 /github/living/index.php/user/taskJson
INFO: [ app_begin ] --START--
INFO: Run ReadHtmlCache Behavior [ RunTime:0.000190s ]
INFO: [ app_begin ] --END-- [ RunTime:0.000285s ]
SQL: SHOW COLUMNS FROM `task` [ RunTime:0.002543s ]
NOTIC: [8] Undefined index: state /Applications/MAMP/htdocs/github/living/Lib/Action/userAction.class.php 第 79 行.
SQL: SELECT COUNT(*) AS tp_count FROM `task` WHERE ( `uid` = 18 ) LIMIT 1   [ RunTime:0.000387s ]
SQL: SELECT * FROM `task` WHERE ( `uid` = 18 )  [ RunTime:0.000503s ]

[ 2013-12-06T00:09:30+08:00 ] 127.0.0.1 /github/living/index.php/user/taskJson
INFO: [ app_begin ] --START--
INFO: Run ReadHtmlCache Behavior [ RunTime:0.000189s ]
INFO: [ app_begin ] --END-- [ RunTime:0.000271s ]
SQL: SHOW COLUMNS FROM `task` [ RunTime:0.002759s ]
NOTIC: [8] Undefined index: state /Applications/MAMP/htdocs/github/living/Lib/Action/userAction.class.php 第 79 行.
SQL: SELECT COUNT(*) AS tp_count FROM `task` WHERE ( `uid` = 18 ) LIMIT 1   [ RunTime:0.000380s ]
SQL: SELECT * FROM `task` WHERE ( `uid` = 18 )  [ RunTime:0.000442s ]

[ 2013-12-06T00:09:31+08:00 ] 127.0.0.1 /github/living/index.php/user/taskJson
INFO: [ app_begin ] --START--
INFO: Run ReadHtmlCache Behavior [ RunTime:0.000164s ]
INFO: [ app_begin ] --END-- [ RunTime:0.000257s ]
SQL: SHOW COLUMNS FROM `task` [ RunTime:0.002691s ]
NOTIC: [8] Undefined index: state /Applications/MAMP/htdocs/github/living/Lib/Action/userAction.class.php 第 79 行.
SQL: SELECT COUNT(*) AS tp_count FROM `task` WHERE ( `uid` = 18 ) LIMIT 1   [ RunTime:0.000329s ]
SQL: SELECT * FROM `task` WHERE ( `uid` = 18 )  [ RunTime:0.000500s ]

[ 2013-12-06T00:09:31+08:00 ] 127.0.0.1 /github/living/index.php/user/taskJson
INFO: [ app_begin ] --START--
INFO: Run ReadHtmlCache Behavior [ RunTime:0.000137s ]
INFO: [ app_begin ] --END-- [ RunTime:0.000209s ]
SQL: SHOW COLUMNS FROM `task` [ RunTime:0.002472s ]
NOTIC: [8] Undefined index: state /Applications/MAMP/htdocs/github/living/Lib/Action/userAction.class.php 第 79 行.
SQL: SELECT COUNT(*) AS tp_count FROM `task` WHERE ( `uid` = 18 ) LIMIT 1   [ RunTime:0.000263s ]
SQL: SELECT * FROM `task` WHERE ( `uid` = 18 )  [ RunTime:0.000237s ]

[ 2013-12-06T00:09:32+08:00 ] 127.0.0.1 /github/living/index.php/user/taskJson
INFO: [ app_begin ] --START--
INFO: Run ReadHtmlCache Behavior [ RunTime:0.000172s ]
INFO: [ app_begin ] --END-- [ RunTime:0.000259s ]
SQL: SHOW COLUMNS FROM `task` [ RunTime:0.002963s ]
NOTIC: [8] Undefined index: state /Applications/MAMP/htdocs/github/living/Lib/Action/userAction.class.php 第 79 行.
SQL: SELECT COUNT(*) AS tp_count FROM `task` WHERE ( `uid` = 18 ) LIMIT 1   [ RunTime:0.000447s ]
SQL: SELECT * FROM `task` WHERE ( `uid` = 18 )  [ RunTime:0.000454s ]

[ 2013-12-06T00:09:33+08:00 ] 127.0.0.1 /github/living/index.php/user/taskJson
INFO: [ app_begin ] --START--
INFO: Run ReadHtmlCache Behavior [ RunTime:0.000162s ]
INFO: [ app_begin ] --END-- [ RunTime:0.000261s ]
SQL: SHOW COLUMNS FROM `task` [ RunTime:0.002837s ]
NOTIC: [8] Undefined index: state /Applications/MAMP/htdocs/github/living/Lib/Action/userAction.class.php 第 79 行.
SQL: SELECT COUNT(*) AS tp_count FROM `task` WHERE ( `uid` = 18 ) LIMIT 1   [ RunTime:0.000428s ]
SQL: SELECT * FROM `task` WHERE ( `uid` = 18 )  [ RunTime:0.000348s ]

[ 2013-12-06T00:09:34+08:00 ] 127.0.0.1 /github/living/index.php/user/taskJson
INFO: [ app_begin ] --START--
INFO: Run ReadHtmlCache Behavior [ RunTime:0.000138s ]
INFO: [ app_begin ] --END-- [ RunTime:0.000209s ]
SQL: SHOW COLUMNS FROM `task` [ RunTime:0.002981s ]
NOTIC: [8] Undefined index: state /Applications/MAMP/htdocs/github/living/Lib/Action/userAction.class.php 第 79 行.
SQL: SELECT COUNT(*) AS tp_count FROM `task` WHERE ( `uid` = 18 ) LIMIT 1   [ RunTime:0.000451s ]
SQL: SELECT * FROM `task` WHERE ( `uid` = 18 )  [ RunTime:0.000365s ]

[ 2013-12-06T00:09:35+08:00 ] 127.0.0.1 /github/living/index.php/user/taskJson
INFO: [ app_begin ] --START--
INFO: Run ReadHtmlCache Behavior [ RunTime:0.000165s ]
INFO: [ app_begin ] --END-- [ RunTime:0.000259s ]
SQL: SHOW COLUMNS FROM `task` [ RunTime:0.003989s ]
NOTIC: [8] Undefined index: state /Applications/MAMP/htdocs/github/living/Lib/Action/userAction.class.php 第 79 行.
SQL: SELECT COUNT(*) AS tp_count FROM `task` WHERE ( `uid` = 18 ) LIMIT 1   [ RunTime:0.000630s ]
SQL: SELECT * FROM `task` WHERE ( `uid` = 18 )  [ RunTime:0.000480s ]

[ 2013-12-06T00:09:35+08:00 ] 127.0.0.1 /github/living/index.php/user/taskJson
INFO: [ app_begin ] --START--
INFO: Run ReadHtmlCache Behavior [ RunTime:0.000147s ]
INFO: [ app_begin ] --END-- [ RunTime:0.000216s ]
SQL: SHOW COLUMNS FROM `task` [ RunTime:0.002771s ]
NOTIC: [8] Undefined index: state /Applications/MAMP/htdocs/github/living/Lib/Action/userAction.class.php 第 79 行.
SQL: SELECT COUNT(*) AS tp_count FROM `task` WHERE ( `uid` = 18 ) LIMIT 1   [ RunTime:0.000349s ]
SQL: SELECT * FROM `task` WHERE ( `uid` = 18 )  [ RunTime:0.000376s ]

[ 2013-12-06T00:09:36+08:00 ] 127.0.0.1 /github/living/index.php/user/taskJson
INFO: [ app_begin ] --START--
INFO: Run ReadHtmlCache Behavior [ RunTime:0.000135s ]
INFO: [ app_begin ] --END-- [ RunTime:0.000204s ]
SQL: SHOW COLUMNS FROM `task` [ RunTime:0.002680s ]
NOTIC: [8] Undefined index: state /Applications/MAMP/htdocs/github/living/Lib/Action/userAction.class.php 第 79 行.
SQL: SELECT COUNT(*) AS tp_count FROM `task` WHERE ( `uid` = 18 ) LIMIT 1   [ RunTime:0.000395s ]
SQL: SELECT * FROM `task` WHERE ( `uid` = 18 )  [ RunTime:0.000298s ]

[ 2013-12-06T00:09:39+08:00 ] 127.0.0.1 /github/living/index.php/user/taskJson
INFO: [ app_begin ] --START--
INFO: Run ReadHtmlCache Behavior [ RunTime:0.000178s ]
INFO: [ app_begin ] --END-- [ RunTime:0.000268s ]
SQL: SHOW COLUMNS FROM `task` [ RunTime:0.002859s ]
NOTIC: [8] Undefined index: state /Applications/MAMP/htdocs/github/living/Lib/Action/userAction.class.php 第 79 行.
SQL: SELECT COUNT(*) AS tp_count FROM `task` WHERE ( `uid` = 18 ) LIMIT 1   [ RunTime:0.000392s ]
SQL: SELECT * FROM `task` WHERE ( `uid` = 18 )  [ RunTime:0.000307s ]

[ 2013-12-06T00:10:37+08:00 ] 127.0.0.1 /github/living/index.php/user/taskJson
INFO: [ app_begin ] --START--
INFO: Run ReadHtmlCache Behavior [ RunTime:0.000170s ]
INFO: [ app_begin ] --END-- [ RunTime:0.000257s ]
SQL: SHOW COLUMNS FROM `task` [ RunTime:0.002769s ]
NOTIC: [8] Undefined index: state /Applications/MAMP/htdocs/github/living/Lib/Action/userAction.class.php 第 79 行.
SQL: SELECT COUNT(*) AS tp_count FROM `task` WHERE ( `uid` = 18 ) LIMIT 1   [ RunTime:0.000309s ]
SQL: SELECT * FROM `task` WHERE ( `uid` = 18 )  [ RunTime:0.000298s ]

[ 2013-12-06T00:11:30+08:00 ] 127.0.0.1 /github/living/index.php/user/taskJson
INFO: [ app_begin ] --START--
INFO: Run ReadHtmlCache Behavior [ RunTime:0.000184s ]
INFO: [ app_begin ] --END-- [ RunTime:0.000278s ]
SQL: SHOW COLUMNS FROM `task` [ RunTime:0.001418s ]
NOTIC: [8] Undefined index: state /Applications/MAMP/htdocs/github/living/Lib/Action/userAction.class.php 第 79 行.
SQL: SELECT COUNT(*) AS tp_count FROM `task` WHERE ( `uid` = 18 ) LIMIT 1   [ RunTime:0.000341s ]
SQL: SELECT * FROM `task` WHERE ( `uid` = 18 )  [ RunTime:0.000308s ]

[ 2013-12-06T00:11:32+08:00 ] 127.0.0.1 /github/living/index.php/user/taskJson
INFO: [ app_begin ] --START--
INFO: Run ReadHtmlCache Behavior [ RunTime:0.000135s ]
INFO: [ app_begin ] --END-- [ RunTime:0.000206s ]
SQL: SHOW COLUMNS FROM `task` [ RunTime:0.001411s ]
SQL: SELECT COUNT(*) AS tp_count FROM `task` WHERE ( `uid` = 18 ) AND ( `state` = 1 ) LIMIT 1   [ RunTime:0.000305s ]
SQL: SELECT * FROM `task` WHERE ( `uid` = 18 ) AND ( `state` = 1 )  [ RunTime:0.000226s ]

[ 2013-12-06T00:11:33+08:00 ] 127.0.0.1 /github/living/index.php/user/taskJson
INFO: [ app_begin ] --START--
INFO: Run ReadHtmlCache Behavior [ RunTime:0.000201s ]
INFO: [ app_begin ] --END-- [ RunTime:0.000328s ]
SQL: SHOW COLUMNS FROM `task` [ RunTime:0.002476s ]
SQL: SELECT COUNT(*) AS tp_count FROM `task` WHERE ( `uid` = 18 ) AND ( `state` = 3 ) LIMIT 1   [ RunTime:0.000247s ]
SQL: SELECT * FROM `task` WHERE ( `uid` = 18 ) AND ( `state` = 3 )  [ RunTime:0.000187s ]

[ 2013-12-06T00:11:35+08:00 ] 127.0.0.1 /github/living/index.php/user/taskJson
INFO: [ app_begin ] --START--
INFO: Run ReadHtmlCache Behavior [ RunTime:0.000176s ]
INFO: [ app_begin ] --END-- [ RunTime:0.000267s ]
SQL: SHOW COLUMNS FROM `task` [ RunTime:0.003112s ]
NOTIC: [8] Undefined index: state /Applications/MAMP/htdocs/github/living/Lib/Action/userAction.class.php 第 79 行.
SQL: SELECT COUNT(*) AS tp_count FROM `task` WHERE ( `uid` = 18 ) LIMIT 1   [ RunTime:0.000291s ]
SQL: SELECT * FROM `task` WHERE ( `uid` = 18 )  [ RunTime:0.000239s ]

[ 2013-12-06T00:11:35+08:00 ] 127.0.0.1 /github/living/index.php/user/taskJson
INFO: [ app_begin ] --START--
INFO: Run ReadHtmlCache Behavior [ RunTime:0.000201s ]
INFO: [ app_begin ] --END-- [ RunTime:0.000309s ]
SQL: SHOW COLUMNS FROM `task` [ RunTime:0.002744s ]
SQL: SELECT COUNT(*) AS tp_count FROM `task` WHERE ( `uid` = 18 ) AND ( `state` = 1 ) LIMIT 1   [ RunTime:0.000299s ]
SQL: SELECT * FROM `task` WHERE ( `uid` = 18 ) AND ( `state` = 1 )  [ RunTime:0.000271s ]

[ 2013-12-06T00:11:36+08:00 ] 127.0.0.1 /github/living/index.php/user/taskJson
INFO: [ app_begin ] --START--
INFO: Run ReadHtmlCache Behavior [ RunTime:0.000222s ]
INFO: [ app_begin ] --END-- [ RunTime:0.000357s ]
SQL: SHOW COLUMNS FROM `task` [ RunTime:0.001954s ]
SQL: SELECT COUNT(*) AS tp_count FROM `task` WHERE ( `uid` = 18 ) AND ( `state` = 3 ) LIMIT 1   [ RunTime:0.000267s ]
SQL: SELECT * FROM `task` WHERE ( `uid` = 18 ) AND ( `state` = 3 )  [ RunTime:0.000200s ]

[ 2013-12-06T00:13:58+08:00 ] 127.0.0.1 /github/living/index.php/user/taskJson
INFO: [ app_begin ] --START--
INFO: Run ReadHtmlCache Behavior [ RunTime:0.000151s ]
INFO: [ app_begin ] --END-- [ RunTime:0.000236s ]
SQL: SHOW COLUMNS FROM `task` [ RunTime:0.001082s ]
SQL: SELECT COUNT(*) AS tp_count FROM `task` WHERE ( `uid` = 18 ) AND ( `state` = 1 ) LIMIT 1   [ RunTime:0.000249s ]
SQL: SELECT * FROM `task` WHERE ( `uid` = 18 ) AND ( `state` = 1 )  [ RunTime:0.000166s ]

[ 2013-12-06T00:13:58+08:00 ] 127.0.0.1 /github/living/index.php/user/taskJson
INFO: [ app_begin ] --START--
INFO: Run ReadHtmlCache Behavior [ RunTime:0.000190s ]
INFO: [ app_begin ] --END-- [ RunTime:0.000289s ]
SQL: SHOW COLUMNS FROM `task` [ RunTime:0.002765s ]
NOTIC: [8] Undefined index: state /Applications/MAMP/htdocs/github/living/Lib/Action/userAction.class.php 第 79 行.
SQL: SELECT COUNT(*) AS tp_count FROM `task` WHERE ( `uid` = 18 ) LIMIT 1   [ RunTime:0.000547s ]
SQL: SELECT * FROM `task` WHERE ( `uid` = 18 )  [ RunTime:0.000440s ]

[ 2013-12-06T00:13:59+08:00 ] 127.0.0.1 /github/living/index.php/user/taskJson
INFO: [ app_begin ] --START--
INFO: Run ReadHtmlCache Behavior [ RunTime:0.000166s ]
INFO: [ app_begin ] --END-- [ RunTime:0.000268s ]
SQL: SHOW COLUMNS FROM `task` [ RunTime:0.002919s ]
SQL: SELECT COUNT(*) AS tp_count FROM `task` WHERE ( `uid` = 18 ) AND ( `state` = 3 ) LIMIT 1   [ RunTime:0.000242s ]
SQL: SELECT * FROM `task` WHERE ( `uid` = 18 ) AND ( `state` = 3 )  [ RunTime:0.000184s ]

[ 2013-12-06T00:13:59+08:00 ] 127.0.0.1 /github/living/index.php/user/taskJson
INFO: [ app_begin ] --START--
INFO: Run ReadHtmlCache Behavior [ RunTime:0.000417s ]
INFO: [ app_begin ] --END-- [ RunTime:0.000612s ]
SQL: SHOW COLUMNS FROM `task` [ RunTime:0.002895s ]
SQL: SELECT COUNT(*) AS tp_count FROM `task` WHERE ( `uid` = 18 ) AND ( `state` = 1 ) LIMIT 1   [ RunTime:0.000230s ]
SQL: SELECT * FROM `task` WHERE ( `uid` = 18 ) AND ( `state` = 1 )  [ RunTime:0.000177s ]

[ 2013-12-06T00:14:06+08:00 ] 127.0.0.1 /github/living/index.php/note/select
INFO: [ app_begin ] --START--
INFO: Run ReadHtmlCache Behavior [ RunTime:0.000139s ]
INFO: [ app_begin ] --END-- [ RunTime:0.000224s ]
SQL: SHOW COLUMNS FROM `note` [ RunTime:0.001617s ]
SQL: SELECT * FROM `note` WHERE ( `id` = 8 )  [ RunTime:0.000183s ]

[ 2013-12-06T00:14:18+08:00 ] 127.0.0.1 /github/living/index.php/user/taskJson
INFO: [ app_begin ] --START--
INFO: Run ReadHtmlCache Behavior [ RunTime:0.000289s ]
INFO: [ app_begin ] --END-- [ RunTime:0.000432s ]
SQL: SHOW COLUMNS FROM `task` [ RunTime:0.001964s ]
NOTIC: [8] Undefined index: state /Applications/MAMP/htdocs/github/living/Lib/Action/userAction.class.php 第 79 行.
SQL: SELECT COUNT(*) AS tp_count FROM `task` WHERE ( `uid` = 18 ) LIMIT 1   [ RunTime:0.000505s ]
SQL: SELECT * FROM `task` WHERE ( `uid` = 18 )  [ RunTime:0.000435s ]

[ 2013-12-06T00:17:26+08:00 ] 127.0.0.1 /github/living/index.php/user/taskJson
INFO: [ app_begin ] --START--
INFO: Run ReadHtmlCache Behavior [ RunTime:0.000173s ]
INFO: [ app_begin ] --END-- [ RunTime:0.000261s ]
SQL: SHOW COLUMNS FROM `task` [ RunTime:0.001846s ]
NOTIC: [8] Undefined index: state /Applications/MAMP/htdocs/github/living/Lib/Action/userAction.class.php 第 79 行.
SQL: SELECT COUNT(*) AS tp_count FROM `task` WHERE ( `uid` = 19 ) LIMIT 1   [ RunTime:0.001490s ]
SQL: SELECT * FROM `task` WHERE ( `uid` = 19 )  [ RunTime:0.000414s ]

[ 2013-12-06T00:17:28+08:00 ] 127.0.0.1 /github/living/index.php/user/taskJson
INFO: [ app_begin ] --START--
INFO: Run ReadHtmlCache Behavior [ RunTime:0.000136s ]
INFO: [ app_begin ] --END-- [ RunTime:0.000223s ]
SQL: SHOW COLUMNS FROM `task` [ RunTime:0.002849s ]
SQL: SELECT COUNT(*) AS tp_count FROM `task` WHERE ( `uid` = 19 ) AND ( `state` = 1 ) LIMIT 1   [ RunTime:0.000247s ]
SQL: SELECT * FROM `task` WHERE ( `uid` = 19 ) AND ( `state` = 1 )  [ RunTime:0.000190s ]

[ 2013-12-06T00:17:29+08:00 ] 127.0.0.1 /github/living/index.php/user/taskJson
INFO: [ app_begin ] --START--
INFO: Run ReadHtmlCache Behavior [ RunTime:0.000200s ]
INFO: [ app_begin ] --END-- [ RunTime:0.000321s ]
SQL: SHOW COLUMNS FROM `task` [ RunTime:0.002967s ]
SQL: SELECT COUNT(*) AS tp_count FROM `task` WHERE ( `uid` = 19 ) AND ( `state` = 3 ) LIMIT 1   [ RunTime:0.000248s ]
SQL: SELECT * FROM `task` WHERE ( `uid` = 19 ) AND ( `state` = 3 )  [ RunTime:0.000188s ]

[ 2013-12-06T00:17:29+08:00 ] 127.0.0.1 /github/living/index.php/user/taskJson
INFO: [ app_begin ] --START--
INFO: Run ReadHtmlCache Behavior [ RunTime:0.000195s ]
INFO: [ app_begin ] --END-- [ RunTime:0.000302s ]
SQL: SHOW COLUMNS FROM `task` [ RunTime:0.003091s ]
SQL: SELECT COUNT(*) AS tp_count FROM `task` WHERE ( `uid` = 19 ) AND ( `state` = 1 ) LIMIT 1   [ RunTime:0.000439s ]
SQL: SELECT * FROM `task` WHERE ( `uid` = 19 ) AND ( `state` = 1 )  [ RunTime:0.000272s ]

[ 2013-12-06T00:17:30+08:00 ] 127.0.0.1 /github/living/index.php/user/taskJson
INFO: [ app_begin ] --START--
INFO: Run ReadHtmlCache Behavior [ RunTime:0.000173s ]
INFO: [ app_begin ] --END-- [ RunTime:0.000277s ]
SQL: SHOW COLUMNS FROM `task` [ RunTime:0.002764s ]
NOTIC: [8] Undefined index: state /Applications/MAMP/htdocs/github/living/Lib/Action/userAction.class.php 第 79 行.
SQL: SELECT COUNT(*) AS tp_count FROM `task` WHERE ( `uid` = 19 ) LIMIT 1   [ RunTime:0.000268s ]
SQL: SELECT * FROM `task` WHERE ( `uid` = 19 )  [ RunTime:0.000166s ]

[ 2013-12-06T00:17:31+08:00 ] 127.0.0.1 /github/living/index.php/user/taskJson
INFO: [ app_begin ] --START--
INFO: Run ReadHtmlCache Behavior [ RunTime:0.000201s ]
INFO: [ app_begin ] --END-- [ RunTime:0.000308s ]
SQL: SHOW COLUMNS FROM `task` [ RunTime:0.002979s ]
SQL: SELECT COUNT(*) AS tp_count FROM `task` WHERE ( `uid` = 19 ) AND ( `state` = 1 ) LIMIT 1   [ RunTime:0.000308s ]
SQL: SELECT * FROM `task` WHERE ( `uid` = 19 ) AND ( `state` = 1 )  [ RunTime:0.000198s ]

[ 2013-12-06T00:26:54+08:00 ] 127.0.0.1 /github/living/index.php/user/taskJson
INFO: [ app_begin ] --START--
INFO: Run ReadHtmlCache Behavior [ RunTime:0.000230s ]
INFO: [ app_begin ] --END-- [ RunTime:0.000413s ]
SQL: SHOW COLUMNS FROM `task` [ RunTime:0.001513s ]
NOTIC: [8] Undefined index: state /Applications/MAMP/htdocs/github/living/Lib/Action/userAction.class.php 第 79 行.
SQL: SELECT COUNT(*) AS tp_count FROM `task` WHERE ( `uid` = 19 ) LIMIT 1   [ RunTime:0.000345s ]
SQL: SELECT * FROM `task` WHERE ( `uid` = 19 )  [ RunTime:0.000171s ]

[ 2013-12-06T00:26:55+08:00 ] 127.0.0.1 /github/living/index.php/user/taskJson
INFO: [ app_begin ] --START--
INFO: Run ReadHtmlCache Behavior [ RunTime:0.000131s ]
INFO: [ app_begin ] --END-- [ RunTime:0.000198s ]
SQL: SHOW COLUMNS FROM `task` [ RunTime:0.003005s ]
NOTIC: [8] Undefined index: state /Applications/MAMP/htdocs/github/living/Lib/Action/userAction.class.php 第 79 行.
SQL: SELECT COUNT(*) AS tp_count FROM `task` WHERE ( `uid` = 19 ) LIMIT 1   [ RunTime:0.000224s ]
SQL: SELECT * FROM `task` WHERE ( `uid` = 19 )  [ RunTime:0.000172s ]

[ 2013-12-06T00:26:55+08:00 ] 127.0.0.1 /github/living/index.php/user/taskJson
INFO: [ app_begin ] --START--
INFO: Run ReadHtmlCache Behavior [ RunTime:0.000218s ]
INFO: [ app_begin ] --END-- [ RunTime:0.000334s ]
SQL: SHOW COLUMNS FROM `task` [ RunTime:0.003040s ]
NOTIC: [8] Undefined index: state /Applications/MAMP/htdocs/github/living/Lib/Action/userAction.class.php 第 79 行.
SQL: SELECT COUNT(*) AS tp_count FROM `task` WHERE ( `uid` = 19 ) LIMIT 1   [ RunTime:0.000252s ]
SQL: SELECT * FROM `task` WHERE ( `uid` = 19 )  [ RunTime:0.000166s ]

[ 2013-12-06T00:27:12+08:00 ] 127.0.0.1 /github/living/index.php/user/taskJson
INFO: [ app_begin ] --START--
INFO: Run ReadHtmlCache Behavior [ RunTime:0.000209s ]
INFO: [ app_begin ] --END-- [ RunTime:0.000317s ]
SQL: SHOW COLUMNS FROM `task` [ RunTime:0.001909s ]
NOTIC: [8] Undefined index: state /Applications/MAMP/htdocs/github/living/Lib/Action/userAction.class.php 第 79 行.
SQL: SELECT COUNT(*) AS tp_count FROM `task` WHERE ( `uid` = 18 ) LIMIT 1   [ RunTime:0.002427s ]
SQL: SELECT * FROM `task` WHERE ( `uid` = 18 )  [ RunTime:0.000462s ]

